

Processing FindfileController#index (for 127.0.0.1 at 2010-10-25 18:28:34) [GET]
Rendering findfile/index
Completed in 82ms (View: 77, DB: 0) | 200 OK [http://0.0.0.0/findfile]


Processing FindfileController#index (for 127.0.0.1 at 2010-10-26 09:29:42) [GET]
Rendering findfile/index
ERROR: compiling _run_erb_app47views47findfile47index46html46erb RAISED compile error
/home/peter/software development/ruby/findfile/app/views/findfile/index.html.erb:1: syntax error, unexpected ')'
..._buffer.concat(( form_tag do ).to_s); @output_buffer.concat ...
                              ^
/home/peter/software development/ruby/findfile/app/views/findfile/index.html.erb:3: syntax error, unexpected kENSURE, expecting ')'
/home/peter/software development/ruby/findfile/app/views/findfile/index.html.erb:5: syntax error, unexpected kEND, expecting ')'
Function body:           def _run_erb_app47views47findfile47index46html46erb(local_assigns)
            old_output_buffer = output_buffer;;@output_buffer = '';  __in_erb_template=true ; @output_buffer.concat(( form_tag do ).to_s); @output_buffer.concat " Form contents ";  end ; @output_buffer.concat " \n"
; @output_buffer
          ensure
            self.output_buffer = old_output_buffer
          end
Backtrace: /home/peter/software development/ruby/findfile/app/views/findfile/index.html.erb:5:in `compile!'
/usr/lib/ruby/gems/1.8/gems/actionpack-2.3.8/lib/action_view/renderable.rb:61:in `compile'
/usr/lib/ruby/gems/1.8/gems/actionpack-2.3.8/lib/action_view/renderable.rb:28:in `render'
/usr/lib/ruby/gems/1.8/gems/actionpack-2.3.8/lib/action_view/template.rb:205:in `render_template'
/usr/lib/ruby/gems/1.8/gems/actionpack-2.3.8/lib/action_view/base.rb:265:in `render'
/usr/lib/ruby/gems/1.8/gems/actionpack-2.3.8/lib/action_controller/base.rb:1250:in `render_for_file'
/usr/lib/ruby/gems/1.8/gems/actionpack-2.3.8/lib/action_controller/base.rb:936:in `render_without_benchmark'
/usr/lib/ruby/gems/1.8/gems/actionpack-2.3.8/lib/action_controller/benchmarking.rb:51:in `render'
/usr/lib/ruby/gems/1.8/gems/activesupport-2.3.8/lib/active_support/core_ext/benchmark.rb:17:in `ms'
/usr/lib/ruby/1.8/benchmark.rb:308:in `realtime'
/usr/lib/ruby/gems/1.8/gems/activesupport-2.3.8/lib/active_support/core_ext/benchmark.rb:17:in `ms'
/usr/lib/ruby/gems/1.8/gems/actionpack-2.3.8/lib/action_controller/benchmarking.rb:51:in `render'
/usr/lib/ruby/gems/1.8/gems/actionpack-2.3.8/lib/action_controller/base.rb:1326:in `default_render'
/usr/lib/ruby/gems/1.8/gems/actionpack-2.3.8/lib/action_controller/base.rb:1332:in `perform_action_without_filters'
/usr/lib/ruby/gems/1.8/gems/actionpack-2.3.8/lib/action_controller/filters.rb:617:in `call_filters'
/usr/lib/ruby/gems/1.8/gems/actionpack-2.3.8/lib/action_controller/filters.rb:610:in `perform_action_without_benchmark'
/usr/lib/ruby/gems/1.8/gems/actionpack-2.3.8/lib/action_controller/benchmarking.rb:68:in `perform_action_without_rescue'
/usr/lib/ruby/gems/1.8/gems/activesupport-2.3.8/lib/active_support/core_ext/benchmark.rb:17:in `ms'
/usr/lib/ruby/1.8/benchmark.rb:308:in `realtime'
/usr/lib/ruby/gems/1.8/gems/activesupport-2.3.8/lib/active_support/core_ext/benchmark.rb:17:in `ms'
/usr/lib/ruby/gems/1.8/gems/actionpack-2.3.8/lib/action_controller/benchmarking.rb:68:in `perform_action_without_rescue'
/usr/lib/ruby/gems/1.8/gems/actionpack-2.3.8/lib/action_controller/rescue.rb:160:in `perform_action_without_flash'
/usr/lib/ruby/gems/1.8/gems/actionpack-2.3.8/lib/action_controller/flash.rb:151:in `perform_action'
/usr/lib/ruby/gems/1.8/gems/actionpack-2.3.8/lib/action_controller/base.rb:532:in `send'
/usr/lib/ruby/gems/1.8/gems/actionpack-2.3.8/lib/action_controller/base.rb:532:in `process_without_filters'
/usr/lib/ruby/gems/1.8/gems/actionpack-2.3.8/lib/action_controller/filters.rb:606:in `process'
/usr/lib/ruby/gems/1.8/gems/actionpack-2.3.8/lib/action_controller/base.rb:391:in `process'
/usr/lib/ruby/gems/1.8/gems/actionpack-2.3.8/lib/action_controller/base.rb:386:in `call'
/usr/lib/ruby/gems/1.8/gems/actionpack-2.3.8/lib/action_controller/routing/route_set.rb:438:in `call'
/usr/lib/ruby/gems/1.8/gems/actionpack-2.3.8/lib/action_controller/dispatcher.rb:87:in `dispatch'
/usr/lib/ruby/gems/1.8/gems/actionpack-2.3.8/lib/action_controller/dispatcher.rb:121:in `_call'
/usr/lib/ruby/gems/1.8/gems/actionpack-2.3.8/lib/action_controller/dispatcher.rb:130
/usr/lib/ruby/gems/1.8/gems/activerecord-2.3.8/lib/active_record/query_cache.rb:29:in `call'
/usr/lib/ruby/gems/1.8/gems/activerecord-2.3.8/lib/active_record/query_cache.rb:29:in `call'
/usr/lib/ruby/gems/1.8/gems/activerecord-2.3.8/lib/active_record/connection_adapters/abstract/query_cache.rb:34:in `cache'
/usr/lib/ruby/gems/1.8/gems/activerecord-2.3.8/lib/active_record/query_cache.rb:9:in `cache'
/usr/lib/ruby/gems/1.8/gems/activerecord-2.3.8/lib/active_record/query_cache.rb:28:in `call'
/usr/lib/ruby/gems/1.8/gems/activerecord-2.3.8/lib/active_record/connection_adapters/abstract/connection_pool.rb:361:in `call'
/usr/lib/ruby/gems/1.8/gems/actionpack-2.3.8/lib/action_controller/string_coercion.rb:25:in `call'
/usr/lib/ruby/gems/1.8/gems/rack-1.1.0/lib/rack/head.rb:9:in `call'
/usr/lib/ruby/gems/1.8/gems/rack-1.1.0/lib/rack/methodoverride.rb:24:in `call'
/usr/lib/ruby/gems/1.8/gems/actionpack-2.3.8/lib/action_controller/params_parser.rb:15:in `call'
/usr/lib/ruby/gems/1.8/gems/actionpack-2.3.8/lib/action_controller/session/cookie_store.rb:99:in `call'
/usr/lib/ruby/gems/1.8/gems/actionpack-2.3.8/lib/action_controller/failsafe.rb:26:in `call'
/usr/lib/ruby/gems/1.8/gems/rack-1.1.0/lib/rack/lock.rb:11:in `call'
/usr/lib/ruby/gems/1.8/gems/rack-1.1.0/lib/rack/lock.rb:11:in `synchronize'
/usr/lib/ruby/gems/1.8/gems/rack-1.1.0/lib/rack/lock.rb:11:in `call'
/usr/lib/ruby/gems/1.8/gems/actionpack-2.3.8/lib/action_controller/dispatcher.rb:114:in `call'
/usr/lib/ruby/gems/1.8/gems/actionpack-2.3.8/lib/action_controller/reloader.rb:34:in `run'
/usr/lib/ruby/gems/1.8/gems/actionpack-2.3.8/lib/action_controller/dispatcher.rb:108:in `call'
/usr/lib/ruby/gems/1.8/gems/rails-2.3.8/lib/rails/rack/static.rb:31:in `call'
/usr/lib/ruby/gems/1.8/gems/rack-1.1.0/lib/rack/urlmap.rb:47:in `call'
/usr/lib/ruby/gems/1.8/gems/rack-1.1.0/lib/rack/urlmap.rb:41:in `each'
/usr/lib/ruby/gems/1.8/gems/rack-1.1.0/lib/rack/urlmap.rb:41:in `call'
/usr/lib/ruby/gems/1.8/gems/rails-2.3.8/lib/rails/rack/log_tailer.rb:17:in `call'
/usr/lib/ruby/gems/1.8/gems/rack-1.1.0/lib/rack/content_length.rb:13:in `call'
/usr/lib/ruby/gems/1.8/gems/rack-1.1.0/lib/rack/handler/webrick.rb:48:in `service'
/usr/lib/ruby/1.8/webrick/httpserver.rb:104:in `service'
/usr/lib/ruby/1.8/webrick/httpserver.rb:65:in `run'
/usr/lib/ruby/1.8/webrick/server.rb:173:in `start_thread'
/usr/lib/ruby/1.8/webrick/server.rb:162:in `start'
/usr/lib/ruby/1.8/webrick/server.rb:162:in `start_thread'
/usr/lib/ruby/1.8/webrick/server.rb:95:in `start'
/usr/lib/ruby/1.8/webrick/server.rb:92:in `each'
/usr/lib/ruby/1.8/webrick/server.rb:92:in `start'
/usr/lib/ruby/1.8/webrick/server.rb:23:in `start'
/usr/lib/ruby/1.8/webrick/server.rb:82:in `start'
/usr/lib/ruby/gems/1.8/gems/rack-1.1.0/lib/rack/handler/webrick.rb:14:in `run'
/usr/lib/ruby/gems/1.8/gems/rails-2.3.8/lib/commands/server.rb:111
/usr/local/lib/site_ruby/1.8/rubygems/custom_require.rb:31:in `gem_original_require'
/usr/local/lib/site_ruby/1.8/rubygems/custom_require.rb:31:in `require'
script/server:3

ActionView::TemplateError (compile error
/home/peter/software development/ruby/findfile/app/views/findfile/index.html.erb:1: syntax error, unexpected ')'
..._buffer.concat(( form_tag do ).to_s); @output_buffer.concat ...
                              ^
/home/peter/software development/ruby/findfile/app/views/findfile/index.html.erb:3: syntax error, unexpected kENSURE, expecting ')'
/home/peter/software development/ruby/findfile/app/views/findfile/index.html.erb:5: syntax error, unexpected kEND, expecting ')') on line #1 of app/views/findfile/index.html.erb:
1: <%= form_tag do %> Form contents <% end %> 

    app/views/findfile/index.html.erb:5:in `compile!'
    /usr/lib/ruby/1.8/webrick/httpserver.rb:104:in `service'
    /usr/lib/ruby/1.8/webrick/httpserver.rb:65:in `run'
    /usr/lib/ruby/1.8/webrick/server.rb:173:in `start_thread'
    /usr/lib/ruby/1.8/webrick/server.rb:162:in `start'
    /usr/lib/ruby/1.8/webrick/server.rb:162:in `start_thread'
    /usr/lib/ruby/1.8/webrick/server.rb:95:in `start'
    /usr/lib/ruby/1.8/webrick/server.rb:92:in `each'
    /usr/lib/ruby/1.8/webrick/server.rb:92:in `start'
    /usr/lib/ruby/1.8/webrick/server.rb:23:in `start'
    /usr/lib/ruby/1.8/webrick/server.rb:82:in `start'

Rendered rescues/_trace (37.0ms)
Rendered rescues/_request_and_response (1.7ms)
Rendering rescues/layout (internal_server_error)


Processing FindfileController#index (for 127.0.0.1 at 2010-10-26 09:36:31) [GET]
Rendering findfile/index
ERROR: compiling _run_erb_app47views47findfile47index46html46erb RAISED compile error
/home/peter/software development/ruby/findfile/app/views/findfile/index.html.erb:3: syntax error, unexpected kENSURE, expecting $end
Function body:           def _run_erb_app47views47findfile47index46html46erb(local_assigns)
            old_output_buffer = output_buffer;;@output_buffer = '';  __in_erb_template=true ; @output_buffer.concat(( form_tag ).to_s); @output_buffer.concat " Form contents ";  end ; @output_buffer.concat " \n"
; @output_buffer
          ensure
            self.output_buffer = old_output_buffer
          end
Backtrace: /home/peter/software development/ruby/findfile/app/views/findfile/index.html.erb:3:in `compile!'
/usr/lib/ruby/gems/1.8/gems/actionpack-2.3.8/lib/action_view/renderable.rb:61:in `compile'
/usr/lib/ruby/gems/1.8/gems/actionpack-2.3.8/lib/action_view/renderable.rb:28:in `render'
/usr/lib/ruby/gems/1.8/gems/actionpack-2.3.8/lib/action_view/template.rb:205:in `render_template'
/usr/lib/ruby/gems/1.8/gems/actionpack-2.3.8/lib/action_view/base.rb:265:in `render'
/usr/lib/ruby/gems/1.8/gems/actionpack-2.3.8/lib/action_controller/base.rb:1250:in `render_for_file'
/usr/lib/ruby/gems/1.8/gems/actionpack-2.3.8/lib/action_controller/base.rb:936:in `render_without_benchmark'
/usr/lib/ruby/gems/1.8/gems/actionpack-2.3.8/lib/action_controller/benchmarking.rb:51:in `render'
/usr/lib/ruby/gems/1.8/gems/activesupport-2.3.8/lib/active_support/core_ext/benchmark.rb:17:in `ms'
/usr/lib/ruby/1.8/benchmark.rb:308:in `realtime'
/usr/lib/ruby/gems/1.8/gems/activesupport-2.3.8/lib/active_support/core_ext/benchmark.rb:17:in `ms'
/usr/lib/ruby/gems/1.8/gems/actionpack-2.3.8/lib/action_controller/benchmarking.rb:51:in `render'
/usr/lib/ruby/gems/1.8/gems/actionpack-2.3.8/lib/action_controller/base.rb:1326:in `default_render'
/usr/lib/ruby/gems/1.8/gems/actionpack-2.3.8/lib/action_controller/base.rb:1332:in `perform_action_without_filters'
/usr/lib/ruby/gems/1.8/gems/actionpack-2.3.8/lib/action_controller/filters.rb:617:in `call_filters'
/usr/lib/ruby/gems/1.8/gems/actionpack-2.3.8/lib/action_controller/filters.rb:610:in `perform_action_without_benchmark'
/usr/lib/ruby/gems/1.8/gems/actionpack-2.3.8/lib/action_controller/benchmarking.rb:68:in `perform_action_without_rescue'
/usr/lib/ruby/gems/1.8/gems/activesupport-2.3.8/lib/active_support/core_ext/benchmark.rb:17:in `ms'
/usr/lib/ruby/1.8/benchmark.rb:308:in `realtime'
/usr/lib/ruby/gems/1.8/gems/activesupport-2.3.8/lib/active_support/core_ext/benchmark.rb:17:in `ms'
/usr/lib/ruby/gems/1.8/gems/actionpack-2.3.8/lib/action_controller/benchmarking.rb:68:in `perform_action_without_rescue'
/usr/lib/ruby/gems/1.8/gems/actionpack-2.3.8/lib/action_controller/rescue.rb:160:in `perform_action_without_flash'
/usr/lib/ruby/gems/1.8/gems/actionpack-2.3.8/lib/action_controller/flash.rb:151:in `perform_action'
/usr/lib/ruby/gems/1.8/gems/actionpack-2.3.8/lib/action_controller/base.rb:532:in `send'
/usr/lib/ruby/gems/1.8/gems/actionpack-2.3.8/lib/action_controller/base.rb:532:in `process_without_filters'
/usr/lib/ruby/gems/1.8/gems/actionpack-2.3.8/lib/action_controller/filters.rb:606:in `process'
/usr/lib/ruby/gems/1.8/gems/actionpack-2.3.8/lib/action_controller/base.rb:391:in `process'
/usr/lib/ruby/gems/1.8/gems/actionpack-2.3.8/lib/action_controller/base.rb:386:in `call'
/usr/lib/ruby/gems/1.8/gems/actionpack-2.3.8/lib/action_controller/routing/route_set.rb:438:in `call'
/usr/lib/ruby/gems/1.8/gems/actionpack-2.3.8/lib/action_controller/dispatcher.rb:87:in `dispatch'
/usr/lib/ruby/gems/1.8/gems/actionpack-2.3.8/lib/action_controller/dispatcher.rb:121:in `_call'
/usr/lib/ruby/gems/1.8/gems/actionpack-2.3.8/lib/action_controller/dispatcher.rb:130
/usr/lib/ruby/gems/1.8/gems/activerecord-2.3.8/lib/active_record/query_cache.rb:29:in `call'
/usr/lib/ruby/gems/1.8/gems/activerecord-2.3.8/lib/active_record/query_cache.rb:29:in `call'
/usr/lib/ruby/gems/1.8/gems/activerecord-2.3.8/lib/active_record/connection_adapters/abstract/query_cache.rb:34:in `cache'
/usr/lib/ruby/gems/1.8/gems/activerecord-2.3.8/lib/active_record/query_cache.rb:9:in `cache'
/usr/lib/ruby/gems/1.8/gems/activerecord-2.3.8/lib/active_record/query_cache.rb:28:in `call'
/usr/lib/ruby/gems/1.8/gems/activerecord-2.3.8/lib/active_record/connection_adapters/abstract/connection_pool.rb:361:in `call'
/usr/lib/ruby/gems/1.8/gems/actionpack-2.3.8/lib/action_controller/string_coercion.rb:25:in `call'
/usr/lib/ruby/gems/1.8/gems/rack-1.1.0/lib/rack/head.rb:9:in `call'
/usr/lib/ruby/gems/1.8/gems/rack-1.1.0/lib/rack/methodoverride.rb:24:in `call'
/usr/lib/ruby/gems/1.8/gems/actionpack-2.3.8/lib/action_controller/params_parser.rb:15:in `call'
/usr/lib/ruby/gems/1.8/gems/actionpack-2.3.8/lib/action_controller/session/cookie_store.rb:99:in `call'
/usr/lib/ruby/gems/1.8/gems/actionpack-2.3.8/lib/action_controller/failsafe.rb:26:in `call'
/usr/lib/ruby/gems/1.8/gems/rack-1.1.0/lib/rack/lock.rb:11:in `call'
/usr/lib/ruby/gems/1.8/gems/rack-1.1.0/lib/rack/lock.rb:11:in `synchronize'
/usr/lib/ruby/gems/1.8/gems/rack-1.1.0/lib/rack/lock.rb:11:in `call'
/usr/lib/ruby/gems/1.8/gems/actionpack-2.3.8/lib/action_controller/dispatcher.rb:114:in `call'
/usr/lib/ruby/gems/1.8/gems/actionpack-2.3.8/lib/action_controller/reloader.rb:34:in `run'
/usr/lib/ruby/gems/1.8/gems/actionpack-2.3.8/lib/action_controller/dispatcher.rb:108:in `call'
/usr/lib/ruby/gems/1.8/gems/rails-2.3.8/lib/rails/rack/static.rb:31:in `call'
/usr/lib/ruby/gems/1.8/gems/rack-1.1.0/lib/rack/urlmap.rb:47:in `call'
/usr/lib/ruby/gems/1.8/gems/rack-1.1.0/lib/rack/urlmap.rb:41:in `each'
/usr/lib/ruby/gems/1.8/gems/rack-1.1.0/lib/rack/urlmap.rb:41:in `call'
/usr/lib/ruby/gems/1.8/gems/rails-2.3.8/lib/rails/rack/log_tailer.rb:17:in `call'
/usr/lib/ruby/gems/1.8/gems/rack-1.1.0/lib/rack/content_length.rb:13:in `call'
/usr/lib/ruby/gems/1.8/gems/rack-1.1.0/lib/rack/handler/webrick.rb:48:in `service'
/usr/lib/ruby/1.8/webrick/httpserver.rb:104:in `service'
/usr/lib/ruby/1.8/webrick/httpserver.rb:65:in `run'
/usr/lib/ruby/1.8/webrick/server.rb:173:in `start_thread'
/usr/lib/ruby/1.8/webrick/server.rb:162:in `start'
/usr/lib/ruby/1.8/webrick/server.rb:162:in `start_thread'
/usr/lib/ruby/1.8/webrick/server.rb:95:in `start'
/usr/lib/ruby/1.8/webrick/server.rb:92:in `each'
/usr/lib/ruby/1.8/webrick/server.rb:92:in `start'
/usr/lib/ruby/1.8/webrick/server.rb:23:in `start'
/usr/lib/ruby/1.8/webrick/server.rb:82:in `start'
/usr/lib/ruby/gems/1.8/gems/rack-1.1.0/lib/rack/handler/webrick.rb:14:in `run'
/usr/lib/ruby/gems/1.8/gems/rails-2.3.8/lib/commands/server.rb:111
/usr/local/lib/site_ruby/1.8/rubygems/custom_require.rb:31:in `gem_original_require'
/usr/local/lib/site_ruby/1.8/rubygems/custom_require.rb:31:in `require'
script/server:3

ActionView::TemplateError (compile error
/home/peter/software development/ruby/findfile/app/views/findfile/index.html.erb:3: syntax error, unexpected kENSURE, expecting $end) on line #3 of app/views/findfile/index.html.erb:
1: <%= form_tag %> Form contents <% end %> 

    app/views/findfile/index.html.erb:3:in `compile!'
    /usr/lib/ruby/1.8/webrick/httpserver.rb:104:in `service'
    /usr/lib/ruby/1.8/webrick/httpserver.rb:65:in `run'
    /usr/lib/ruby/1.8/webrick/server.rb:173:in `start_thread'
    /usr/lib/ruby/1.8/webrick/server.rb:162:in `start'
    /usr/lib/ruby/1.8/webrick/server.rb:162:in `start_thread'
    /usr/lib/ruby/1.8/webrick/server.rb:95:in `start'
    /usr/lib/ruby/1.8/webrick/server.rb:92:in `each'
    /usr/lib/ruby/1.8/webrick/server.rb:92:in `start'
    /usr/lib/ruby/1.8/webrick/server.rb:23:in `start'
    /usr/lib/ruby/1.8/webrick/server.rb:82:in `start'

Rendered rescues/_trace (93.6ms)
Rendered rescues/_request_and_response (0.3ms)
Rendering rescues/layout (internal_server_error)


Processing Rails::InfoController#properties (for 127.0.0.1 at 2010-10-26 09:37:14) [GET]
  [4;36;1mSQL (13.5ms)[0m   [0;1m SELECT name
 FROM sqlite_master
 WHERE type = 'table' AND NOT name = 'sqlite_sequence'
[0m
Completed in 158ms (View: 23, DB: 14) | 200 OK [http://0.0.0.0/rails/info/properties]


Processing FindfileController#index (for 127.0.0.1 at 2010-10-26 09:44:00) [GET]
Rendering findfile/index
Completed in 11ms (View: 8, DB: 0) | 200 OK [http://0.0.0.0/findfile]
  [4;36;1mSQL (0.1ms)[0m   [0;1mSET NAMES 'utf8'[0m
  [4;35;1mSQL (0.1ms)[0m   [0mSET SQL_AUTO_IS_NULL=0[0m
  [4;36;1mSQL (0.2ms)[0m   [0;1mSHOW TABLES[0m
  [4;35;1mSQL (135.4ms)[0m   [0mCREATE TABLE `schema_migrations` (`version` varchar(255) NOT NULL) ENGINE=InnoDB[0m
  [4;36;1mSQL (0.6ms)[0m   [0;1mSHOW KEYS FROM `schema_migrations`[0m
  [4;35;1mSQL (189.5ms)[0m   [0mCREATE UNIQUE INDEX `unique_schema_migrations` ON `schema_migrations` (`version`)[0m
  [4;36;1mSQL (0.4ms)[0m   [0;1mSHOW TABLES[0m
  [4;35;1mSQL (0.5ms)[0m   [0mSELECT version FROM schema_migrations[0m
Migrating to CreateFindfiles (20101025211743)
  [4;36;1mSQL (134.7ms)[0m   [0;1mCREATE TABLE `findfiles` (`id` int(11) DEFAULT NULL auto_increment PRIMARY KEY, `created_at` datetime, `updated_at` datetime) ENGINE=InnoDB[0m
  [4;35;1mSQL (54.8ms)[0m   [0mINSERT INTO schema_migrations (version) VALUES ('20101025211743')[0m
Migrating to CreateExtensions (20101026160854)
  [4;36;1mSQL (149.9ms)[0m   [0;1mCREATE TABLE `extensions` (`id` int(11) DEFAULT NULL auto_increment PRIMARY KEY, `name` datetime, `created_at` datetime) ENGINE=InnoDB[0m
  [4;35;1mSQL (54.9ms)[0m   [0mINSERT INTO schema_migrations (version) VALUES ('20101026160854')[0m
Migrating to Extensions (20101026161312)
  [4;36;1mSQL (61.2ms)[0m   [0;1mINSERT INTO schema_migrations (version) VALUES ('20101026161312')[0m
  [4;35;1mSQL (0.5ms)[0m   [0mSHOW TABLES[0m
  [4;36;1mSQL (0.3ms)[0m   [0;1mSELECT version FROM schema_migrations[0m
  [4;35;1mSQL (0.3ms)[0m   [0mSHOW TABLES[0m
  [4;36;1mSQL (1.0ms)[0m   [0;1mSHOW FIELDS FROM `extensions`[0m
  [4;35;1mSQL (0.8ms)[0m   [0mdescribe `extensions`[0m
  [4;36;1mSQL (0.4ms)[0m   [0;1mSHOW KEYS FROM `extensions`[0m
  [4;35;1mSQL (0.9ms)[0m   [0mSHOW FIELDS FROM `findfiles`[0m
  [4;36;1mSQL (0.3ms)[0m   [0;1mdescribe `findfiles`[0m
  [4;35;1mSQL (0.2ms)[0m   [0mSHOW KEYS FROM `findfiles`[0m
  [4;36;1mSQL (0.1ms)[0m   [0;1mSET NAMES 'utf8'[0m
  [4;35;1mSQL (0.1ms)[0m   [0mSET SQL_AUTO_IS_NULL=0[0m
  [4;36;1mSQL (0.2ms)[0m   [0;1mSHOW TABLES[0m
  [4;35;1mSQL (0.1ms)[0m   [0mSELECT version FROM schema_migrations[0m
  [4;36;1mSQL (0.2ms)[0m   [0;1mSHOW TABLES[0m
  [4;35;1mSQL (0.0ms)[0m   [0mSELECT version FROM schema_migrations[0m
Migrating to Extensions (20101026161312)
  [4;36;1mSQL (63.9ms)[0m   [0;1mDELETE FROM schema_migrations WHERE version = '20101026161312'[0m
  [4;35;1mSQL (0.3ms)[0m   [0mSHOW TABLES[0m
  [4;36;1mSQL (0.2ms)[0m   [0;1mSELECT version FROM schema_migrations[0m
  [4;35;1mSQL (0.1ms)[0m   [0mSHOW TABLES[0m
  [4;36;1mSQL (0.5ms)[0m   [0;1mSHOW FIELDS FROM `extensions`[0m
  [4;35;1mSQL (0.7ms)[0m   [0mdescribe `extensions`[0m
  [4;36;1mSQL (0.2ms)[0m   [0;1mSHOW KEYS FROM `extensions`[0m
  [4;35;1mSQL (0.4ms)[0m   [0mSHOW FIELDS FROM `findfiles`[0m
  [4;36;1mSQL (0.4ms)[0m   [0;1mdescribe `findfiles`[0m
  [4;35;1mSQL (0.2ms)[0m   [0mSHOW KEYS FROM `findfiles`[0m
  [4;36;1mSQL (0.4ms)[0m   [0;1mSHOW TABLES[0m
  [4;35;1mSQL (0.1ms)[0m   [0mSELECT version FROM schema_migrations[0m
Migrating to CreateFindfiles (20101025211743)
Migrating to CreateExtensions (20101026160854)
Migrating to Extensions (20101026161312)
  [4;36;1mSQL (63.2ms)[0m   [0;1mINSERT INTO schema_migrations (version) VALUES ('20101026161312')[0m
  [4;35;1mSQL (0.3ms)[0m   [0mSHOW TABLES[0m
  [4;36;1mSQL (0.2ms)[0m   [0;1mSELECT version FROM schema_migrations[0m
  [4;35;1mSQL (0.1ms)[0m   [0mSHOW TABLES[0m
  [4;36;1mSQL (0.4ms)[0m   [0;1mSHOW FIELDS FROM `extensions`[0m
  [4;35;1mSQL (0.3ms)[0m   [0mdescribe `extensions`[0m
  [4;36;1mSQL (0.5ms)[0m   [0;1mSHOW KEYS FROM `extensions`[0m
  [4;35;1mSQL (0.4ms)[0m   [0mSHOW FIELDS FROM `findfiles`[0m
  [4;36;1mSQL (0.3ms)[0m   [0;1mdescribe `findfiles`[0m
  [4;35;1mSQL (0.2ms)[0m   [0mSHOW KEYS FROM `findfiles`[0m
  [4;36;1mSQL (0.1ms)[0m   [0;1mSET NAMES 'utf8'[0m
  [4;35;1mSQL (0.1ms)[0m   [0mSET SQL_AUTO_IS_NULL=0[0m
  [4;36;1mSQL (0.4ms)[0m   [0;1mSHOW TABLES[0m
  [4;35;1mSQL (119.3ms)[0m   [0mCREATE TABLE `schema_migrations` (`version` varchar(255) NOT NULL) ENGINE=InnoDB[0m
  [4;36;1mSQL (0.7ms)[0m   [0;1mSHOW KEYS FROM `schema_migrations`[0m
  [4;35;1mSQL (233.7ms)[0m   [0mCREATE UNIQUE INDEX `unique_schema_migrations` ON `schema_migrations` (`version`)[0m
  [4;36;1mSQL (0.4ms)[0m   [0;1mSHOW TABLES[0m
  [4;35;1mSQL (0.4ms)[0m   [0mSELECT version FROM schema_migrations[0m
Migrating to CreateExtensions (20101026160854)
  [4;36;1mSQL (148.7ms)[0m   [0;1mCREATE TABLE `extensions` (`id` int(11) DEFAULT NULL auto_increment PRIMARY KEY, `name` varchar(255), `created_at` datetime) ENGINE=InnoDB[0m
  [4;35;1mExtension Columns (0.6ms)[0m   [0mSHOW FIELDS FROM `extensions`[0m
  [4;36;1mSQL (0.1ms)[0m   [0;1mBEGIN[0m
  [4;35;1mExtension Create (0.2ms)[0m   [0mINSERT INTO `extensions` (`name`, `created_at`) VALUES('jpeg', '2010-10-26 16:59:03')[0m
  [4;36;1mSQL (56.3ms)[0m   [0;1mCOMMIT[0m
  [4;35;1mSQL (0.1ms)[0m   [0mBEGIN[0m
  [4;36;1mExtension Create (0.3ms)[0m   [0;1mINSERT INTO `extensions` (`name`, `created_at`) VALUES('JPEG', '2010-10-26 16:59:03')[0m
  [4;35;1mSQL (62.9ms)[0m   [0mCOMMIT[0m
  [4;36;1mSQL (0.1ms)[0m   [0;1mBEGIN[0m
  [4;35;1mExtension Create (0.4ms)[0m   [0mINSERT INTO `extensions` (`name`, `created_at`) VALUES('jpg', '2010-10-26 16:59:03')[0m
  [4;36;1mSQL (62.5ms)[0m   [0;1mCOMMIT[0m
  [4;35;1mSQL (0.2ms)[0m   [0mBEGIN[0m
  [4;36;1mExtension Create (0.3ms)[0m   [0;1mINSERT INTO `extensions` (`name`, `created_at`) VALUES('JPG', '2010-10-26 16:59:03')[0m
  [4;35;1mSQL (62.6ms)[0m   [0mCOMMIT[0m
  [4;36;1mSQL (0.1ms)[0m   [0;1mBEGIN[0m
  [4;35;1mExtension Create (0.3ms)[0m   [0mINSERT INTO `extensions` (`name`, `created_at`) VALUES('gif', '2010-10-26 16:59:04')[0m
  [4;36;1mSQL (62.7ms)[0m   [0;1mCOMMIT[0m
  [4;35;1mSQL (0.1ms)[0m   [0mBEGIN[0m
  [4;36;1mExtension Create (0.3ms)[0m   [0;1mINSERT INTO `extensions` (`name`, `created_at`) VALUES('GIF', '2010-10-26 16:59:04')[0m
  [4;35;1mSQL (64.4ms)[0m   [0mCOMMIT[0m
  [4;36;1mSQL (0.1ms)[0m   [0;1mBEGIN[0m
  [4;35;1mExtension Create (0.8ms)[0m   [0mINSERT INTO `extensions` (`name`, `created_at`) VALUES('png', '2010-10-26 16:59:04')[0m
  [4;36;1mSQL (63.0ms)[0m   [0;1mCOMMIT[0m
  [4;35;1mSQL (0.1ms)[0m   [0mBEGIN[0m
  [4;36;1mExtension Create (0.3ms)[0m   [0;1mINSERT INTO `extensions` (`name`, `created_at`) VALUES('PNG', '2010-10-26 16:59:04')[0m
  [4;35;1mSQL (62.6ms)[0m   [0mCOMMIT[0m
  [4;36;1mSQL (66.2ms)[0m   [0;1mINSERT INTO schema_migrations (version) VALUES ('20101026160854')[0m
  [4;35;1mSQL (0.3ms)[0m   [0mSHOW TABLES[0m
  [4;36;1mSQL (0.2ms)[0m   [0;1mSELECT version FROM schema_migrations[0m
  [4;35;1mSQL (0.1ms)[0m   [0mSHOW TABLES[0m
  [4;36;1mSQL (0.5ms)[0m   [0;1mSHOW FIELDS FROM `extensions`[0m
  [4;35;1mSQL (0.4ms)[0m   [0mdescribe `extensions`[0m
  [4;36;1mSQL (0.2ms)[0m   [0;1mSHOW KEYS FROM `extensions`[0m
  [4;36;1mSQL (0.1ms)[0m   [0;1mSET NAMES 'utf8'[0m
  [4;35;1mSQL (0.1ms)[0m   [0mSET SQL_AUTO_IS_NULL=0[0m
  [4;36;1mSQL (0.5ms)[0m   [0;1mSHOW TABLES[0m
  [4;35;1mSQL (0.1ms)[0m   [0mSELECT version FROM schema_migrations[0m
  [4;36;1mSQL (0.3ms)[0m   [0;1mSHOW TABLES[0m
  [4;35;1mSQL (0.0ms)[0m   [0mSELECT version FROM schema_migrations[0m
Migrating to CreateExtensions (20101026160854)
  [4;36;1mSQL (55.2ms)[0m   [0;1mDROP TABLE `extensions`[0m
  [4;35;1mSQL (55.6ms)[0m   [0mDELETE FROM schema_migrations WHERE version = '20101026160854'[0m
  [4;36;1mSQL (0.3ms)[0m   [0;1mSHOW TABLES[0m
  [4;35;1mSQL (0.2ms)[0m   [0mSELECT version FROM schema_migrations[0m
  [4;36;1mSQL (0.2ms)[0m   [0;1mSHOW TABLES[0m
  [4;35;1mSQL (0.1ms)[0m   [0mSHOW TABLES[0m
  [4;36;1mSQL (0.0ms)[0m   [0;1mSELECT version FROM schema_migrations[0m
Migrating to CreateExtensions (20101026160854)
  [4;35;1mSQL (159.1ms)[0m   [0mCREATE TABLE `extensions` (`id` int(11) DEFAULT NULL auto_increment PRIMARY KEY, `name` varchar(255), `created_at` datetime) ENGINE=InnoDB[0m
  [4;36;1mSQL (0.1ms)[0m   [0;1mSET NAMES 'utf8'[0m
  [4;35;1mSQL (0.1ms)[0m   [0mSET SQL_AUTO_IS_NULL=0[0m
  [4;36;1mSQL (0.3ms)[0m   [0;1mSHOW TABLES[0m
  [4;35;1mSQL (0.1ms)[0m   [0mSELECT version FROM schema_migrations[0m
  [4;36;1mSQL (0.3ms)[0m   [0;1mSHOW TABLES[0m
  [4;35;1mSQL (0.1ms)[0m   [0mSELECT version FROM schema_migrations[0m
  [4;36;1mSQL (0.2ms)[0m   [0;1mSHOW TABLES[0m
  [4;35;1mSQL (0.5ms)[0m   [0mSHOW FIELDS FROM `extensions`[0m
  [4;36;1mSQL (0.4ms)[0m   [0;1mdescribe `extensions`[0m
  [4;35;1mSQL (0.2ms)[0m   [0mSHOW KEYS FROM `extensions`[0m
  [4;36;1mSQL (0.2ms)[0m   [0;1mSHOW TABLES[0m
  [4;35;1mSQL (0.1ms)[0m   [0mSELECT version FROM schema_migrations[0m
Migrating to CreateExtensions (20101026160854)
  [4;36;1mSQL (0.0ms)[0m   [0;1mMysql::Error: Table 'extensions' already exists: CREATE TABLE `extensions` (`id` int(11) DEFAULT NULL auto_increment PRIMARY KEY, `name` varchar(255), `created_at` datetime) ENGINE=InnoDB[0m
  [4;36;1mSQL (0.1ms)[0m   [0;1mSET NAMES 'utf8'[0m
  [4;35;1mSQL (0.1ms)[0m   [0mSET SQL_AUTO_IS_NULL=0[0m
  [4;36;1mSQL (0.2ms)[0m   [0;1mSHOW TABLES[0m
  [4;35;1mSQL (117.7ms)[0m   [0mCREATE TABLE `schema_migrations` (`version` varchar(255) NOT NULL) ENGINE=InnoDB[0m
  [4;36;1mSQL (0.6ms)[0m   [0;1mSHOW KEYS FROM `schema_migrations`[0m
  [4;35;1mSQL (200.6ms)[0m   [0mCREATE UNIQUE INDEX `unique_schema_migrations` ON `schema_migrations` (`version`)[0m
  [4;36;1mSQL (0.4ms)[0m   [0;1mSHOW TABLES[0m
  [4;35;1mSQL (0.4ms)[0m   [0mSELECT version FROM schema_migrations[0m
Migrating to CreateExtensions (20101026160854)
  [4;36;1mSQL (158.9ms)[0m   [0;1mCREATE TABLE `extensions` (`id` int(11) DEFAULT NULL auto_increment PRIMARY KEY, `name` varchar(255), `created_at` datetime) ENGINE=InnoDB[0m
  [4;36;1mSQL (0.2ms)[0m   [0;1mSET NAMES 'utf8'[0m
  [4;35;1mSQL (0.1ms)[0m   [0mSET SQL_AUTO_IS_NULL=0[0m
  [4;36;1mSQL (0.3ms)[0m   [0;1mSHOW TABLES[0m
  [4;35;1mSQL (126.8ms)[0m   [0mCREATE TABLE `schema_migrations` (`version` varchar(255) NOT NULL) ENGINE=InnoDB[0m
  [4;36;1mSQL (0.6ms)[0m   [0;1mSHOW KEYS FROM `schema_migrations`[0m
  [4;35;1mSQL (233.9ms)[0m   [0mCREATE UNIQUE INDEX `unique_schema_migrations` ON `schema_migrations` (`version`)[0m
  [4;36;1mSQL (0.4ms)[0m   [0;1mSHOW TABLES[0m
  [4;35;1mSQL (0.4ms)[0m   [0mSELECT version FROM schema_migrations[0m
Migrating to CreateExtensions (20101026160854)
  [4;36;1mSQL (158.7ms)[0m   [0;1mCREATE TABLE `extensions` (`id` int(11) DEFAULT NULL auto_increment PRIMARY KEY, `name` varchar(255), `created_at` datetime) ENGINE=InnoDB[0m
  [4;36;1mSQL (0.1ms)[0m   [0;1mSET NAMES 'utf8'[0m
  [4;35;1mSQL (0.1ms)[0m   [0mSET SQL_AUTO_IS_NULL=0[0m
  [4;36;1mSQL (0.4ms)[0m   [0;1mSHOW TABLES[0m
  [4;35;1mSQL (129.9ms)[0m   [0mCREATE TABLE `schema_migrations` (`version` varchar(255) NOT NULL) ENGINE=InnoDB[0m
  [4;36;1mSQL (0.6ms)[0m   [0;1mSHOW KEYS FROM `schema_migrations`[0m
  [4;35;1mSQL (235.7ms)[0m   [0mCREATE UNIQUE INDEX `unique_schema_migrations` ON `schema_migrations` (`version`)[0m
  [4;36;1mSQL (0.4ms)[0m   [0;1mSHOW TABLES[0m
  [4;35;1mSQL (0.4ms)[0m   [0mSELECT version FROM schema_migrations[0m
Migrating to CreateExtensions (20101026160854)
  [4;36;1mSQL (136.4ms)[0m   [0;1mCREATE TABLE `extensions` (`id` int(11) DEFAULT NULL auto_increment PRIMARY KEY, `name` varchar(255), `created_at` datetime) ENGINE=InnoDB[0m
  [4;35;1mExtension Columns (1.2ms)[0m   [0mSHOW FIELDS FROM `extensions`[0m
  [4;36;1mSQL (0.1ms)[0m   [0;1mBEGIN[0m
  [4;35;1mExtension Create (0.3ms)[0m   [0mINSERT INTO `extensions` (`name`, `created_at`) VALUES('jpeg', '2010-10-26 17:03:46')[0m
  [4;36;1mSQL (50.2ms)[0m   [0;1mCOMMIT[0m
  [4;35;1mSQL (0.1ms)[0m   [0mBEGIN[0m
  [4;36;1mExtension Create (0.3ms)[0m   [0;1mINSERT INTO `extensions` (`name`, `created_at`) VALUES('JPEG', '2010-10-26 17:03:46')[0m
  [4;35;1mSQL (51.1ms)[0m   [0mCOMMIT[0m
  [4;36;1mSQL (0.1ms)[0m   [0;1mBEGIN[0m
  [4;35;1mExtension Create (0.3ms)[0m   [0mINSERT INTO `extensions` (`name`, `created_at`) VALUES('jpg', '2010-10-26 17:03:46')[0m
  [4;36;1mSQL (41.3ms)[0m   [0;1mCOMMIT[0m
  [4;35;1mSQL (0.1ms)[0m   [0mBEGIN[0m
  [4;36;1mExtension Create (0.7ms)[0m   [0;1mINSERT INTO `extensions` (`name`, `created_at`) VALUES('JPG', '2010-10-26 17:03:46')[0m
  [4;35;1mSQL (40.0ms)[0m   [0mCOMMIT[0m
  [4;36;1mSQL (0.1ms)[0m   [0;1mBEGIN[0m
  [4;35;1mExtension Create (0.3ms)[0m   [0mINSERT INTO `extensions` (`name`, `created_at`) VALUES('gif', '2010-10-26 17:03:46')[0m
  [4;36;1mSQL (62.9ms)[0m   [0;1mCOMMIT[0m
  [4;35;1mSQL (0.1ms)[0m   [0mBEGIN[0m
  [4;36;1mExtension Create (0.3ms)[0m   [0;1mINSERT INTO `extensions` (`name`, `created_at`) VALUES('GIF', '2010-10-26 17:03:46')[0m
  [4;35;1mSQL (40.2ms)[0m   [0mCOMMIT[0m
  [4;36;1mSQL (0.1ms)[0m   [0;1mBEGIN[0m
  [4;35;1mExtension Create (0.3ms)[0m   [0mINSERT INTO `extensions` (`name`, `created_at`) VALUES('png', '2010-10-26 17:03:46')[0m
  [4;36;1mSQL (41.3ms)[0m   [0;1mCOMMIT[0m
  [4;35;1mSQL (0.1ms)[0m   [0mBEGIN[0m
  [4;36;1mExtension Create (0.3ms)[0m   [0;1mINSERT INTO `extensions` (`name`, `created_at`) VALUES('PNG', '2010-10-26 17:03:46')[0m
  [4;35;1mSQL (40.1ms)[0m   [0mCOMMIT[0m
  [4;36;1mSQL (43.9ms)[0m   [0;1mINSERT INTO schema_migrations (version) VALUES ('20101026160854')[0m
  [4;35;1mSQL (0.5ms)[0m   [0mSHOW TABLES[0m
  [4;36;1mSQL (0.3ms)[0m   [0;1mSELECT version FROM schema_migrations[0m
  [4;35;1mSQL (0.3ms)[0m   [0mSHOW TABLES[0m
  [4;36;1mSQL (0.9ms)[0m   [0;1mSHOW FIELDS FROM `extensions`[0m
  [4;35;1mSQL (0.4ms)[0m   [0mdescribe `extensions`[0m
  [4;36;1mSQL (0.3ms)[0m   [0;1mSHOW KEYS FROM `extensions`[0m


Processing FindfileController#index (for 127.0.0.1 at 2010-10-26 15:23:59) [GET]
  [4;35;1mExtension Load (0.0ms)[0m   [0mSQLite3::SQLException: no such table: extensions: SELECT * FROM "extensions" [0m

ActiveRecord::StatementInvalid (SQLite3::SQLException: no such table: extensions: SELECT * FROM "extensions" ):
  app/controllers/findfile_controller.rb:4:in `index'
  /usr/lib/ruby/1.8/webrick/httpserver.rb:104:in `service'
  /usr/lib/ruby/1.8/webrick/httpserver.rb:65:in `run'
  /usr/lib/ruby/1.8/webrick/server.rb:173:in `start_thread'
  /usr/lib/ruby/1.8/webrick/server.rb:162:in `start'
  /usr/lib/ruby/1.8/webrick/server.rb:162:in `start_thread'
  /usr/lib/ruby/1.8/webrick/server.rb:95:in `start'
  /usr/lib/ruby/1.8/webrick/server.rb:92:in `each'
  /usr/lib/ruby/1.8/webrick/server.rb:92:in `start'
  /usr/lib/ruby/1.8/webrick/server.rb:23:in `start'
  /usr/lib/ruby/1.8/webrick/server.rb:82:in `start'

Rendered rescues/_trace (50.2ms)
Rendered rescues/_request_and_response (0.3ms)
Rendering rescues/layout (internal_server_error)
  [4;36;1mSQL (0.1ms)[0m   [0;1mSET NAMES 'utf8'[0m
  [4;35;1mSQL (0.1ms)[0m   [0mSET SQL_AUTO_IS_NULL=0[0m


Processing FindfileController#index (for 127.0.0.1 at 2010-10-26 15:27:43) [GET]
  [4;36;1mExtension Load (0.3ms)[0m   [0;1mSELECT * FROM `extensions` [0m
Rendering findfile/index

ActionView::TemplateError (You have a nil object when you didn't expect it!
You might have expected an instance of Array.
The error occurred while evaluating nil.each) on line #4 of app/views/findfile/index.html.erb:
1: <h1>File/Directory Listing</h1> 
2: <table> 
3: <tr> <th>Select Extension(s)</th> </tr> 
4: <% @fileExtensions.each do |fe| %> 
5: <tr> 
6: <td><%= fe %></td> 
7: </tr> 

    app/views/findfile/index.html.erb:4
    /usr/lib/ruby/1.8/webrick/httpserver.rb:104:in `service'
    /usr/lib/ruby/1.8/webrick/httpserver.rb:65:in `run'
    /usr/lib/ruby/1.8/webrick/server.rb:173:in `start_thread'
    /usr/lib/ruby/1.8/webrick/server.rb:162:in `start'
    /usr/lib/ruby/1.8/webrick/server.rb:162:in `start_thread'
    /usr/lib/ruby/1.8/webrick/server.rb:95:in `start'
    /usr/lib/ruby/1.8/webrick/server.rb:92:in `each'
    /usr/lib/ruby/1.8/webrick/server.rb:92:in `start'
    /usr/lib/ruby/1.8/webrick/server.rb:23:in `start'
    /usr/lib/ruby/1.8/webrick/server.rb:82:in `start'

Rendered rescues/_trace (36.8ms)
Rendered rescues/_request_and_response (1.4ms)
Rendering rescues/layout (internal_server_error)
  [4;35;1mSQL (0.1ms)[0m   [0mSET NAMES 'utf8'[0m
  [4;36;1mSQL (0.1ms)[0m   [0;1mSET SQL_AUTO_IS_NULL=0[0m


Processing FindfileController#index (for 127.0.0.1 at 2010-10-26 15:28:35) [GET]
  [4;35;1mExtension Load (0.1ms)[0m   [0mSELECT * FROM `extensions` [0m
Rendering findfile/index
Completed in 10ms (View: 5, DB: 0) | 200 OK [http://0.0.0.0/findfile]
  [4;36;1mSQL (0.1ms)[0m   [0;1mSET NAMES 'utf8'[0m
  [4;35;1mSQL (0.1ms)[0m   [0mSET SQL_AUTO_IS_NULL=0[0m


Processing FindfileController#index (for 127.0.0.1 at 2010-10-26 15:29:17) [GET]
  [4;36;1mExtension Load (0.1ms)[0m   [0;1mSELECT * FROM `extensions` [0m
Rendering findfile/index
  [4;35;1mExtension Columns (0.5ms)[0m   [0mSHOW FIELDS FROM `extensions`[0m
Completed in 12ms (View: 6, DB: 1) | 200 OK [http://0.0.0.0/findfile]
  [4;36;1mSQL (0.1ms)[0m   [0;1mSET NAMES 'utf8'[0m
  [4;35;1mSQL (0.1ms)[0m   [0mSET SQL_AUTO_IS_NULL=0[0m


Processing FindfileController#index (for 127.0.0.1 at 2010-10-26 16:47:05) [GET]
  [4;36;1mExtension Load (0.1ms)[0m   [0;1mSELECT * FROM `extensions` [0m
Rendering findfile/index
  [4;35;1mExtension Columns (0.5ms)[0m   [0mSHOW FIELDS FROM `extensions`[0m
Completed in 70ms (View: 64, DB: 1) | 200 OK [http://0.0.0.0/findfile]
  [4;36;1mSQL (0.1ms)[0m   [0;1mSET NAMES 'utf8'[0m
  [4;35;1mSQL (0.1ms)[0m   [0mSET SQL_AUTO_IS_NULL=0[0m


Processing FindfileController#index (for 127.0.0.1 at 2010-10-26 16:47:52) [GET]
  [4;36;1mExtension Load (0.1ms)[0m   [0;1mSELECT * FROM `extensions` [0m
Rendering findfile/index
  [4;35;1mExtension Columns (0.5ms)[0m   [0mSHOW FIELDS FROM `extensions`[0m
Completed in 14ms (View: 8, DB: 1) | 200 OK [http://0.0.0.0/findfile]
  [4;36;1mSQL (0.1ms)[0m   [0;1mSET NAMES 'utf8'[0m
  [4;35;1mSQL (0.1ms)[0m   [0mSET SQL_AUTO_IS_NULL=0[0m


Processing FindfileController#index (for 127.0.0.1 at 2010-10-26 16:47:54) [GET]
  [4;36;1mExtension Load (0.2ms)[0m   [0;1mSELECT * FROM `extensions` [0m
Rendering findfile/index
  [4;35;1mExtension Columns (0.5ms)[0m   [0mSHOW FIELDS FROM `extensions`[0m
Completed in 13ms (View: 5, DB: 1) | 200 OK [http://0.0.0.0/findfile]
  [4;36;1mSQL (0.1ms)[0m   [0;1mSET NAMES 'utf8'[0m
  [4;35;1mSQL (0.0ms)[0m   [0mSET SQL_AUTO_IS_NULL=0[0m


Processing FindfileController#index (for 127.0.0.1 at 2010-10-26 16:48:27) [GET]
  [4;36;1mExtension Load (0.1ms)[0m   [0;1mSELECT * FROM `extensions` [0m
Rendering findfile/index
  [4;35;1mExtension Columns (0.5ms)[0m   [0mSHOW FIELDS FROM `extensions`[0m
Completed in 17ms (View: 10, DB: 1) | 200 OK [http://0.0.0.0/findfile]
  [4;36;1mSQL (0.1ms)[0m   [0;1mSET NAMES 'utf8'[0m
  [4;35;1mSQL (0.1ms)[0m   [0mSET SQL_AUTO_IS_NULL=0[0m


Processing FindfileController#index (for 127.0.0.1 at 2010-10-26 16:49:59) [GET]
  [4;36;1mExtension Load (0.2ms)[0m   [0;1mSELECT * FROM `extensions` [0m
Rendering findfile/index
  [4;35;1mExtension Columns (0.6ms)[0m   [0mSHOW FIELDS FROM `extensions`[0m
Completed in 14ms (View: 8, DB: 1) | 200 OK [http://0.0.0.0/findfile]
  [4;36;1mSQL (0.1ms)[0m   [0;1mSET NAMES 'utf8'[0m
  [4;35;1mSQL (0.1ms)[0m   [0mSET SQL_AUTO_IS_NULL=0[0m


Processing FindfileController#index (for 127.0.0.1 at 2010-10-26 16:54:55) [GET]
  [4;36;1mExtension Load (0.1ms)[0m   [0;1mSELECT * FROM `extensions` [0m
Rendering findfile/index
  [4;35;1mExtension Columns (0.5ms)[0m   [0mSHOW FIELDS FROM `extensions`[0m

ActionView::TemplateError (undefined local variable or method `‚Äúextension‚Äù' for #<ActionView::Base:0xb6dc4360>) on line #4 of app/views/findfile/index.html.erb:
1: <h1>File/Directory Listing</h1> 
2: <% collection_select(:extension, :id, @extensions, :id, :name, {:prompt => true, :multiple=>true}) %>
3: 
4: <% select(‚Äúextension‚Äù, ‚Äúid‚Äù, @extensions.collect{|customer| [customer.name(params), id]}) %> 

    app/views/findfile/index.html.erb:4
    /usr/lib/ruby/1.8/webrick/httpserver.rb:104:in `service'
    /usr/lib/ruby/1.8/webrick/httpserver.rb:65:in `run'
    /usr/lib/ruby/1.8/webrick/server.rb:173:in `start_thread'
    /usr/lib/ruby/1.8/webrick/server.rb:162:in `start'
    /usr/lib/ruby/1.8/webrick/server.rb:162:in `start_thread'
    /usr/lib/ruby/1.8/webrick/server.rb:95:in `start'
    /usr/lib/ruby/1.8/webrick/server.rb:92:in `each'
    /usr/lib/ruby/1.8/webrick/server.rb:92:in `start'
    /usr/lib/ruby/1.8/webrick/server.rb:23:in `start'
    /usr/lib/ruby/1.8/webrick/server.rb:82:in `start'

Rendered rescues/_trace (52.3ms)
Rendered rescues/_request_and_response (1.4ms)
Rendering rescues/layout (internal_server_error)
  [4;36;1mSQL (0.1ms)[0m   [0;1mSET NAMES 'utf8'[0m
  [4;35;1mSQL (0.1ms)[0m   [0mSET SQL_AUTO_IS_NULL=0[0m


Processing FindfileController#index (for 127.0.0.1 at 2010-10-26 16:55:48) [GET]
  [4;36;1mExtension Load (0.1ms)[0m   [0;1mSELECT * FROM `extensions` [0m
Rendering findfile/index
  [4;35;1mExtension Columns (0.6ms)[0m   [0mSHOW FIELDS FROM `extensions`[0m

ActionView::TemplateError (undefined local variable or method `‚ÄúExtension‚Äù' for #<ActionView::Base:0xb6f2c4a0>) on line #4 of app/views/findfile/index.html.erb:
1: <h1>File/Directory Listing</h1> 
2: <% collection_select(:extension, :id, @extensions, :id, :name, {:prompt => true, :multiple=>true}) %>
3: 
4: <% select(‚ÄúExtension‚Äù, ‚Äúid‚Äù, @extensions.collect{|customer| [customer.name(params), id]}) %> 

    app/views/findfile/index.html.erb:4
    /usr/lib/ruby/1.8/webrick/httpserver.rb:104:in `service'
    /usr/lib/ruby/1.8/webrick/httpserver.rb:65:in `run'
    /usr/lib/ruby/1.8/webrick/server.rb:173:in `start_thread'
    /usr/lib/ruby/1.8/webrick/server.rb:162:in `start'
    /usr/lib/ruby/1.8/webrick/server.rb:162:in `start_thread'
    /usr/lib/ruby/1.8/webrick/server.rb:95:in `start'
    /usr/lib/ruby/1.8/webrick/server.rb:92:in `each'
    /usr/lib/ruby/1.8/webrick/server.rb:92:in `start'
    /usr/lib/ruby/1.8/webrick/server.rb:23:in `start'
    /usr/lib/ruby/1.8/webrick/server.rb:82:in `start'

Rendered rescues/_trace (35.0ms)
Rendered rescues/_request_and_response (0.3ms)
Rendering rescues/layout (internal_server_error)
  [4;36;1mSQL (0.1ms)[0m   [0;1mSET NAMES 'utf8'[0m
  [4;35;1mSQL (0.1ms)[0m   [0mSET SQL_AUTO_IS_NULL=0[0m


Processing FindfileController#index (for 127.0.0.1 at 2010-10-26 16:56:13) [GET]
  [4;36;1mExtension Load (0.1ms)[0m   [0;1mSELECT * FROM `extensions` [0m
Rendering findfile/index
  [4;35;1mExtension Columns (0.6ms)[0m   [0mSHOW FIELDS FROM `extensions`[0m
Completed in 14ms (View: 7, DB: 1) | 200 OK [http://0.0.0.0/findfile]
  [4;36;1mSQL (0.1ms)[0m   [0;1mSET NAMES 'utf8'[0m
  [4;35;1mSQL (0.1ms)[0m   [0mSET SQL_AUTO_IS_NULL=0[0m


Processing FindfileController#index (for 127.0.0.1 at 2010-10-26 16:59:23) [GET]
  [4;36;1mExtension Load (0.1ms)[0m   [0;1mSELECT * FROM `extensions` [0m
Rendering findfile/index
  [4;35;1mExtension Columns (0.6ms)[0m   [0mSHOW FIELDS FROM `extensions`[0m
Completed in 15ms (View: 9, DB: 1) | 200 OK [http://0.0.0.0/findfile]
  [4;36;1mSQL (0.1ms)[0m   [0;1mSET NAMES 'utf8'[0m
  [4;35;1mSQL (0.1ms)[0m   [0mSET SQL_AUTO_IS_NULL=0[0m


Processing FindfileController#index (for 127.0.0.1 at 2010-10-27 08:59:57) [GET]
  [4;36;1mExtension Load (0.1ms)[0m   [0;1mSELECT * FROM `extensions` [0m
Rendering findfile/index
  [4;35;1mExtension Columns (0.7ms)[0m   [0mSHOW FIELDS FROM `extensions`[0m
Completed in 14ms (View: 8, DB: 1) | 200 OK [http://0.0.0.0/findfile]
  [4;36;1mSQL (0.1ms)[0m   [0;1mSET NAMES 'utf8'[0m
  [4;35;1mSQL (0.1ms)[0m   [0mSET SQL_AUTO_IS_NULL=0[0m


Processing FindfileController#index (for 127.0.0.1 at 2010-10-27 09:06:06) [GET]
  [4;36;1mExtension Load (0.1ms)[0m   [0;1mSELECT * FROM `extensions` [0m
Rendering findfile/index
  [4;35;1mExtension Columns (0.6ms)[0m   [0mSHOW FIELDS FROM `extensions`[0m
Completed in 15ms (View: 8, DB: 1) | 200 OK [http://0.0.0.0/findfile]
  [4;36;1mSQL (0.1ms)[0m   [0;1mSET NAMES 'utf8'[0m
  [4;35;1mSQL (0.1ms)[0m   [0mSET SQL_AUTO_IS_NULL=0[0m


Processing FindfileController#index (for 127.0.0.1 at 2010-10-27 09:06:08) [GET]
  [4;36;1mExtension Load (0.1ms)[0m   [0;1mSELECT * FROM `extensions` [0m
Rendering findfile/index
  [4;35;1mExtension Columns (0.5ms)[0m   [0mSHOW FIELDS FROM `extensions`[0m
Completed in 12ms (View: 4, DB: 1) | 200 OK [http://0.0.0.0/findfile]
  [4;36;1mSQL (0.1ms)[0m   [0;1mSET NAMES 'utf8'[0m
  [4;35;1mSQL (0.1ms)[0m   [0mSET SQL_AUTO_IS_NULL=0[0m


Processing FindfileController#index (for 127.0.0.1 at 2010-10-27 09:07:00) [GET]
  [4;36;1mExtension Load (0.1ms)[0m   [0;1mSELECT * FROM `extensions` [0m
Rendering findfile/index
  [4;35;1mExtension Columns (1.0ms)[0m   [0mSHOW FIELDS FROM `extensions`[0m
Completed in 16ms (View: 8, DB: 1) | 200 OK [http://0.0.0.0/findfile]
  [4;36;1mSQL (0.1ms)[0m   [0;1mSET NAMES 'utf8'[0m
  [4;35;1mSQL (0.1ms)[0m   [0mSET SQL_AUTO_IS_NULL=0[0m


Processing FindfileController#index (for 127.0.0.1 at 2010-10-27 09:07:15) [GET]
  [4;36;1mExtension Load (0.1ms)[0m   [0;1mSELECT * FROM `extensions` [0m
Rendering findfile/index
  [4;35;1mExtension Columns (0.5ms)[0m   [0mSHOW FIELDS FROM `extensions`[0m
Completed in 11ms (View: 4, DB: 1) | 200 OK [http://0.0.0.0/findfile]
  [4;36;1mSQL (0.1ms)[0m   [0;1mSET NAMES 'utf8'[0m
  [4;35;1mSQL (5.9ms)[0m   [0mSET SQL_AUTO_IS_NULL=0[0m


Processing FindfileController#index (for 127.0.0.1 at 2010-10-28 10:55:09) [GET]
  [4;36;1mExtension Load (0.1ms)[0m   [0;1mSELECT * FROM `extensions` [0m
Rendering findfile/index
  [4;35;1mExtension Columns (0.6ms)[0m   [0mSHOW FIELDS FROM `extensions`[0m
Completed in 12ms (View: 6, DB: 7) | 200 OK [http://0.0.0.0/findfile]
  [4;36;1mSQL (0.1ms)[0m   [0;1mSET NAMES 'utf8'[0m
  [4;35;1mSQL (0.1ms)[0m   [0mSET SQL_AUTO_IS_NULL=0[0m


Processing FindfileController#index (for 127.0.0.1 at 2010-10-28 10:55:52) [GET]
  [4;36;1mExtension Load (0.1ms)[0m   [0;1mSELECT * FROM `extensions` [0m
Rendering findfile/index
ERROR: compiling _run_erb_app47views47findfile47index46html46erb RAISED compile error
/home/peter/software development/ruby/findfile/app/views/findfile/index.html.erb:6: syntax error, unexpected tIDENTIFIER, expecting ')'
...t_tag ‚Äúextension[names][]‚Äú, options_from_collection_for_...
                              ^
/home/peter/software development/ruby/findfile/app/views/findfile/index.html.erb:6: syntax error, unexpected ',', expecting tCOLON2 or '[' or '.'
...nsions, ‚Äúid‚Äù, ‚Äúname‚Äù), :multiple=>true ).to_s); @out...
                              ^
Function body:           def _run_erb_app47views47findfile47index46html46erb(local_assigns)
            old_output_buffer = output_buffer;;@output_buffer = '';  __in_erb_template=true ; @output_buffer.concat "<h1>File/Directory Listing</h1> \n\n<p><label for=\"file_extension\">Pick Extension(s)</label>:\n"


; @output_buffer.concat(( collection_select(:extension,:id,@extensions,:id,:name, html_options = {:multiple=>true}) ).to_s); @output_buffer.concat "</p>\n\n"

; @output_buffer.concat(( select_tag ‚Äúextension[names][]‚Äú, options_from_collection_for_select(@extensions, ‚Äúid‚Äù, ‚Äúname‚Äù), :multiple=>true ).to_s); @output_buffer.concat "\n"
; @output_buffer
          ensure
            self.output_buffer = old_output_buffer
          end
Backtrace: /home/peter/software development/ruby/findfile/app/views/findfile/index.html.erb:10:in `compile!'
/usr/lib/ruby/gems/1.8/gems/actionpack-2.3.8/lib/action_view/renderable.rb:61:in `compile'
/usr/lib/ruby/gems/1.8/gems/actionpack-2.3.8/lib/action_view/renderable.rb:28:in `render'
/usr/lib/ruby/gems/1.8/gems/actionpack-2.3.8/lib/action_view/template.rb:205:in `render_template'
/usr/lib/ruby/gems/1.8/gems/actionpack-2.3.8/lib/action_view/base.rb:265:in `render'
/usr/lib/ruby/gems/1.8/gems/actionpack-2.3.8/lib/action_controller/base.rb:1250:in `render_for_file'
/usr/lib/ruby/gems/1.8/gems/actionpack-2.3.8/lib/action_controller/base.rb:936:in `render_without_benchmark'
/usr/lib/ruby/gems/1.8/gems/actionpack-2.3.8/lib/action_controller/benchmarking.rb:51:in `render'
/usr/lib/ruby/gems/1.8/gems/activesupport-2.3.8/lib/active_support/core_ext/benchmark.rb:17:in `ms'
/usr/lib/ruby/1.8/benchmark.rb:308:in `realtime'
/usr/lib/ruby/gems/1.8/gems/activesupport-2.3.8/lib/active_support/core_ext/benchmark.rb:17:in `ms'
/usr/lib/ruby/gems/1.8/gems/actionpack-2.3.8/lib/action_controller/benchmarking.rb:51:in `render'
/usr/lib/ruby/gems/1.8/gems/actionpack-2.3.8/lib/action_controller/base.rb:1326:in `default_render'
/usr/lib/ruby/gems/1.8/gems/actionpack-2.3.8/lib/action_controller/base.rb:1332:in `perform_action_without_filters'
/usr/lib/ruby/gems/1.8/gems/actionpack-2.3.8/lib/action_controller/filters.rb:617:in `call_filters'
/usr/lib/ruby/gems/1.8/gems/actionpack-2.3.8/lib/action_controller/filters.rb:610:in `perform_action_without_benchmark'
/usr/lib/ruby/gems/1.8/gems/actionpack-2.3.8/lib/action_controller/benchmarking.rb:68:in `perform_action_without_rescue'
/usr/lib/ruby/gems/1.8/gems/activesupport-2.3.8/lib/active_support/core_ext/benchmark.rb:17:in `ms'
/usr/lib/ruby/1.8/benchmark.rb:308:in `realtime'
/usr/lib/ruby/gems/1.8/gems/activesupport-2.3.8/lib/active_support/core_ext/benchmark.rb:17:in `ms'
/usr/lib/ruby/gems/1.8/gems/actionpack-2.3.8/lib/action_controller/benchmarking.rb:68:in `perform_action_without_rescue'
/usr/lib/ruby/gems/1.8/gems/actionpack-2.3.8/lib/action_controller/rescue.rb:160:in `perform_action_without_flash'
/usr/lib/ruby/gems/1.8/gems/actionpack-2.3.8/lib/action_controller/flash.rb:151:in `perform_action'
/usr/lib/ruby/gems/1.8/gems/actionpack-2.3.8/lib/action_controller/base.rb:532:in `send'
/usr/lib/ruby/gems/1.8/gems/actionpack-2.3.8/lib/action_controller/base.rb:532:in `process_without_filters'
/usr/lib/ruby/gems/1.8/gems/actionpack-2.3.8/lib/action_controller/filters.rb:606:in `process'
/usr/lib/ruby/gems/1.8/gems/actionpack-2.3.8/lib/action_controller/base.rb:391:in `process'
/usr/lib/ruby/gems/1.8/gems/actionpack-2.3.8/lib/action_controller/base.rb:386:in `call'
/usr/lib/ruby/gems/1.8/gems/actionpack-2.3.8/lib/action_controller/routing/route_set.rb:438:in `call'
/usr/lib/ruby/gems/1.8/gems/actionpack-2.3.8/lib/action_controller/dispatcher.rb:87:in `dispatch'
/usr/lib/ruby/gems/1.8/gems/actionpack-2.3.8/lib/action_controller/dispatcher.rb:121:in `_call'
/usr/lib/ruby/gems/1.8/gems/actionpack-2.3.8/lib/action_controller/dispatcher.rb:130
/usr/lib/ruby/gems/1.8/gems/activerecord-2.3.8/lib/active_record/query_cache.rb:29:in `call'
/usr/lib/ruby/gems/1.8/gems/activerecord-2.3.8/lib/active_record/query_cache.rb:29:in `call'
/usr/lib/ruby/gems/1.8/gems/activerecord-2.3.8/lib/active_record/connection_adapters/abstract/query_cache.rb:34:in `cache'
/usr/lib/ruby/gems/1.8/gems/activerecord-2.3.8/lib/active_record/query_cache.rb:9:in `cache'
/usr/lib/ruby/gems/1.8/gems/activerecord-2.3.8/lib/active_record/query_cache.rb:28:in `call'
/usr/lib/ruby/gems/1.8/gems/activerecord-2.3.8/lib/active_record/connection_adapters/abstract/connection_pool.rb:361:in `call'
/usr/lib/ruby/gems/1.8/gems/actionpack-2.3.8/lib/action_controller/string_coercion.rb:25:in `call'
/usr/lib/ruby/gems/1.8/gems/rack-1.1.0/lib/rack/head.rb:9:in `call'
/usr/lib/ruby/gems/1.8/gems/rack-1.1.0/lib/rack/methodoverride.rb:24:in `call'
/usr/lib/ruby/gems/1.8/gems/actionpack-2.3.8/lib/action_controller/params_parser.rb:15:in `call'
/usr/lib/ruby/gems/1.8/gems/actionpack-2.3.8/lib/action_controller/session/cookie_store.rb:99:in `call'
/usr/lib/ruby/gems/1.8/gems/actionpack-2.3.8/lib/action_controller/failsafe.rb:26:in `call'
/usr/lib/ruby/gems/1.8/gems/rack-1.1.0/lib/rack/lock.rb:11:in `call'
/usr/lib/ruby/gems/1.8/gems/rack-1.1.0/lib/rack/lock.rb:11:in `synchronize'
/usr/lib/ruby/gems/1.8/gems/rack-1.1.0/lib/rack/lock.rb:11:in `call'
/usr/lib/ruby/gems/1.8/gems/actionpack-2.3.8/lib/action_controller/dispatcher.rb:114:in `call'
/usr/lib/ruby/gems/1.8/gems/actionpack-2.3.8/lib/action_controller/reloader.rb:34:in `run'
/usr/lib/ruby/gems/1.8/gems/actionpack-2.3.8/lib/action_controller/dispatcher.rb:108:in `call'
/usr/lib/ruby/gems/1.8/gems/rails-2.3.8/lib/rails/rack/static.rb:31:in `call'
/usr/lib/ruby/gems/1.8/gems/rack-1.1.0/lib/rack/urlmap.rb:47:in `call'
/usr/lib/ruby/gems/1.8/gems/rack-1.1.0/lib/rack/urlmap.rb:41:in `each'
/usr/lib/ruby/gems/1.8/gems/rack-1.1.0/lib/rack/urlmap.rb:41:in `call'
/usr/lib/ruby/gems/1.8/gems/rails-2.3.8/lib/rails/rack/log_tailer.rb:17:in `call'
/usr/lib/ruby/gems/1.8/gems/rack-1.1.0/lib/rack/content_length.rb:13:in `call'
/usr/lib/ruby/gems/1.8/gems/rack-1.1.0/lib/rack/handler/webrick.rb:48:in `service'
/usr/lib/ruby/1.8/webrick/httpserver.rb:104:in `service'
/usr/lib/ruby/1.8/webrick/httpserver.rb:65:in `run'
/usr/lib/ruby/1.8/webrick/server.rb:173:in `start_thread'
/usr/lib/ruby/1.8/webrick/server.rb:162:in `start'
/usr/lib/ruby/1.8/webrick/server.rb:162:in `start_thread'
/usr/lib/ruby/1.8/webrick/server.rb:95:in `start'
/usr/lib/ruby/1.8/webrick/server.rb:92:in `each'
/usr/lib/ruby/1.8/webrick/server.rb:92:in `start'
/usr/lib/ruby/1.8/webrick/server.rb:23:in `start'
/usr/lib/ruby/1.8/webrick/server.rb:82:in `start'
/usr/lib/ruby/gems/1.8/gems/rack-1.1.0/lib/rack/handler/webrick.rb:14:in `run'
/usr/lib/ruby/gems/1.8/gems/rails-2.3.8/lib/commands/server.rb:111
/usr/local/lib/site_ruby/1.8/rubygems/custom_require.rb:31:in `gem_original_require'
/usr/local/lib/site_ruby/1.8/rubygems/custom_require.rb:31:in `require'
script/server:3

ActionView::TemplateError (compile error
/home/peter/software development/ruby/findfile/app/views/findfile/index.html.erb:6: syntax error, unexpected tIDENTIFIER, expecting ')'
...t_tag ‚Äúextension[names][]‚Äú, options_from_collection_for_...
                              ^
/home/peter/software development/ruby/findfile/app/views/findfile/index.html.erb:6: syntax error, unexpected ',', expecting tCOLON2 or '[' or '.'
...nsions, ‚Äúid‚Äù, ‚Äúname‚Äù), :multiple=>true ).to_s); @out...
                              ^) on line #6 of app/views/findfile/index.html.erb:
3: <p><label for="file_extension">Pick Extension(s)</label>:
4: <%= collection_select(:extension,:id,@extensions,:id,:name, html_options = {:multiple=>true}) %></p>
5: 
6: <%= select_tag ‚Äúextension[names][]‚Äú, options_from_collection_for_select(@extensions, ‚Äúid‚Äù, ‚Äúname‚Äù), :multiple=>true %>

    app/views/findfile/index.html.erb:10:in `compile!'
    /usr/lib/ruby/1.8/webrick/httpserver.rb:104:in `service'
    /usr/lib/ruby/1.8/webrick/httpserver.rb:65:in `run'
    /usr/lib/ruby/1.8/webrick/server.rb:173:in `start_thread'
    /usr/lib/ruby/1.8/webrick/server.rb:162:in `start'
    /usr/lib/ruby/1.8/webrick/server.rb:162:in `start_thread'
    /usr/lib/ruby/1.8/webrick/server.rb:95:in `start'
    /usr/lib/ruby/1.8/webrick/server.rb:92:in `each'
    /usr/lib/ruby/1.8/webrick/server.rb:92:in `start'
    /usr/lib/ruby/1.8/webrick/server.rb:23:in `start'
    /usr/lib/ruby/1.8/webrick/server.rb:82:in `start'

Rendered rescues/_trace (34.2ms)
Rendered rescues/_request_and_response (0.3ms)
Rendering rescues/layout (internal_server_error)
  [4;35;1mSQL (0.1ms)[0m   [0mSET NAMES 'utf8'[0m
  [4;36;1mSQL (0.1ms)[0m   [0;1mSET SQL_AUTO_IS_NULL=0[0m


Processing FindfileController#index (for 127.0.0.1 at 2010-10-28 10:57:00) [GET]
  [4;35;1mExtension Load (0.1ms)[0m   [0mSELECT * FROM `extensions` [0m
Rendering findfile/index
ERROR: compiling _run_erb_app47views47findfile47index46html46erb RAISED compile error
/home/peter/software development/ruby/findfile/app/views/findfile/index.html.erb:6: syntax error, unexpected tIDENTIFIER, expecting ')'
..._tag (‚Äúextension[names][]‚Äú, options_from_collection_for_...
                              ^
/home/peter/software development/ruby/findfile/app/views/findfile/index.html.erb:6: syntax error, unexpected ',', expecting tCOLON2 or '[' or '.'
...nsions, ‚Äúid‚Äù, ‚Äúname‚Äù), :multiple=>true) ).to_s); @ou...
                              ^
/home/peter/software development/ruby/findfile/app/views/findfile/index.html.erb:6: syntax error, unexpected ')', expecting kEND
...‚Äù), :multiple=>true) ).to_s); @output_buffer.concat "\n"
                              ^
Function body:           def _run_erb_app47views47findfile47index46html46erb(local_assigns)
            old_output_buffer = output_buffer;;@output_buffer = '';  __in_erb_template=true ; @output_buffer.concat "<h1>File/Directory Listing</h1> \n\n<p><label for=\"file_extension\">Pick Extension(s)</label>:\n"


; @output_buffer.concat(( collection_select(:extension,:id,@extensions,:id,:name, html_options = {:multiple=>true}) ).to_s); @output_buffer.concat "</p>\n\n"

; @output_buffer.concat(( select_tag (‚Äúextension[names][]‚Äú, options_from_collection_for_select(@extensions, ‚Äúid‚Äù, ‚Äúname‚Äù), :multiple=>true) ).to_s); @output_buffer.concat "\n"
; @output_buffer
          ensure
            self.output_buffer = old_output_buffer
          end
Backtrace: /home/peter/software development/ruby/findfile/app/views/findfile/index.html.erb:10:in `compile!'
/usr/lib/ruby/gems/1.8/gems/actionpack-2.3.8/lib/action_view/renderable.rb:61:in `compile'
/usr/lib/ruby/gems/1.8/gems/actionpack-2.3.8/lib/action_view/renderable.rb:28:in `render'
/usr/lib/ruby/gems/1.8/gems/actionpack-2.3.8/lib/action_view/template.rb:205:in `render_template'
/usr/lib/ruby/gems/1.8/gems/actionpack-2.3.8/lib/action_view/base.rb:265:in `render'
/usr/lib/ruby/gems/1.8/gems/actionpack-2.3.8/lib/action_controller/base.rb:1250:in `render_for_file'
/usr/lib/ruby/gems/1.8/gems/actionpack-2.3.8/lib/action_controller/base.rb:936:in `render_without_benchmark'
/usr/lib/ruby/gems/1.8/gems/actionpack-2.3.8/lib/action_controller/benchmarking.rb:51:in `render'
/usr/lib/ruby/gems/1.8/gems/activesupport-2.3.8/lib/active_support/core_ext/benchmark.rb:17:in `ms'
/usr/lib/ruby/1.8/benchmark.rb:308:in `realtime'
/usr/lib/ruby/gems/1.8/gems/activesupport-2.3.8/lib/active_support/core_ext/benchmark.rb:17:in `ms'
/usr/lib/ruby/gems/1.8/gems/actionpack-2.3.8/lib/action_controller/benchmarking.rb:51:in `render'
/usr/lib/ruby/gems/1.8/gems/actionpack-2.3.8/lib/action_controller/base.rb:1326:in `default_render'
/usr/lib/ruby/gems/1.8/gems/actionpack-2.3.8/lib/action_controller/base.rb:1332:in `perform_action_without_filters'
/usr/lib/ruby/gems/1.8/gems/actionpack-2.3.8/lib/action_controller/filters.rb:617:in `call_filters'
/usr/lib/ruby/gems/1.8/gems/actionpack-2.3.8/lib/action_controller/filters.rb:610:in `perform_action_without_benchmark'
/usr/lib/ruby/gems/1.8/gems/actionpack-2.3.8/lib/action_controller/benchmarking.rb:68:in `perform_action_without_rescue'
/usr/lib/ruby/gems/1.8/gems/activesupport-2.3.8/lib/active_support/core_ext/benchmark.rb:17:in `ms'
/usr/lib/ruby/1.8/benchmark.rb:308:in `realtime'
/usr/lib/ruby/gems/1.8/gems/activesupport-2.3.8/lib/active_support/core_ext/benchmark.rb:17:in `ms'
/usr/lib/ruby/gems/1.8/gems/actionpack-2.3.8/lib/action_controller/benchmarking.rb:68:in `perform_action_without_rescue'
/usr/lib/ruby/gems/1.8/gems/actionpack-2.3.8/lib/action_controller/rescue.rb:160:in `perform_action_without_flash'
/usr/lib/ruby/gems/1.8/gems/actionpack-2.3.8/lib/action_controller/flash.rb:151:in `perform_action'
/usr/lib/ruby/gems/1.8/gems/actionpack-2.3.8/lib/action_controller/base.rb:532:in `send'
/usr/lib/ruby/gems/1.8/gems/actionpack-2.3.8/lib/action_controller/base.rb:532:in `process_without_filters'
/usr/lib/ruby/gems/1.8/gems/actionpack-2.3.8/lib/action_controller/filters.rb:606:in `process'
/usr/lib/ruby/gems/1.8/gems/actionpack-2.3.8/lib/action_controller/base.rb:391:in `process'
/usr/lib/ruby/gems/1.8/gems/actionpack-2.3.8/lib/action_controller/base.rb:386:in `call'
/usr/lib/ruby/gems/1.8/gems/actionpack-2.3.8/lib/action_controller/routing/route_set.rb:438:in `call'
/usr/lib/ruby/gems/1.8/gems/actionpack-2.3.8/lib/action_controller/dispatcher.rb:87:in `dispatch'
/usr/lib/ruby/gems/1.8/gems/actionpack-2.3.8/lib/action_controller/dispatcher.rb:121:in `_call'
/usr/lib/ruby/gems/1.8/gems/actionpack-2.3.8/lib/action_controller/dispatcher.rb:130
/usr/lib/ruby/gems/1.8/gems/activerecord-2.3.8/lib/active_record/query_cache.rb:29:in `call'
/usr/lib/ruby/gems/1.8/gems/activerecord-2.3.8/lib/active_record/query_cache.rb:29:in `call'
/usr/lib/ruby/gems/1.8/gems/activerecord-2.3.8/lib/active_record/connection_adapters/abstract/query_cache.rb:34:in `cache'
/usr/lib/ruby/gems/1.8/gems/activerecord-2.3.8/lib/active_record/query_cache.rb:9:in `cache'
/usr/lib/ruby/gems/1.8/gems/activerecord-2.3.8/lib/active_record/query_cache.rb:28:in `call'
/usr/lib/ruby/gems/1.8/gems/activerecord-2.3.8/lib/active_record/connection_adapters/abstract/connection_pool.rb:361:in `call'
/usr/lib/ruby/gems/1.8/gems/actionpack-2.3.8/lib/action_controller/string_coercion.rb:25:in `call'
/usr/lib/ruby/gems/1.8/gems/rack-1.1.0/lib/rack/head.rb:9:in `call'
/usr/lib/ruby/gems/1.8/gems/rack-1.1.0/lib/rack/methodoverride.rb:24:in `call'
/usr/lib/ruby/gems/1.8/gems/actionpack-2.3.8/lib/action_controller/params_parser.rb:15:in `call'
/usr/lib/ruby/gems/1.8/gems/actionpack-2.3.8/lib/action_controller/session/cookie_store.rb:99:in `call'
/usr/lib/ruby/gems/1.8/gems/actionpack-2.3.8/lib/action_controller/failsafe.rb:26:in `call'
/usr/lib/ruby/gems/1.8/gems/rack-1.1.0/lib/rack/lock.rb:11:in `call'
/usr/lib/ruby/gems/1.8/gems/rack-1.1.0/lib/rack/lock.rb:11:in `synchronize'
/usr/lib/ruby/gems/1.8/gems/rack-1.1.0/lib/rack/lock.rb:11:in `call'
/usr/lib/ruby/gems/1.8/gems/actionpack-2.3.8/lib/action_controller/dispatcher.rb:114:in `call'
/usr/lib/ruby/gems/1.8/gems/actionpack-2.3.8/lib/action_controller/reloader.rb:34:in `run'
/usr/lib/ruby/gems/1.8/gems/actionpack-2.3.8/lib/action_controller/dispatcher.rb:108:in `call'
/usr/lib/ruby/gems/1.8/gems/rails-2.3.8/lib/rails/rack/static.rb:31:in `call'
/usr/lib/ruby/gems/1.8/gems/rack-1.1.0/lib/rack/urlmap.rb:47:in `call'
/usr/lib/ruby/gems/1.8/gems/rack-1.1.0/lib/rack/urlmap.rb:41:in `each'
/usr/lib/ruby/gems/1.8/gems/rack-1.1.0/lib/rack/urlmap.rb:41:in `call'
/usr/lib/ruby/gems/1.8/gems/rails-2.3.8/lib/rails/rack/log_tailer.rb:17:in `call'
/usr/lib/ruby/gems/1.8/gems/rack-1.1.0/lib/rack/content_length.rb:13:in `call'
/usr/lib/ruby/gems/1.8/gems/rack-1.1.0/lib/rack/handler/webrick.rb:48:in `service'
/usr/lib/ruby/1.8/webrick/httpserver.rb:104:in `service'
/usr/lib/ruby/1.8/webrick/httpserver.rb:65:in `run'
/usr/lib/ruby/1.8/webrick/server.rb:173:in `start_thread'
/usr/lib/ruby/1.8/webrick/server.rb:162:in `start'
/usr/lib/ruby/1.8/webrick/server.rb:162:in `start_thread'
/usr/lib/ruby/1.8/webrick/server.rb:95:in `start'
/usr/lib/ruby/1.8/webrick/server.rb:92:in `each'
/usr/lib/ruby/1.8/webrick/server.rb:92:in `start'
/usr/lib/ruby/1.8/webrick/server.rb:23:in `start'
/usr/lib/ruby/1.8/webrick/server.rb:82:in `start'
/usr/lib/ruby/gems/1.8/gems/rack-1.1.0/lib/rack/handler/webrick.rb:14:in `run'
/usr/lib/ruby/gems/1.8/gems/rails-2.3.8/lib/commands/server.rb:111
/usr/local/lib/site_ruby/1.8/rubygems/custom_require.rb:31:in `gem_original_require'
/usr/local/lib/site_ruby/1.8/rubygems/custom_require.rb:31:in `require'
script/server:3

ActionView::TemplateError (compile error
/home/peter/software development/ruby/findfile/app/views/findfile/index.html.erb:6: syntax error, unexpected tIDENTIFIER, expecting ')'
..._tag (‚Äúextension[names][]‚Äú, options_from_collection_for_...
                              ^
/home/peter/software development/ruby/findfile/app/views/findfile/index.html.erb:6: syntax error, unexpected ',', expecting tCOLON2 or '[' or '.'
...nsions, ‚Äúid‚Äù, ‚Äúname‚Äù), :multiple=>true) ).to_s); @ou...
                              ^
/home/peter/software development/ruby/findfile/app/views/findfile/index.html.erb:6: syntax error, unexpected ')', expecting kEND
...‚Äù), :multiple=>true) ).to_s); @output_buffer.concat "\n"
                              ^) on line #6 of app/views/findfile/index.html.erb:
3: <p><label for="file_extension">Pick Extension(s)</label>:
4: <%= collection_select(:extension,:id,@extensions,:id,:name, html_options = {:multiple=>true}) %></p>
5: 
6: <%= select_tag (‚Äúextension[names][]‚Äú, options_from_collection_for_select(@extensions, ‚Äúid‚Äù, ‚Äúname‚Äù), :multiple=>true) %>

    app/views/findfile/index.html.erb:10:in `compile!'
    /usr/lib/ruby/1.8/webrick/httpserver.rb:104:in `service'
    /usr/lib/ruby/1.8/webrick/httpserver.rb:65:in `run'
    /usr/lib/ruby/1.8/webrick/server.rb:173:in `start_thread'
    /usr/lib/ruby/1.8/webrick/server.rb:162:in `start'
    /usr/lib/ruby/1.8/webrick/server.rb:162:in `start_thread'
    /usr/lib/ruby/1.8/webrick/server.rb:95:in `start'
    /usr/lib/ruby/1.8/webrick/server.rb:92:in `each'
    /usr/lib/ruby/1.8/webrick/server.rb:92:in `start'
    /usr/lib/ruby/1.8/webrick/server.rb:23:in `start'
    /usr/lib/ruby/1.8/webrick/server.rb:82:in `start'

Rendered rescues/_trace (95.9ms)
Rendered rescues/_request_and_response (0.3ms)
Rendering rescues/layout (internal_server_error)
  [4;36;1mSQL (0.1ms)[0m   [0;1mSET NAMES 'utf8'[0m
  [4;35;1mSQL (0.1ms)[0m   [0mSET SQL_AUTO_IS_NULL=0[0m


Processing FindfileController#index (for 127.0.0.1 at 2010-10-28 12:06:41) [GET]
  [4;36;1mExtension Load (0.1ms)[0m   [0;1mSELECT * FROM `extensions` [0m
Rendering template within layouts/application
Rendering findfile/index
  [4;35;1mExtension Columns (0.6ms)[0m   [0mSHOW FIELDS FROM `extensions`[0m

ActionView::TemplateError (undefined local variable or method `extension' for #<ActionView::Base:0xb6e4c814>) on line #8 of app/views/findfile/index.html.erb:
5: 
6: select_tag (‚Äúextension[names][]‚Äú, options_from_collection_for_select(@extensions, ‚Äúid‚Äù, ‚Äúname‚Äù), :multiple=>true) 
7: 
8: <%= swapselect :extension, extension, :selected, @extensions %>

    app/views/findfile/index.html.erb:8
    /usr/lib/ruby/1.8/webrick/httpserver.rb:104:in `service'
    /usr/lib/ruby/1.8/webrick/httpserver.rb:65:in `run'
    /usr/lib/ruby/1.8/webrick/server.rb:173:in `start_thread'
    /usr/lib/ruby/1.8/webrick/server.rb:162:in `start'
    /usr/lib/ruby/1.8/webrick/server.rb:162:in `start_thread'
    /usr/lib/ruby/1.8/webrick/server.rb:95:in `start'
    /usr/lib/ruby/1.8/webrick/server.rb:92:in `each'
    /usr/lib/ruby/1.8/webrick/server.rb:92:in `start'
    /usr/lib/ruby/1.8/webrick/server.rb:23:in `start'
    /usr/lib/ruby/1.8/webrick/server.rb:82:in `start'

Rendered rescues/_trace (35.8ms)
Rendered rescues/_request_and_response (0.3ms)
Rendering rescues/layout (internal_server_error)
  [4;36;1mSQL (0.1ms)[0m   [0;1mSET NAMES 'utf8'[0m
  [4;35;1mSQL (0.1ms)[0m   [0mSET SQL_AUTO_IS_NULL=0[0m


Processing FindfileController#index (for 127.0.0.1 at 2010-10-28 13:14:03) [GET]
  [4;36;1mExtension Load (0.1ms)[0m   [0;1mSELECT * FROM `extensions` [0m
Rendering template within layouts/application
Rendering findfile/index
  [4;35;1mExtension Columns (0.6ms)[0m   [0mSHOW FIELDS FROM `extensions`[0m

ActionView::TemplateError (undefined method `selected_ids' for "":String) on line #8 of app/views/findfile/index.html.erb:
5: 
6: select_tag (‚Äúextension[names][]‚Äú, options_from_collection_for_select(@extensions, ‚Äúid‚Äù, ‚Äúname‚Äù), :multiple=>true) 
7: 
8: <%= swapselect :extension, @extension, :selected, @extensions %>

    app/helpers/swapselect_helper.rb:9:in `send'
    app/helpers/swapselect_helper.rb:9:in `swapselect'
    app/views/findfile/index.html.erb:8
    /usr/lib/ruby/1.8/webrick/httpserver.rb:104:in `service'
    /usr/lib/ruby/1.8/webrick/httpserver.rb:65:in `run'
    /usr/lib/ruby/1.8/webrick/server.rb:173:in `start_thread'
    /usr/lib/ruby/1.8/webrick/server.rb:162:in `start'
    /usr/lib/ruby/1.8/webrick/server.rb:162:in `start_thread'
    /usr/lib/ruby/1.8/webrick/server.rb:95:in `start'
    /usr/lib/ruby/1.8/webrick/server.rb:92:in `each'
    /usr/lib/ruby/1.8/webrick/server.rb:92:in `start'
    /usr/lib/ruby/1.8/webrick/server.rb:23:in `start'
    /usr/lib/ruby/1.8/webrick/server.rb:82:in `start'

Rendered rescues/_trace (40.0ms)
Rendered rescues/_request_and_response (0.3ms)
Rendering rescues/layout (internal_server_error)
  [4;36;1mSQL (0.1ms)[0m   [0;1mSET NAMES 'utf8'[0m
  [4;35;1mSQL (0.1ms)[0m   [0mSET SQL_AUTO_IS_NULL=0[0m


Processing FindfileController#index (for 127.0.0.1 at 2010-10-28 13:16:08) [GET]
  [4;36;1mExtension Load (0.1ms)[0m   [0;1mSELECT * FROM `extensions` [0m
Rendering template within layouts/application
Rendering findfile/index
  [4;35;1mExtension Columns (0.6ms)[0m   [0mSHOW FIELDS FROM `extensions`[0m

ActionView::TemplateError (undefined method `selected_ids' for "":String) on line #8 of app/views/findfile/index.html.erb:
5: 
6: select_tag (‚Äúextension[names][]‚Äú, options_from_collection_for_select(@extensions, ‚Äúid‚Äù, ‚Äúname‚Äù), :multiple=>true) 
7: 
8: <%= swapselect :extension, @extension, :selected, @extensions %>

    app/helpers/swapselect_helper.rb:9:in `send'
    app/helpers/swapselect_helper.rb:9:in `swapselect'
    app/views/findfile/index.html.erb:8
    /usr/lib/ruby/1.8/webrick/httpserver.rb:104:in `service'
    /usr/lib/ruby/1.8/webrick/httpserver.rb:65:in `run'
    /usr/lib/ruby/1.8/webrick/server.rb:173:in `start_thread'
    /usr/lib/ruby/1.8/webrick/server.rb:162:in `start'
    /usr/lib/ruby/1.8/webrick/server.rb:162:in `start_thread'
    /usr/lib/ruby/1.8/webrick/server.rb:95:in `start'
    /usr/lib/ruby/1.8/webrick/server.rb:92:in `each'
    /usr/lib/ruby/1.8/webrick/server.rb:92:in `start'
    /usr/lib/ruby/1.8/webrick/server.rb:23:in `start'
    /usr/lib/ruby/1.8/webrick/server.rb:82:in `start'

Rendered rescues/_trace (36.7ms)
Rendered rescues/_request_and_response (0.3ms)
Rendering rescues/layout (internal_server_error)
  [4;36;1mSQL (0.1ms)[0m   [0;1mSET NAMES 'utf8'[0m
  [4;35;1mSQL (0.1ms)[0m   [0mSET SQL_AUTO_IS_NULL=0[0m


Processing FindfileController#index (for 127.0.0.1 at 2010-10-28 13:16:11) [GET]
  [4;36;1mExtension Load (0.1ms)[0m   [0;1mSELECT * FROM `extensions` [0m
Rendering template within layouts/application
Rendering findfile/index
  [4;35;1mExtension Columns (0.5ms)[0m   [0mSHOW FIELDS FROM `extensions`[0m

ActionView::TemplateError (undefined method `selected_ids' for "":String) on line #8 of app/views/findfile/index.html.erb:
5: 
6: select_tag (‚Äúextension[names][]‚Äú, options_from_collection_for_select(@extensions, ‚Äúid‚Äù, ‚Äúname‚Äù), :multiple=>true) 
7: 
8: <%= swapselect :extension, @extension, :selected, @extensions %>

    app/helpers/swapselect_helper.rb:9:in `send'
    app/helpers/swapselect_helper.rb:9:in `swapselect'
    app/views/findfile/index.html.erb:8
    /usr/lib/ruby/1.8/webrick/httpserver.rb:104:in `service'
    /usr/lib/ruby/1.8/webrick/httpserver.rb:65:in `run'
    /usr/lib/ruby/1.8/webrick/server.rb:173:in `start_thread'
    /usr/lib/ruby/1.8/webrick/server.rb:162:in `start'
    /usr/lib/ruby/1.8/webrick/server.rb:162:in `start_thread'
    /usr/lib/ruby/1.8/webrick/server.rb:95:in `start'
    /usr/lib/ruby/1.8/webrick/server.rb:92:in `each'
    /usr/lib/ruby/1.8/webrick/server.rb:92:in `start'
    /usr/lib/ruby/1.8/webrick/server.rb:23:in `start'
    /usr/lib/ruby/1.8/webrick/server.rb:82:in `start'

Rendered rescues/_trace (98.9ms)
Rendered rescues/_request_and_response (0.3ms)
Rendering rescues/layout (internal_server_error)
  [4;36;1mSQL (0.1ms)[0m   [0;1mSET NAMES 'utf8'[0m
  [4;35;1mSQL (0.1ms)[0m   [0mSET SQL_AUTO_IS_NULL=0[0m


Processing FindfileController#index (for 127.0.0.1 at 2010-10-28 13:16:42) [GET]
  [4;36;1mExtension Load (0.1ms)[0m   [0;1mSELECT * FROM `extensions` [0m
Rendering template within layouts/application
Rendering findfile/index
  [4;35;1mExtension Columns (0.6ms)[0m   [0mSHOW FIELDS FROM `extensions`[0m

ActionView::TemplateError (undefined method `selected_ids' for "":String) on line #8 of app/views/findfile/index.html.erb:
5: 
6: select_tag (‚Äúextension[names][]‚Äú, options_from_collection_for_select(@extensions, ‚Äúid‚Äù, ‚Äúname‚Äù), :multiple=>true) 
7: 
8: <%= swapselect :extension, @extension, :selected, @extensions %>

    app/helpers/swapselect_helper.rb:9:in `send'
    app/helpers/swapselect_helper.rb:9:in `swapselect'
    app/views/findfile/index.html.erb:8
    /usr/lib/ruby/1.8/webrick/httpserver.rb:104:in `service'
    /usr/lib/ruby/1.8/webrick/httpserver.rb:65:in `run'
    /usr/lib/ruby/1.8/webrick/server.rb:173:in `start_thread'
    /usr/lib/ruby/1.8/webrick/server.rb:162:in `start'
    /usr/lib/ruby/1.8/webrick/server.rb:162:in `start_thread'
    /usr/lib/ruby/1.8/webrick/server.rb:95:in `start'
    /usr/lib/ruby/1.8/webrick/server.rb:92:in `each'
    /usr/lib/ruby/1.8/webrick/server.rb:92:in `start'
    /usr/lib/ruby/1.8/webrick/server.rb:23:in `start'
    /usr/lib/ruby/1.8/webrick/server.rb:82:in `start'

Rendered rescues/_trace (36.4ms)
Rendered rescues/_request_and_response (0.3ms)
Rendering rescues/layout (internal_server_error)
  [4;36;1mSQL (0.1ms)[0m   [0;1mSET NAMES 'utf8'[0m
  [4;35;1mSQL (0.1ms)[0m   [0mSET SQL_AUTO_IS_NULL=0[0m


Processing FindfileController#index (for 127.0.0.1 at 2010-10-28 13:16:44) [GET]
  [4;36;1mExtension Load (0.1ms)[0m   [0;1mSELECT * FROM `extensions` [0m
Rendering template within layouts/application
Rendering findfile/index
  [4;35;1mExtension Columns (0.5ms)[0m   [0mSHOW FIELDS FROM `extensions`[0m

ActionView::TemplateError (undefined method `selected_ids' for "":String) on line #8 of app/views/findfile/index.html.erb:
5: 
6: select_tag (‚Äúextension[names][]‚Äú, options_from_collection_for_select(@extensions, ‚Äúid‚Äù, ‚Äúname‚Äù), :multiple=>true) 
7: 
8: <%= swapselect :extension, @extension, :selected, @extensions %>

    app/helpers/swapselect_helper.rb:9:in `send'
    app/helpers/swapselect_helper.rb:9:in `swapselect'
    app/views/findfile/index.html.erb:8
    /usr/lib/ruby/1.8/webrick/httpserver.rb:104:in `service'
    /usr/lib/ruby/1.8/webrick/httpserver.rb:65:in `run'
    /usr/lib/ruby/1.8/webrick/server.rb:173:in `start_thread'
    /usr/lib/ruby/1.8/webrick/server.rb:162:in `start'
    /usr/lib/ruby/1.8/webrick/server.rb:162:in `start_thread'
    /usr/lib/ruby/1.8/webrick/server.rb:95:in `start'
    /usr/lib/ruby/1.8/webrick/server.rb:92:in `each'
    /usr/lib/ruby/1.8/webrick/server.rb:92:in `start'
    /usr/lib/ruby/1.8/webrick/server.rb:23:in `start'
    /usr/lib/ruby/1.8/webrick/server.rb:82:in `start'

Rendered rescues/_trace (99.2ms)
Rendered rescues/_request_and_response (0.3ms)
Rendering rescues/layout (internal_server_error)
  [4;36;1mSQL (0.1ms)[0m   [0;1mSET NAMES 'utf8'[0m
  [4;35;1mSQL (0.1ms)[0m   [0mSET SQL_AUTO_IS_NULL=0[0m


Processing FindfileController#index (for 127.0.0.1 at 2010-10-28 13:20:24) [GET]
  [4;36;1mExtension Load (0.1ms)[0m   [0;1mSELECT * FROM `extensions` [0m
Rendering template within layouts/application
Rendering findfile/index
  [4;35;1mExtension Columns (0.6ms)[0m   [0mSHOW FIELDS FROM `extensions`[0m

ActionView::TemplateError (undefined method `selected_ids' for "":String) on line #8 of app/views/findfile/index.html.erb:
5: 
6: select_tag (‚Äúextension[names][]‚Äú, options_from_collection_for_select(@extensions, ‚Äúid‚Äù, ‚Äúname‚Äù), :multiple=>true) 
7: 
8: <%= swapselect :extension, @extension, :selected, @extensions %>

    app/helpers/swapselect_helper.rb:9:in `send'
    app/helpers/swapselect_helper.rb:9:in `swapselect'
    app/views/findfile/index.html.erb:8
    /usr/lib/ruby/1.8/webrick/httpserver.rb:104:in `service'
    /usr/lib/ruby/1.8/webrick/httpserver.rb:65:in `run'
    /usr/lib/ruby/1.8/webrick/server.rb:173:in `start_thread'
    /usr/lib/ruby/1.8/webrick/server.rb:162:in `start'
    /usr/lib/ruby/1.8/webrick/server.rb:162:in `start_thread'
    /usr/lib/ruby/1.8/webrick/server.rb:95:in `start'
    /usr/lib/ruby/1.8/webrick/server.rb:92:in `each'
    /usr/lib/ruby/1.8/webrick/server.rb:92:in `start'
    /usr/lib/ruby/1.8/webrick/server.rb:23:in `start'
    /usr/lib/ruby/1.8/webrick/server.rb:82:in `start'

Rendered rescues/_trace (37.9ms)
Rendered rescues/_request_and_response (0.3ms)
Rendering rescues/layout (internal_server_error)
  [4;36;1mSQL (0.1ms)[0m   [0;1mSET NAMES 'utf8'[0m
  [4;35;1mSQL (0.1ms)[0m   [0mSET SQL_AUTO_IS_NULL=0[0m


Processing FindfileController#index (for 127.0.0.1 at 2010-10-28 13:20:26) [GET]
  [4;36;1mExtension Load (0.2ms)[0m   [0;1mSELECT * FROM `extensions` [0m
Rendering template within layouts/application
Rendering findfile/index
  [4;35;1mExtension Columns (0.5ms)[0m   [0mSHOW FIELDS FROM `extensions`[0m

ActionView::TemplateError (undefined method `selected_ids' for "":String) on line #8 of app/views/findfile/index.html.erb:
5: 
6: select_tag (‚Äúextension[names][]‚Äú, options_from_collection_for_select(@extensions, ‚Äúid‚Äù, ‚Äúname‚Äù), :multiple=>true) 
7: 
8: <%= swapselect :extension, @extension, :selected, @extensions %>

    app/helpers/swapselect_helper.rb:9:in `send'
    app/helpers/swapselect_helper.rb:9:in `swapselect'
    app/views/findfile/index.html.erb:8
    /usr/lib/ruby/1.8/webrick/httpserver.rb:104:in `service'
    /usr/lib/ruby/1.8/webrick/httpserver.rb:65:in `run'
    /usr/lib/ruby/1.8/webrick/server.rb:173:in `start_thread'
    /usr/lib/ruby/1.8/webrick/server.rb:162:in `start'
    /usr/lib/ruby/1.8/webrick/server.rb:162:in `start_thread'
    /usr/lib/ruby/1.8/webrick/server.rb:95:in `start'
    /usr/lib/ruby/1.8/webrick/server.rb:92:in `each'
    /usr/lib/ruby/1.8/webrick/server.rb:92:in `start'
    /usr/lib/ruby/1.8/webrick/server.rb:23:in `start'
    /usr/lib/ruby/1.8/webrick/server.rb:82:in `start'

Rendered rescues/_trace (100.4ms)
Rendered rescues/_request_and_response (0.3ms)
Rendering rescues/layout (internal_server_error)
  [4;36;1mSQL (0.1ms)[0m   [0;1mSET NAMES 'utf8'[0m
  [4;35;1mSQL (0.1ms)[0m   [0mSET SQL_AUTO_IS_NULL=0[0m


Processing FindfileController#index (for 127.0.0.1 at 2010-10-28 13:31:37) [GET]
  [4;36;1mExtension Load (0.1ms)[0m   [0;1mSELECT * FROM `extensions` [0m
Rendering template within layouts/application
Rendering findfile/index
  [4;35;1mExtension Columns (0.6ms)[0m   [0mSHOW FIELDS FROM `extensions`[0m

ActionView::TemplateError (undefined method `selected_ids' for {}:Hash) on line #8 of app/views/findfile/index.html.erb:
5: 
6: select_tag (‚Äúextension[names][]‚Äú, options_from_collection_for_select(@extensions, ‚Äúid‚Äù, ‚Äúname‚Äù), :multiple=>true) 
7: 
8: <%= swapselect :extension, @extension, :selected, @extensions %>

    app/helpers/swapselect_helper.rb:9:in `send'
    app/helpers/swapselect_helper.rb:9:in `swapselect'
    app/views/findfile/index.html.erb:8
    /usr/lib/ruby/1.8/webrick/httpserver.rb:104:in `service'
    /usr/lib/ruby/1.8/webrick/httpserver.rb:65:in `run'
    /usr/lib/ruby/1.8/webrick/server.rb:173:in `start_thread'
    /usr/lib/ruby/1.8/webrick/server.rb:162:in `start'
    /usr/lib/ruby/1.8/webrick/server.rb:162:in `start_thread'
    /usr/lib/ruby/1.8/webrick/server.rb:95:in `start'
    /usr/lib/ruby/1.8/webrick/server.rb:92:in `each'
    /usr/lib/ruby/1.8/webrick/server.rb:92:in `start'
    /usr/lib/ruby/1.8/webrick/server.rb:23:in `start'
    /usr/lib/ruby/1.8/webrick/server.rb:82:in `start'

Rendered rescues/_trace (38.7ms)
Rendered rescues/_request_and_response (0.3ms)
Rendering rescues/layout (internal_server_error)
  [4;36;1mSQL (0.1ms)[0m   [0;1mSET NAMES 'utf8'[0m
  [4;35;1mSQL (0.1ms)[0m   [0mSET SQL_AUTO_IS_NULL=0[0m


Processing ApplicationController#index (for 127.0.0.1 at 2010-10-28 13:32:17) [GET]

SyntaxError (/home/peter/software development/ruby/findfile/app/controllers/findfile_controller.rb:17: syntax error, unexpected tLBRACE, expecting ')'
   def selected_ids({})
                     ^
/home/peter/software development/ruby/findfile/app/controllers/findfile_controller.rb:24: syntax error, unexpected kEND, expecting $end):
  /usr/lib/ruby/1.8/webrick/httpserver.rb:104:in `service'
  /usr/lib/ruby/1.8/webrick/httpserver.rb:65:in `run'
  /usr/lib/ruby/1.8/webrick/server.rb:173:in `start_thread'
  /usr/lib/ruby/1.8/webrick/server.rb:162:in `start'
  /usr/lib/ruby/1.8/webrick/server.rb:162:in `start_thread'
  /usr/lib/ruby/1.8/webrick/server.rb:95:in `start'
  /usr/lib/ruby/1.8/webrick/server.rb:92:in `each'
  /usr/lib/ruby/1.8/webrick/server.rb:92:in `start'
  /usr/lib/ruby/1.8/webrick/server.rb:23:in `start'
  /usr/lib/ruby/1.8/webrick/server.rb:82:in `start'

Rendered rescues/_trace (26.8ms)
Rendered rescues/_request_and_response (0.3ms)
Rendering rescues/layout (internal_server_error)
  [4;36;1mSQL (0.1ms)[0m   [0;1mSET NAMES 'utf8'[0m
  [4;35;1mSQL (0.1ms)[0m   [0mSET SQL_AUTO_IS_NULL=0[0m


Processing FindfileController#index (for 127.0.0.1 at 2010-10-28 13:32:51) [GET]
  [4;36;1mExtension Load (0.1ms)[0m   [0;1mSELECT * FROM `extensions` [0m
Rendering template within layouts/application
Rendering findfile/index
  [4;35;1mExtension Columns (0.5ms)[0m   [0mSHOW FIELDS FROM `extensions`[0m

ActionView::TemplateError (undefined method `selected_ids' for {}:Hash) on line #8 of app/views/findfile/index.html.erb:
5: 
6: select_tag (‚Äúextension[names][]‚Äú, options_from_collection_for_select(@extensions, ‚Äúid‚Äù, ‚Äúname‚Äù), :multiple=>true) 
7: 
8: <%= swapselect :extension, @extension, :selected, @extensions %>

    app/helpers/swapselect_helper.rb:9:in `send'
    app/helpers/swapselect_helper.rb:9:in `swapselect'
    app/views/findfile/index.html.erb:8
    /usr/lib/ruby/1.8/webrick/httpserver.rb:104:in `service'
    /usr/lib/ruby/1.8/webrick/httpserver.rb:65:in `run'
    /usr/lib/ruby/1.8/webrick/server.rb:173:in `start_thread'
    /usr/lib/ruby/1.8/webrick/server.rb:162:in `start'
    /usr/lib/ruby/1.8/webrick/server.rb:162:in `start_thread'
    /usr/lib/ruby/1.8/webrick/server.rb:95:in `start'
    /usr/lib/ruby/1.8/webrick/server.rb:92:in `each'
    /usr/lib/ruby/1.8/webrick/server.rb:92:in `start'
    /usr/lib/ruby/1.8/webrick/server.rb:23:in `start'
    /usr/lib/ruby/1.8/webrick/server.rb:82:in `start'

Rendered rescues/_trace (39.2ms)
Rendered rescues/_request_and_response (0.4ms)
Rendering rescues/layout (internal_server_error)
  [4;36;1mSQL (0.1ms)[0m   [0;1mSET NAMES 'utf8'[0m
  [4;35;1mSQL (0.1ms)[0m   [0mSET SQL_AUTO_IS_NULL=0[0m


Processing FindfileController#index (for 127.0.0.1 at 2010-10-28 13:33:33) [GET]
  [4;36;1mExtension Load (0.1ms)[0m   [0;1mSELECT * FROM `extensions` [0m
Rendering template within layouts/application
Rendering findfile/index
  [4;35;1mExtension Columns (0.7ms)[0m   [0mSHOW FIELDS FROM `extensions`[0m

ActionView::TemplateError (undefined method `selected_ids' for nil:NilClass) on line #8 of app/views/findfile/index.html.erb:
5: 
6: select_tag (‚Äúextension[names][]‚Äú, options_from_collection_for_select(@extensions, ‚Äúid‚Äù, ‚Äúname‚Äù), :multiple=>true) 
7: 
8: <%= swapselect :extension, @extension, :selected, @extensions %>

    app/helpers/swapselect_helper.rb:9:in `send'
    app/helpers/swapselect_helper.rb:9:in `swapselect'
    app/views/findfile/index.html.erb:8
    /usr/lib/ruby/1.8/webrick/httpserver.rb:104:in `service'
    /usr/lib/ruby/1.8/webrick/httpserver.rb:65:in `run'
    /usr/lib/ruby/1.8/webrick/server.rb:173:in `start_thread'
    /usr/lib/ruby/1.8/webrick/server.rb:162:in `start'
    /usr/lib/ruby/1.8/webrick/server.rb:162:in `start_thread'
    /usr/lib/ruby/1.8/webrick/server.rb:95:in `start'
    /usr/lib/ruby/1.8/webrick/server.rb:92:in `each'
    /usr/lib/ruby/1.8/webrick/server.rb:92:in `start'
    /usr/lib/ruby/1.8/webrick/server.rb:23:in `start'
    /usr/lib/ruby/1.8/webrick/server.rb:82:in `start'

Rendered rescues/_trace (38.2ms)
Rendered rescues/_request_and_response (0.3ms)
Rendering rescues/layout (internal_server_error)
  [4;36;1mSQL (0.1ms)[0m   [0;1mSET NAMES 'utf8'[0m
  [4;35;1mSQL (0.1ms)[0m   [0mSET SQL_AUTO_IS_NULL=0[0m


Processing FindfileController#index (for 127.0.0.1 at 2010-10-28 13:35:50) [GET]
  [4;36;1mExtension Load (0.1ms)[0m   [0;1mSELECT * FROM `extensions` [0m
Rendering template within layouts/application
Rendering findfile/index
  [4;35;1mExtension Columns (0.6ms)[0m   [0mSHOW FIELDS FROM `extensions`[0m

ActionView::TemplateError (undefined method `selected_ids' for nil:NilClass) on line #8 of app/views/findfile/index.html.erb:
5: 
6: select_tag (‚Äúextension[names][]‚Äú, options_from_collection_for_select(@extensions, ‚Äúid‚Äù, ‚Äúname‚Äù), :multiple=>true) 
7: 
8: <%= swapselect :extension, @extension, :selected, @extensions %>

    app/helpers/swapselect_helper.rb:9:in `send'
    app/helpers/swapselect_helper.rb:9:in `swapselect'
    app/views/findfile/index.html.erb:8
    /usr/lib/ruby/1.8/webrick/httpserver.rb:104:in `service'
    /usr/lib/ruby/1.8/webrick/httpserver.rb:65:in `run'
    /usr/lib/ruby/1.8/webrick/server.rb:173:in `start_thread'
    /usr/lib/ruby/1.8/webrick/server.rb:162:in `start'
    /usr/lib/ruby/1.8/webrick/server.rb:162:in `start_thread'
    /usr/lib/ruby/1.8/webrick/server.rb:95:in `start'
    /usr/lib/ruby/1.8/webrick/server.rb:92:in `each'
    /usr/lib/ruby/1.8/webrick/server.rb:92:in `start'
    /usr/lib/ruby/1.8/webrick/server.rb:23:in `start'
    /usr/lib/ruby/1.8/webrick/server.rb:82:in `start'

Rendered rescues/_trace (101.3ms)
Rendered rescues/_request_and_response (0.3ms)
Rendering rescues/layout (internal_server_error)
  [4;36;1mSQL (0.1ms)[0m   [0;1mSET NAMES 'utf8'[0m
  [4;35;1mSQL (0.1ms)[0m   [0mSET SQL_AUTO_IS_NULL=0[0m


Processing FindfileController#index (for 127.0.0.1 at 2010-10-28 13:36:21) [GET]
  [4;36;1mExtension Load (0.1ms)[0m   [0;1mSELECT * FROM `extensions` [0m
Rendering template within layouts/application
Rendering findfile/index
  [4;35;1mExtension Columns (0.6ms)[0m   [0mSHOW FIELDS FROM `extensions`[0m

ActionView::TemplateError (undefined method `selected_ids' for nil:NilClass) on line #8 of app/views/findfile/index.html.erb:
5: 
6: select_tag (‚Äúextension[names][]‚Äú, options_from_collection_for_select(@extensions, ‚Äúid‚Äù, ‚Äúname‚Äù), :multiple=>true) 
7: 
8: <%= swapselect :extension, @extension, :selected, @extensions %>

    app/helpers/swapselect_helper.rb:9:in `send'
    app/helpers/swapselect_helper.rb:9:in `swapselect'
    app/views/findfile/index.html.erb:8
    /usr/lib/ruby/1.8/webrick/httpserver.rb:104:in `service'
    /usr/lib/ruby/1.8/webrick/httpserver.rb:65:in `run'
    /usr/lib/ruby/1.8/webrick/server.rb:173:in `start_thread'
    /usr/lib/ruby/1.8/webrick/server.rb:162:in `start'
    /usr/lib/ruby/1.8/webrick/server.rb:162:in `start_thread'
    /usr/lib/ruby/1.8/webrick/server.rb:95:in `start'
    /usr/lib/ruby/1.8/webrick/server.rb:92:in `each'
    /usr/lib/ruby/1.8/webrick/server.rb:92:in `start'
    /usr/lib/ruby/1.8/webrick/server.rb:23:in `start'
    /usr/lib/ruby/1.8/webrick/server.rb:82:in `start'

Rendered rescues/_trace (36.5ms)
Rendered rescues/_request_and_response (0.3ms)
Rendering rescues/layout (internal_server_error)
  [4;36;1mSQL (0.1ms)[0m   [0;1mSET NAMES 'utf8'[0m
  [4;35;1mSQL (0.1ms)[0m   [0mSET SQL_AUTO_IS_NULL=0[0m


Processing FindfileController#index (for 127.0.0.1 at 2010-10-28 13:45:59) [GET]
  [4;36;1mExtension Load (0.1ms)[0m   [0;1mSELECT * FROM `extensions` [0m
Rendering template within layouts/application
Rendering findfile/index
  [4;35;1mExtension Columns (0.6ms)[0m   [0mSHOW FIELDS FROM `extensions`[0m

ActionView::TemplateError (undefined method `selected_ids' for nil:NilClass) on line #8 of app/views/findfile/index.html.erb:
5: 
6: select_tag (‚Äúextension[names][]‚Äú, options_from_collection_for_select(@extensions, ‚Äúid‚Äù, ‚Äúname‚Äù), :multiple=>true) 
7: 
8: <%= swapselect :extension, @extension, :selected, @extensions %>

    app/helpers/swapselect_helper.rb:9:in `send'
    app/helpers/swapselect_helper.rb:9:in `swapselect'
    app/views/findfile/index.html.erb:8
    /usr/lib/ruby/1.8/webrick/httpserver.rb:104:in `service'
    /usr/lib/ruby/1.8/webrick/httpserver.rb:65:in `run'
    /usr/lib/ruby/1.8/webrick/server.rb:173:in `start_thread'
    /usr/lib/ruby/1.8/webrick/server.rb:162:in `start'
    /usr/lib/ruby/1.8/webrick/server.rb:162:in `start_thread'
    /usr/lib/ruby/1.8/webrick/server.rb:95:in `start'
    /usr/lib/ruby/1.8/webrick/server.rb:92:in `each'
    /usr/lib/ruby/1.8/webrick/server.rb:92:in `start'
    /usr/lib/ruby/1.8/webrick/server.rb:23:in `start'
    /usr/lib/ruby/1.8/webrick/server.rb:82:in `start'

Rendered rescues/_trace (99.5ms)
Rendered rescues/_request_and_response (0.3ms)
Rendering rescues/layout (internal_server_error)
  [4;36;1mSQL (0.1ms)[0m   [0;1mSET NAMES 'utf8'[0m
  [4;35;1mSQL (0.1ms)[0m   [0mSET SQL_AUTO_IS_NULL=0[0m


Processing FindfileController#index (for 127.0.0.1 at 2010-10-28 13:47:20) [GET]
  [4;36;1mExtension Load (0.1ms)[0m   [0;1mSELECT * FROM `extensions` [0m
  [4;35;1mExtension Columns (0.5ms)[0m   [0mSHOW FIELDS FROM `extensions`[0m
Rendering template within layouts/application
Rendering findfile/index

ActionView::TemplateError (wrong number of arguments (0 for 1)) on line #8 of app/views/findfile/index.html.erb:
5: 
6: select_tag (‚Äúextension[names][]‚Äú, options_from_collection_for_select(@extensions, ‚Äúid‚Äù, ‚Äúname‚Äù), :multiple=>true) 
7: 
8: <%= swapselect :extension, @extension, :selected, @extensions %>

    app/helpers/swapselect_helper.rb:9:in `selected_ids'
    app/helpers/swapselect_helper.rb:9:in `send'
    app/helpers/swapselect_helper.rb:9:in `swapselect'
    app/views/findfile/index.html.erb:8
    /usr/lib/ruby/1.8/webrick/httpserver.rb:104:in `service'
    /usr/lib/ruby/1.8/webrick/httpserver.rb:65:in `run'
    /usr/lib/ruby/1.8/webrick/server.rb:173:in `start_thread'
    /usr/lib/ruby/1.8/webrick/server.rb:162:in `start'
    /usr/lib/ruby/1.8/webrick/server.rb:162:in `start_thread'
    /usr/lib/ruby/1.8/webrick/server.rb:95:in `start'
    /usr/lib/ruby/1.8/webrick/server.rb:92:in `each'
    /usr/lib/ruby/1.8/webrick/server.rb:92:in `start'
    /usr/lib/ruby/1.8/webrick/server.rb:23:in `start'
    /usr/lib/ruby/1.8/webrick/server.rb:82:in `start'

Rendered rescues/_trace (38.2ms)
Rendered rescues/_request_and_response (0.5ms)
Rendering rescues/layout (internal_server_error)
  [4;36;1mSQL (0.1ms)[0m   [0;1mSET NAMES 'utf8'[0m
  [4;35;1mSQL (0.1ms)[0m   [0mSET SQL_AUTO_IS_NULL=0[0m


Processing FindfileController#index (for 127.0.0.1 at 2010-10-28 13:47:22) [GET]
  [4;36;1mExtension Load (0.1ms)[0m   [0;1mSELECT * FROM `extensions` [0m
  [4;35;1mExtension Columns (0.6ms)[0m   [0mSHOW FIELDS FROM `extensions`[0m
Rendering template within layouts/application
Rendering findfile/index

ActionView::TemplateError (wrong number of arguments (0 for 1)) on line #8 of app/views/findfile/index.html.erb:
5: 
6: select_tag (‚Äúextension[names][]‚Äú, options_from_collection_for_select(@extensions, ‚Äúid‚Äù, ‚Äúname‚Äù), :multiple=>true) 
7: 
8: <%= swapselect :extension, @extension, :selected, @extensions %>

    app/helpers/swapselect_helper.rb:9:in `selected_ids'
    app/helpers/swapselect_helper.rb:9:in `send'
    app/helpers/swapselect_helper.rb:9:in `swapselect'
    app/views/findfile/index.html.erb:8
    /usr/lib/ruby/1.8/webrick/httpserver.rb:104:in `service'
    /usr/lib/ruby/1.8/webrick/httpserver.rb:65:in `run'
    /usr/lib/ruby/1.8/webrick/server.rb:173:in `start_thread'
    /usr/lib/ruby/1.8/webrick/server.rb:162:in `start'
    /usr/lib/ruby/1.8/webrick/server.rb:162:in `start_thread'
    /usr/lib/ruby/1.8/webrick/server.rb:95:in `start'
    /usr/lib/ruby/1.8/webrick/server.rb:92:in `each'
    /usr/lib/ruby/1.8/webrick/server.rb:92:in `start'
    /usr/lib/ruby/1.8/webrick/server.rb:23:in `start'
    /usr/lib/ruby/1.8/webrick/server.rb:82:in `start'

Rendered rescues/_trace (100.5ms)
Rendered rescues/_request_and_response (0.3ms)
Rendering rescues/layout (internal_server_error)
  [4;36;1mSQL (0.1ms)[0m   [0;1mSET NAMES 'utf8'[0m
  [4;35;1mSQL (0.1ms)[0m   [0mSET SQL_AUTO_IS_NULL=0[0m


Processing FindfileController#index (for 127.0.0.1 at 2010-10-28 13:48:35) [GET]
  [4;36;1mExtension Load (0.1ms)[0m   [0;1mSELECT * FROM `extensions` [0m
  [4;35;1mExtension Columns (0.5ms)[0m   [0mSHOW FIELDS FROM `extensions`[0m
Rendering template within layouts/application
Rendering findfile/index

ActionView::TemplateError (undefined method `last' for #<Extension:0xb6e91ff4>) on line #8 of app/views/findfile/index.html.erb:
5: 
6: select_tag (‚Äúextension[names][]‚Äú, options_from_collection_for_select(@extensions, ‚Äúid‚Äù, ‚Äúname‚Äù), :multiple=>true) 
7: 
8: <%= swapselect :extension, @extension, :selected, @extensions %>

    app/helpers/swapselect_helper.rb:15:in `swapselect'
    app/helpers/swapselect_helper.rb:15:in `each'
    app/helpers/swapselect_helper.rb:15:in `any?'
    app/helpers/swapselect_helper.rb:15:in `swapselect'
    app/helpers/swapselect_helper.rb:14:in `each'
    app/helpers/swapselect_helper.rb:14:in `swapselect'
    app/views/findfile/index.html.erb:8
    /usr/lib/ruby/1.8/webrick/httpserver.rb:104:in `service'
    /usr/lib/ruby/1.8/webrick/httpserver.rb:65:in `run'
    /usr/lib/ruby/1.8/webrick/server.rb:173:in `start_thread'
    /usr/lib/ruby/1.8/webrick/server.rb:162:in `start'
    /usr/lib/ruby/1.8/webrick/server.rb:162:in `start_thread'
    /usr/lib/ruby/1.8/webrick/server.rb:95:in `start'
    /usr/lib/ruby/1.8/webrick/server.rb:92:in `each'
    /usr/lib/ruby/1.8/webrick/server.rb:92:in `start'
    /usr/lib/ruby/1.8/webrick/server.rb:23:in `start'
    /usr/lib/ruby/1.8/webrick/server.rb:82:in `start'

Rendered rescues/_trace (39.4ms)
Rendered rescues/_request_and_response (0.3ms)
Rendering rescues/layout (internal_server_error)
  [4;36;1mSQL (0.1ms)[0m   [0;1mSET NAMES 'utf8'[0m
  [4;35;1mSQL (0.1ms)[0m   [0mSET SQL_AUTO_IS_NULL=0[0m


Processing FindfileController#index (for 127.0.0.1 at 2010-10-28 13:53:29) [GET]
  [4;36;1mExtension Load (0.1ms)[0m   [0;1mSELECT * FROM `extensions` [0m
  [4;35;1mExtension Columns (0.5ms)[0m   [0mSHOW FIELDS FROM `extensions`[0m
Rendering template within layouts/application
Rendering findfile/index

ActionView::TemplateError (undefined method `all' for nil:NilClass) on line #8 of app/views/findfile/index.html.erb:
5: 
6: select_tag (‚Äúextension[names][]‚Äú, options_from_collection_for_select(@extensions, ‚Äúid‚Äù, ‚Äúname‚Äù), :multiple=>true) 
7: 
8: <%= swapselect :extension, @extension, :selected, @Extension.all.map{ |extension| [extension.name, extension.id] } %>

    app/views/findfile/index.html.erb:8
    /usr/lib/ruby/1.8/webrick/httpserver.rb:104:in `service'
    /usr/lib/ruby/1.8/webrick/httpserver.rb:65:in `run'
    /usr/lib/ruby/1.8/webrick/server.rb:173:in `start_thread'
    /usr/lib/ruby/1.8/webrick/server.rb:162:in `start'
    /usr/lib/ruby/1.8/webrick/server.rb:162:in `start_thread'
    /usr/lib/ruby/1.8/webrick/server.rb:95:in `start'
    /usr/lib/ruby/1.8/webrick/server.rb:92:in `each'
    /usr/lib/ruby/1.8/webrick/server.rb:92:in `start'
    /usr/lib/ruby/1.8/webrick/server.rb:23:in `start'
    /usr/lib/ruby/1.8/webrick/server.rb:82:in `start'

Rendered rescues/_trace (100.0ms)
Rendered rescues/_request_and_response (0.3ms)
Rendering rescues/layout (internal_server_error)
  [4;36;1mSQL (0.1ms)[0m   [0;1mSET NAMES 'utf8'[0m
  [4;35;1mSQL (0.1ms)[0m   [0mSET SQL_AUTO_IS_NULL=0[0m


Processing FindfileController#index (for 127.0.0.1 at 2010-10-28 13:55:26) [GET]
  [4;36;1mExtension Load (0.1ms)[0m   [0;1mSELECT * FROM `extensions` [0m
  [4;35;1mExtension Columns (0.6ms)[0m   [0mSHOW FIELDS FROM `extensions`[0m
Rendering template within layouts/application
Rendering findfile/index

ActionView::TemplateError (You have a nil object when you didn't expect it!
You might have expected an instance of Array.
The error occurred while evaluating nil.find) on line #8 of app/views/findfile/index.html.erb:
5: 
6: select_tag (‚Äúextension[names][]‚Äú, options_from_collection_for_select(@extensions, ‚Äúid‚Äù, ‚Äúname‚Äù), :multiple=>true) 
7: 
8: <%= swapselect :extension, @extension, :selected, @Extension.find(:all).map{ |extension| [extension.name, extension.id] } %>

    app/views/findfile/index.html.erb:8
    /usr/lib/ruby/1.8/webrick/httpserver.rb:104:in `service'
    /usr/lib/ruby/1.8/webrick/httpserver.rb:65:in `run'
    /usr/lib/ruby/1.8/webrick/server.rb:173:in `start_thread'
    /usr/lib/ruby/1.8/webrick/server.rb:162:in `start'
    /usr/lib/ruby/1.8/webrick/server.rb:162:in `start_thread'
    /usr/lib/ruby/1.8/webrick/server.rb:95:in `start'
    /usr/lib/ruby/1.8/webrick/server.rb:92:in `each'
    /usr/lib/ruby/1.8/webrick/server.rb:92:in `start'
    /usr/lib/ruby/1.8/webrick/server.rb:23:in `start'
    /usr/lib/ruby/1.8/webrick/server.rb:82:in `start'

Rendered rescues/_trace (35.9ms)
Rendered rescues/_request_and_response (0.3ms)
Rendering rescues/layout (internal_server_error)
  [4;36;1mSQL (0.1ms)[0m   [0;1mSET NAMES 'utf8'[0m
  [4;35;1mSQL (0.1ms)[0m   [0mSET SQL_AUTO_IS_NULL=0[0m


Processing FindfileController#index (for 127.0.0.1 at 2010-10-28 13:56:03) [GET]
  [4;36;1mExtension Load (0.1ms)[0m   [0;1mSELECT * FROM `extensions` [0m
  [4;35;1mExtension Columns (0.5ms)[0m   [0mSHOW FIELDS FROM `extensions`[0m
Rendering template within layouts/application
Rendering findfile/index
  [4;36;1mCACHE (0.0ms)[0m   [0;1mSELECT * FROM `extensions` [0m

ActionView::TemplateError (No expansion found for :swapselect) on line #11 of app/views/layouts/application.rhtml:
8:  
9:   <!-- just make sure to include CSS and Javascript files here, and in all layout files you use!!! -->
10: 	<%= stylesheet_link_tag "swapselect" %>
11: 	<%= javascript_include_tag :swapselect %>
12: 	
13: 	
14:   </head>

    app/views/layouts/application.rhtml:11:in `_run_rhtml_app47views47layouts47application46rhtml'
    /usr/lib/ruby/1.8/webrick/httpserver.rb:104:in `service'
    /usr/lib/ruby/1.8/webrick/httpserver.rb:65:in `run'
    /usr/lib/ruby/1.8/webrick/server.rb:173:in `start_thread'
    /usr/lib/ruby/1.8/webrick/server.rb:162:in `start'
    /usr/lib/ruby/1.8/webrick/server.rb:162:in `start_thread'
    /usr/lib/ruby/1.8/webrick/server.rb:95:in `start'
    /usr/lib/ruby/1.8/webrick/server.rb:92:in `each'
    /usr/lib/ruby/1.8/webrick/server.rb:92:in `start'
    /usr/lib/ruby/1.8/webrick/server.rb:23:in `start'
    /usr/lib/ruby/1.8/webrick/server.rb:82:in `start'

Rendered rescues/_trace (100.1ms)
Rendered rescues/_request_and_response (0.4ms)
Rendering rescues/layout (internal_server_error)
  [4;35;1mSQL (0.1ms)[0m   [0mSET NAMES 'utf8'[0m
  [4;36;1mSQL (0.1ms)[0m   [0;1mSET SQL_AUTO_IS_NULL=0[0m


Processing FindfileController#index (for 127.0.0.1 at 2010-10-28 13:57:15) [GET]
  [4;35;1mExtension Load (0.1ms)[0m   [0mSELECT * FROM `extensions` [0m
  [4;36;1mExtension Columns (0.5ms)[0m   [0;1mSHOW FIELDS FROM `extensions`[0m
Rendering template within layouts/application
Rendering findfile/index
  [4;35;1mCACHE (0.0ms)[0m   [0mSELECT * FROM `extensions` [0m

ActionView::TemplateError (undefined method `js' for :swapselect:Symbol) on line #11 of app/views/layouts/application.rhtml:
8:  
9:   <!-- just make sure to include CSS and Javascript files here, and in all layout files you use!!! -->
10: 	<%= stylesheet_link_tag "swapselect" %>
11: 	<%= javascript_include_tag :swapselect.js %>
12: 	
13: 	
14:   </head>

    app/views/layouts/application.rhtml:11:in `_run_rhtml_app47views47layouts47application46rhtml'
    /usr/lib/ruby/1.8/webrick/httpserver.rb:104:in `service'
    /usr/lib/ruby/1.8/webrick/httpserver.rb:65:in `run'
    /usr/lib/ruby/1.8/webrick/server.rb:173:in `start_thread'
    /usr/lib/ruby/1.8/webrick/server.rb:162:in `start'
    /usr/lib/ruby/1.8/webrick/server.rb:162:in `start_thread'
    /usr/lib/ruby/1.8/webrick/server.rb:95:in `start'
    /usr/lib/ruby/1.8/webrick/server.rb:92:in `each'
    /usr/lib/ruby/1.8/webrick/server.rb:92:in `start'
    /usr/lib/ruby/1.8/webrick/server.rb:23:in `start'
    /usr/lib/ruby/1.8/webrick/server.rb:82:in `start'

Rendered rescues/_trace (36.5ms)
Rendered rescues/_request_and_response (0.3ms)
Rendering rescues/layout (internal_server_error)
  [4;36;1mSQL (0.1ms)[0m   [0;1mSET NAMES 'utf8'[0m
  [4;35;1mSQL (0.1ms)[0m   [0mSET SQL_AUTO_IS_NULL=0[0m


Processing FindfileController#index (for 127.0.0.1 at 2010-10-28 13:57:56) [GET]
  [4;36;1mExtension Load (0.1ms)[0m   [0;1mSELECT * FROM `extensions` [0m
  [4;35;1mExtension Columns (0.5ms)[0m   [0mSHOW FIELDS FROM `extensions`[0m
Rendering template within layouts/application
Rendering findfile/index
  [4;36;1mCACHE (0.0ms)[0m   [0;1mSELECT * FROM `extensions` [0m
Completed in 14ms (View: 7, DB: 1) | 200 OK [http://0.0.0.0/findfile]
  [4;35;1mSQL (0.1ms)[0m   [0mSET NAMES 'utf8'[0m
  [4;36;1mSQL (0.1ms)[0m   [0;1mSET SQL_AUTO_IS_NULL=0[0m


Processing ApplicationController#index (for 127.0.0.1 at 2010-10-28 13:57:56) [GET]

ActionController::RoutingError (No route matches "/stylesheets/swapselect.css" with {:method=>:get}):
  /usr/lib/ruby/1.8/webrick/httpserver.rb:104:in `service'
  /usr/lib/ruby/1.8/webrick/httpserver.rb:65:in `run'
  /usr/lib/ruby/1.8/webrick/server.rb:173:in `start_thread'
  /usr/lib/ruby/1.8/webrick/server.rb:162:in `start'
  /usr/lib/ruby/1.8/webrick/server.rb:162:in `start_thread'
  /usr/lib/ruby/1.8/webrick/server.rb:95:in `start'
  /usr/lib/ruby/1.8/webrick/server.rb:92:in `each'
  /usr/lib/ruby/1.8/webrick/server.rb:92:in `start'
  /usr/lib/ruby/1.8/webrick/server.rb:23:in `start'
  /usr/lib/ruby/1.8/webrick/server.rb:82:in `start'

Rendering rescues/layout (not_found)
  [4;35;1mSQL (0.1ms)[0m   [0mSET NAMES 'utf8'[0m
  [4;36;1mSQL (0.1ms)[0m   [0;1mSET SQL_AUTO_IS_NULL=0[0m


Processing ApplicationController#index (for 127.0.0.1 at 2010-10-28 13:57:56) [GET]

ActionController::RoutingError (No route matches "/javascripts/swapselect.js" with {:method=>:get}):
  /usr/lib/ruby/1.8/webrick/httpserver.rb:104:in `service'
  /usr/lib/ruby/1.8/webrick/httpserver.rb:65:in `run'
  /usr/lib/ruby/1.8/webrick/server.rb:173:in `start_thread'
  /usr/lib/ruby/1.8/webrick/server.rb:162:in `start'
  /usr/lib/ruby/1.8/webrick/server.rb:162:in `start_thread'
  /usr/lib/ruby/1.8/webrick/server.rb:95:in `start'
  /usr/lib/ruby/1.8/webrick/server.rb:92:in `each'
  /usr/lib/ruby/1.8/webrick/server.rb:92:in `start'
  /usr/lib/ruby/1.8/webrick/server.rb:23:in `start'
  /usr/lib/ruby/1.8/webrick/server.rb:82:in `start'

Rendering rescues/layout (not_found)
  [4;35;1mSQL (0.1ms)[0m   [0mSET NAMES 'utf8'[0m
  [4;36;1mSQL (0.1ms)[0m   [0;1mSET SQL_AUTO_IS_NULL=0[0m


Processing FindfileController#index (for 127.0.0.1 at 2010-10-28 13:58:03) [GET]
  [4;35;1mExtension Load (0.1ms)[0m   [0mSELECT * FROM `extensions` [0m
  [4;36;1mExtension Columns (0.5ms)[0m   [0;1mSHOW FIELDS FROM `extensions`[0m
Rendering template within layouts/application
Rendering findfile/index
  [4;35;1mCACHE (0.0ms)[0m   [0mSELECT * FROM `extensions` [0m
Completed in 11ms (View: 4, DB: 1) | 200 OK [http://0.0.0.0/findfile]
  [4;36;1mSQL (0.1ms)[0m   [0;1mSET NAMES 'utf8'[0m
  [4;35;1mSQL (0.1ms)[0m   [0mSET SQL_AUTO_IS_NULL=0[0m


Processing ApplicationController#index (for 127.0.0.1 at 2010-10-28 13:58:04) [GET]

ActionController::RoutingError (No route matches "/stylesheets/swapselect.css" with {:method=>:get}):
  /usr/lib/ruby/1.8/webrick/httpserver.rb:104:in `service'
  /usr/lib/ruby/1.8/webrick/httpserver.rb:65:in `run'
  /usr/lib/ruby/1.8/webrick/server.rb:173:in `start_thread'
  /usr/lib/ruby/1.8/webrick/server.rb:162:in `start'
  /usr/lib/ruby/1.8/webrick/server.rb:162:in `start_thread'
  /usr/lib/ruby/1.8/webrick/server.rb:95:in `start'
  /usr/lib/ruby/1.8/webrick/server.rb:92:in `each'
  /usr/lib/ruby/1.8/webrick/server.rb:92:in `start'
  /usr/lib/ruby/1.8/webrick/server.rb:23:in `start'
  /usr/lib/ruby/1.8/webrick/server.rb:82:in `start'

Rendering rescues/layout (not_found)
  [4;36;1mSQL (0.1ms)[0m   [0;1mSET NAMES 'utf8'[0m
  [4;35;1mSQL (0.1ms)[0m   [0mSET SQL_AUTO_IS_NULL=0[0m


Processing ApplicationController#index (for 127.0.0.1 at 2010-10-28 13:58:04) [GET]

ActionController::RoutingError (No route matches "/javascripts/swapselect.js" with {:method=>:get}):
  /usr/lib/ruby/1.8/webrick/httpserver.rb:104:in `service'
  /usr/lib/ruby/1.8/webrick/httpserver.rb:65:in `run'
  /usr/lib/ruby/1.8/webrick/server.rb:173:in `start_thread'
  /usr/lib/ruby/1.8/webrick/server.rb:162:in `start'
  /usr/lib/ruby/1.8/webrick/server.rb:162:in `start_thread'
  /usr/lib/ruby/1.8/webrick/server.rb:95:in `start'
  /usr/lib/ruby/1.8/webrick/server.rb:92:in `each'
  /usr/lib/ruby/1.8/webrick/server.rb:92:in `start'
  /usr/lib/ruby/1.8/webrick/server.rb:23:in `start'
  /usr/lib/ruby/1.8/webrick/server.rb:82:in `start'

Rendering rescues/layout (not_found)
  [4;36;1mSQL (0.1ms)[0m   [0;1mSET NAMES 'utf8'[0m
  [4;35;1mSQL (0.1ms)[0m   [0mSET SQL_AUTO_IS_NULL=0[0m


Processing FindfileController#index (for 127.0.0.1 at 2010-10-29 09:34:21) [GET]
  [4;36;1mExtension Load (0.1ms)[0m   [0;1mSELECT * FROM `extensions` [0m
  [4;35;1mExtension Columns (0.6ms)[0m   [0mSHOW FIELDS FROM `extensions`[0m
Rendering template within layouts/application
Rendering findfile/index
  [4;36;1mCACHE (0.0ms)[0m   [0;1mSELECT * FROM `extensions` [0m
Completed in 15ms (View: 8, DB: 1) | 200 OK [http://0.0.0.0/findfile]
  [4;35;1mSQL (0.1ms)[0m   [0mSET NAMES 'utf8'[0m
  [4;36;1mSQL (0.1ms)[0m   [0;1mSET SQL_AUTO_IS_NULL=0[0m


Processing ApplicationController#index (for 127.0.0.1 at 2010-10-29 09:34:21) [GET]

ActionController::RoutingError (No route matches "/javascripts/swapselect.js" with {:method=>:get}):
  /usr/lib/ruby/1.8/webrick/httpserver.rb:104:in `service'
  /usr/lib/ruby/1.8/webrick/httpserver.rb:65:in `run'
  /usr/lib/ruby/1.8/webrick/server.rb:173:in `start_thread'
  /usr/lib/ruby/1.8/webrick/server.rb:162:in `start'
  /usr/lib/ruby/1.8/webrick/server.rb:162:in `start_thread'
  /usr/lib/ruby/1.8/webrick/server.rb:95:in `start'
  /usr/lib/ruby/1.8/webrick/server.rb:92:in `each'
  /usr/lib/ruby/1.8/webrick/server.rb:92:in `start'
  /usr/lib/ruby/1.8/webrick/server.rb:23:in `start'
  /usr/lib/ruby/1.8/webrick/server.rb:82:in `start'

Rendering rescues/layout (not_found)
  [4;36;1mSQL (0.1ms)[0m   [0;1mSET NAMES 'utf8'[0m
  [4;35;1mSQL (0.1ms)[0m   [0mSET SQL_AUTO_IS_NULL=0[0m


Processing FindfileController#index (for 127.0.0.1 at 2010-10-29 09:44:02) [GET]
  [4;36;1mExtension Load (0.2ms)[0m   [0;1mSELECT * FROM `extensions` [0m
  [4;35;1mExtension Columns (0.5ms)[0m   [0mSHOW FIELDS FROM `extensions`[0m
Rendering template within layouts/application
Rendering findfile/index
  [4;36;1mCACHE (0.0ms)[0m   [0;1mSELECT * FROM `extensions` [0m
Completed in 22ms (View: 15, DB: 1) | 200 OK [http://0.0.0.0/findfile]
  [4;35;1mSQL (0.1ms)[0m   [0mSET NAMES 'utf8'[0m
  [4;36;1mSQL (0.1ms)[0m   [0;1mSET SQL_AUTO_IS_NULL=0[0m


Processing ApplicationController#index (for 127.0.0.1 at 2010-10-29 09:44:02) [GET]

ActionController::RoutingError (No route matches "/javascripts/swapselect.js" with {:method=>:get}):
  /usr/lib/ruby/1.8/webrick/httpserver.rb:104:in `service'
  /usr/lib/ruby/1.8/webrick/httpserver.rb:65:in `run'
  /usr/lib/ruby/1.8/webrick/server.rb:173:in `start_thread'
  /usr/lib/ruby/1.8/webrick/server.rb:162:in `start'
  /usr/lib/ruby/1.8/webrick/server.rb:162:in `start_thread'
  /usr/lib/ruby/1.8/webrick/server.rb:95:in `start'
  /usr/lib/ruby/1.8/webrick/server.rb:92:in `each'
  /usr/lib/ruby/1.8/webrick/server.rb:92:in `start'
  /usr/lib/ruby/1.8/webrick/server.rb:23:in `start'
  /usr/lib/ruby/1.8/webrick/server.rb:82:in `start'

Rendering rescues/layout (not_found)
  [4;35;1mSQL (0.1ms)[0m   [0mSET NAMES 'utf8'[0m
  [4;36;1mSQL (0.1ms)[0m   [0;1mSET SQL_AUTO_IS_NULL=0[0m


Processing FindfileController#index (for 127.0.0.1 at 2010-10-29 09:46:25) [GET]
  [4;35;1mExtension Load (0.1ms)[0m   [0mSELECT * FROM `extensions` [0m
  [4;36;1mExtension Columns (0.6ms)[0m   [0;1mSHOW FIELDS FROM `extensions`[0m
Rendering template within layouts/application
Rendering findfile/index
  [4;35;1mCACHE (0.0ms)[0m   [0mSELECT * FROM `extensions` [0m
Completed in 10ms (View: 3, DB: 1) | 200 OK [http://0.0.0.0/findfile]
  [4;36;1mSQL (0.1ms)[0m   [0;1mSET NAMES 'utf8'[0m
  [4;35;1mSQL (0.1ms)[0m   [0mSET SQL_AUTO_IS_NULL=0[0m


Processing FindfileController#index (for 127.0.0.1 at 2010-10-29 09:47:29) [GET]
  [4;36;1mExtension Load (0.1ms)[0m   [0;1mSELECT * FROM `extensions` [0m
  [4;35;1mExtension Columns (0.6ms)[0m   [0mSHOW FIELDS FROM `extensions`[0m
Rendering template within layouts/application
Rendering findfile/index
  [4;36;1mCACHE (0.0ms)[0m   [0;1mSELECT * FROM `extensions` [0m
Completed in 10ms (View: 4, DB: 1) | 200 OK [http://0.0.0.0/findfile]
  [4;35;1mSQL (0.1ms)[0m   [0mSET NAMES 'utf8'[0m
  [4;36;1mSQL (0.1ms)[0m   [0;1mSET SQL_AUTO_IS_NULL=0[0m


Processing FindfileController#index (for 127.0.0.1 at 2010-10-29 10:14:48) [GET]
  [4;35;1mExtension Load (0.1ms)[0m   [0mSELECT * FROM `extensions` [0m
  [4;36;1mExtension Columns (0.7ms)[0m   [0;1mSHOW FIELDS FROM `extensions`[0m
Rendering template within layouts/application
Rendering findfile/index

ActionView::TemplateError (undefined local variable or method `options' for #<ActionView::Base:0xb6d276b4>) on line #6 of app/views/findfile/index.html.erb:
3: <p><label for="file_extension">Pick Extension(s)</label>:
4: <%= collection_select(:extension,:id,@extensions,:id,:name, html_options = {:multiple=>true}) %></p>
5: 
6: <%= text_field :findfile, :search_start, options %>
7: 
8: <%= swapselect :extension, @extension, :selected, Extension.find(:all).map{ |extension| [extension.name, extension.id] } %>

    app/views/findfile/index.html.erb:6
    /usr/lib/ruby/1.8/webrick/httpserver.rb:104:in `service'
    /usr/lib/ruby/1.8/webrick/httpserver.rb:65:in `run'
    /usr/lib/ruby/1.8/webrick/server.rb:173:in `start_thread'
    /usr/lib/ruby/1.8/webrick/server.rb:162:in `start'
    /usr/lib/ruby/1.8/webrick/server.rb:162:in `start_thread'
    /usr/lib/ruby/1.8/webrick/server.rb:95:in `start'
    /usr/lib/ruby/1.8/webrick/server.rb:92:in `each'
    /usr/lib/ruby/1.8/webrick/server.rb:92:in `start'
    /usr/lib/ruby/1.8/webrick/server.rb:23:in `start'
    /usr/lib/ruby/1.8/webrick/server.rb:82:in `start'

Rendered rescues/_trace (39.5ms)
Rendered rescues/_request_and_response (1.5ms)
Rendering rescues/layout (internal_server_error)
  [4;35;1mSQL (0.1ms)[0m   [0mSET NAMES 'utf8'[0m
  [4;36;1mSQL (0.1ms)[0m   [0;1mSET SQL_AUTO_IS_NULL=0[0m


Processing FindfileController#index (for 127.0.0.1 at 2010-10-29 10:16:21) [GET]
  [4;35;1mExtension Load (0.5ms)[0m   [0mSELECT * FROM `extensions` [0m
  [4;36;1mExtension Columns (0.5ms)[0m   [0;1mSHOW FIELDS FROM `extensions`[0m
Rendering template within layouts/application
Rendering findfile/index
  [4;35;1mCACHE (0.0ms)[0m   [0mSELECT * FROM `extensions` [0m
Completed in 14ms (View: 7, DB: 1) | 200 OK [http://0.0.0.0/findfile]
  [4;36;1mSQL (0.1ms)[0m   [0;1mSET NAMES 'utf8'[0m
  [4;35;1mSQL (0.1ms)[0m   [0mSET SQL_AUTO_IS_NULL=0[0m


Processing FindfileController#index (for 127.0.0.1 at 2010-10-29 10:20:08) [GET]
  [4;36;1mExtension Load (0.1ms)[0m   [0;1mSELECT * FROM `extensions` [0m
  [4;35;1mExtension Columns (0.5ms)[0m   [0mSHOW FIELDS FROM `extensions`[0m
Rendering template within layouts/application
Rendering findfile/index
  [4;36;1mCACHE (0.0ms)[0m   [0;1mSELECT * FROM `extensions` [0m
Completed in 15ms (View: 8, DB: 1) | 200 OK [http://0.0.0.0/findfile]
  [4;35;1mSQL (0.1ms)[0m   [0mSET NAMES 'utf8'[0m
  [4;36;1mSQL (0.1ms)[0m   [0;1mSET SQL_AUTO_IS_NULL=0[0m


Processing FindfileController#index (for 127.0.0.1 at 2010-10-29 10:21:07) [GET]
  [4;35;1mExtension Load (0.1ms)[0m   [0mSELECT * FROM `extensions` [0m
  [4;36;1mExtension Columns (0.6ms)[0m   [0;1mSHOW FIELDS FROM `extensions`[0m
Rendering template within layouts/application
Rendering findfile/index
  [4;35;1mCACHE (0.0ms)[0m   [0mSELECT * FROM `extensions` [0m
Completed in 77ms (View: 9, DB: 1) | 200 OK [http://0.0.0.0/findfile]
  [4;36;1mSQL (0.1ms)[0m   [0;1mSET NAMES 'utf8'[0m
  [4;35;1mSQL (0.1ms)[0m   [0mSET SQL_AUTO_IS_NULL=0[0m


Processing FindfileController#index (for 127.0.0.1 at 2010-10-29 10:21:37) [GET]
  [4;36;1mExtension Load (0.1ms)[0m   [0;1mSELECT * FROM `extensions` [0m
  [4;35;1mExtension Columns (0.6ms)[0m   [0mSHOW FIELDS FROM `extensions`[0m
Rendering template within layouts/application
Rendering findfile/index
  [4;36;1mCACHE (0.0ms)[0m   [0;1mSELECT * FROM `extensions` [0m
Completed in 16ms (View: 9, DB: 1) | 200 OK [http://0.0.0.0/findfile]
  [4;35;1mSQL (0.1ms)[0m   [0mSET NAMES 'utf8'[0m
  [4;36;1mSQL (0.1ms)[0m   [0;1mSET SQL_AUTO_IS_NULL=0[0m


Processing FindfileController#index (for 127.0.0.1 at 2010-10-29 10:43:54) [GET]
  [4;35;1mExtension Load (0.1ms)[0m   [0mSELECT * FROM `extensions` [0m
  [4;36;1mExtension Columns (0.6ms)[0m   [0;1mSHOW FIELDS FROM `extensions`[0m
Rendering template within layouts/application
Rendering findfile/index
  [4;35;1mCACHE (0.0ms)[0m   [0mSELECT * FROM `extensions` [0m

ActionView::TemplateError (undefined local variable or method `end_form_tag' for #<ActionView::Base:0xb6e70c28>) on line #13 of app/views/findfile/index.html.erb:
10: File extensions to search for
11: <%= swapselect :extension, @extension, :selected, Extension.find(:all).map{ |extension| [extension.name, extension.id] } %>
12: 
13: <%= end_form_tag %>

    app/views/findfile/index.html.erb:13
    /usr/lib/ruby/1.8/webrick/httpserver.rb:104:in `service'
    /usr/lib/ruby/1.8/webrick/httpserver.rb:65:in `run'
    /usr/lib/ruby/1.8/webrick/server.rb:173:in `start_thread'
    /usr/lib/ruby/1.8/webrick/server.rb:162:in `start'
    /usr/lib/ruby/1.8/webrick/server.rb:162:in `start_thread'
    /usr/lib/ruby/1.8/webrick/server.rb:95:in `start'
    /usr/lib/ruby/1.8/webrick/server.rb:92:in `each'
    /usr/lib/ruby/1.8/webrick/server.rb:92:in `start'
    /usr/lib/ruby/1.8/webrick/server.rb:23:in `start'
    /usr/lib/ruby/1.8/webrick/server.rb:82:in `start'

Rendered rescues/_trace (36.6ms)
Rendered rescues/_request_and_response (0.3ms)
Rendering rescues/layout (internal_server_error)
  [4;36;1mSQL (0.1ms)[0m   [0;1mSET NAMES 'utf8'[0m
  [4;35;1mSQL (0.1ms)[0m   [0mSET SQL_AUTO_IS_NULL=0[0m


Processing FindfileController#index (for 127.0.0.1 at 2010-10-29 10:45:13) [GET]
  [4;36;1mExtension Load (0.1ms)[0m   [0;1mSELECT * FROM `extensions` [0m
  [4;35;1mExtension Columns (0.5ms)[0m   [0mSHOW FIELDS FROM `extensions`[0m
Rendering template within layouts/application
Rendering findfile/index
  [4;36;1mCACHE (0.0ms)[0m   [0;1mSELECT * FROM `extensions` [0m
Completed in 17ms (View: 10, DB: 1) | 200 OK [http://0.0.0.0/findfile]
  [4;35;1mSQL (0.1ms)[0m   [0mSET NAMES 'utf8'[0m
  [4;36;1mSQL (0.1ms)[0m   [0;1mSET SQL_AUTO_IS_NULL=0[0m


Processing FindfileController#index (for 127.0.0.1 at 2010-10-29 10:53:59) [GET]
  [4;35;1mExtension Load (0.1ms)[0m   [0mSELECT * FROM `extensions` [0m
  [4;36;1mExtension Columns (0.5ms)[0m   [0;1mSHOW FIELDS FROM `extensions`[0m
Rendering template within layouts/application
Rendering findfile/index
  [4;35;1mCACHE (0.0ms)[0m   [0mSELECT * FROM `extensions` [0m
Completed in 16ms (View: 9, DB: 1) | 200 OK [http://0.0.0.0/findfile]
  [4;36;1mSQL (0.1ms)[0m   [0;1mSET NAMES 'utf8'[0m
  [4;35;1mSQL (0.1ms)[0m   [0mSET SQL_AUTO_IS_NULL=0[0m


Processing FindfileController#search (for 127.0.0.1 at 2010-10-29 10:54:02) [POST]
  Parameters: {"findfile"=>{"search_start"=>""}, "commit"=>"Search", "authenticity_token"=>"rt1W82KL27jVI20XtQaNYEddseoV9dXEi2LVi3JF2f0="}

ActionView::MissingTemplate (Missing template findfile/search.erb in view path app/views):
  /usr/lib/ruby/1.8/webrick/httpserver.rb:104:in `service'
  /usr/lib/ruby/1.8/webrick/httpserver.rb:65:in `run'
  /usr/lib/ruby/1.8/webrick/server.rb:173:in `start_thread'
  /usr/lib/ruby/1.8/webrick/server.rb:162:in `start'
  /usr/lib/ruby/1.8/webrick/server.rb:162:in `start_thread'
  /usr/lib/ruby/1.8/webrick/server.rb:95:in `start'
  /usr/lib/ruby/1.8/webrick/server.rb:92:in `each'
  /usr/lib/ruby/1.8/webrick/server.rb:92:in `start'
  /usr/lib/ruby/1.8/webrick/server.rb:23:in `start'
  /usr/lib/ruby/1.8/webrick/server.rb:82:in `start'

Rendering rescues/layout (internal_server_error)
  [4;36;1mSQL (0.1ms)[0m   [0;1mSET NAMES 'utf8'[0m
  [4;35;1mSQL (0.1ms)[0m   [0mSET SQL_AUTO_IS_NULL=0[0m


Processing FindfileController#search (for 127.0.0.1 at 2010-10-29 10:54:22) [POST]
  Parameters: {"findfile"=>{"search_start"=>""}, "commit"=>"Search", "authenticity_token"=>"rt1W82KL27jVI20XtQaNYEddseoV9dXEi2LVi3JF2f0="}

ActionView::MissingTemplate (Missing template findfile/search.erb in view path app/views):
  /usr/lib/ruby/1.8/webrick/httpserver.rb:104:in `service'
  /usr/lib/ruby/1.8/webrick/httpserver.rb:65:in `run'
  /usr/lib/ruby/1.8/webrick/server.rb:173:in `start_thread'
  /usr/lib/ruby/1.8/webrick/server.rb:162:in `start'
  /usr/lib/ruby/1.8/webrick/server.rb:162:in `start_thread'
  /usr/lib/ruby/1.8/webrick/server.rb:95:in `start'
  /usr/lib/ruby/1.8/webrick/server.rb:92:in `each'
  /usr/lib/ruby/1.8/webrick/server.rb:92:in `start'
  /usr/lib/ruby/1.8/webrick/server.rb:23:in `start'
  /usr/lib/ruby/1.8/webrick/server.rb:82:in `start'

Rendering rescues/layout (internal_server_error)
  [4;36;1mSQL (0.1ms)[0m   [0;1mSET NAMES 'utf8'[0m
  [4;35;1mSQL (0.1ms)[0m   [0mSET SQL_AUTO_IS_NULL=0[0m


Processing FindfileController#search (for 127.0.0.1 at 2010-10-29 13:35:46) [POST]
  Parameters: {"findfile"=>{"search_start"=>""}, "commit"=>"Search", "authenticity_token"=>"rt1W82KL27jVI20XtQaNYEddseoV9dXEi2LVi3JF2f0="}

ActionView::MissingTemplate (Missing template findfile/search.erb in view path app/views):
  /usr/lib/ruby/1.8/webrick/httpserver.rb:104:in `service'
  /usr/lib/ruby/1.8/webrick/httpserver.rb:65:in `run'
  /usr/lib/ruby/1.8/webrick/server.rb:173:in `start_thread'
  /usr/lib/ruby/1.8/webrick/server.rb:162:in `start'
  /usr/lib/ruby/1.8/webrick/server.rb:162:in `start_thread'
  /usr/lib/ruby/1.8/webrick/server.rb:95:in `start'
  /usr/lib/ruby/1.8/webrick/server.rb:92:in `each'
  /usr/lib/ruby/1.8/webrick/server.rb:92:in `start'
  /usr/lib/ruby/1.8/webrick/server.rb:23:in `start'
  /usr/lib/ruby/1.8/webrick/server.rb:82:in `start'

Rendering rescues/layout (internal_server_error)
  [4;36;1mSQL (0.2ms)[0m   [0;1mSET NAMES 'utf8'[0m
  [4;35;1mSQL (0.1ms)[0m   [0mSET SQL_AUTO_IS_NULL=0[0m


Processing FindfileController#search (for 127.0.0.1 at 2010-10-29 14:04:50) [POST]
  Parameters: {"findfile"=>{"search_start"=>""}, "commit"=>"Search", "extension"=>{"selected_ids"=>["1", "2", "3", "4", "5", "6", "7", "8"]}, "authenticity_token"=>"rt1W82KL27jVI20XtQaNYEddseoV9dXEi2LVi3JF2f0="}

ArgumentError (wrong number of arguments (1 for 0)):
  app/controllers/findfile_controller.rb:21:in `params'
  app/controllers/findfile_controller.rb:21:in `search'
  /usr/lib/ruby/1.8/webrick/httpserver.rb:104:in `service'
  /usr/lib/ruby/1.8/webrick/httpserver.rb:65:in `run'
  /usr/lib/ruby/1.8/webrick/server.rb:173:in `start_thread'
  /usr/lib/ruby/1.8/webrick/server.rb:162:in `start'
  /usr/lib/ruby/1.8/webrick/server.rb:162:in `start_thread'
  /usr/lib/ruby/1.8/webrick/server.rb:95:in `start'
  /usr/lib/ruby/1.8/webrick/server.rb:92:in `each'
  /usr/lib/ruby/1.8/webrick/server.rb:92:in `start'
  /usr/lib/ruby/1.8/webrick/server.rb:23:in `start'
  /usr/lib/ruby/1.8/webrick/server.rb:82:in `start'

Rendered rescues/_trace (88.6ms)
Rendered rescues/_request_and_response (0.5ms)
Rendering rescues/layout (internal_server_error)
  [4;36;1mSQL (0.1ms)[0m   [0;1mSET NAMES 'utf8'[0m
  [4;35;1mSQL (0.1ms)[0m   [0mSET SQL_AUTO_IS_NULL=0[0m


Processing FindfileController#search (for 127.0.0.1 at 2010-10-29 14:06:50) [POST]
  Parameters: {"findfile"=>{"search_start"=>""}, "commit"=>"Search", "extension"=>{"selected_ids"=>["1", "2", "3", "4", "5", "6", "7", "8"]}, "authenticity_token"=>"rt1W82KL27jVI20XtQaNYEddseoV9dXEi2LVi3JF2f0="}

ArgumentError (wrong number of arguments (1 for 0)):
  app/controllers/findfile_controller.rb:21:in `params'
  app/controllers/findfile_controller.rb:21:in `search'
  /usr/lib/ruby/1.8/webrick/httpserver.rb:104:in `service'
  /usr/lib/ruby/1.8/webrick/httpserver.rb:65:in `run'
  /usr/lib/ruby/1.8/webrick/server.rb:173:in `start_thread'
  /usr/lib/ruby/1.8/webrick/server.rb:162:in `start'
  /usr/lib/ruby/1.8/webrick/server.rb:162:in `start_thread'
  /usr/lib/ruby/1.8/webrick/server.rb:95:in `start'
  /usr/lib/ruby/1.8/webrick/server.rb:92:in `each'
  /usr/lib/ruby/1.8/webrick/server.rb:92:in `start'
  /usr/lib/ruby/1.8/webrick/server.rb:23:in `start'
  /usr/lib/ruby/1.8/webrick/server.rb:82:in `start'

Rendered rescues/_trace (35.7ms)
Rendered rescues/_request_and_response (0.5ms)
Rendering rescues/layout (internal_server_error)
  [4;36;1mSQL (0.1ms)[0m   [0;1mSET NAMES 'utf8'[0m
  [4;35;1mSQL (0.1ms)[0m   [0mSET SQL_AUTO_IS_NULL=0[0m


Processing FindfileController#search (for 127.0.0.1 at 2010-10-29 14:08:11) [POST]
  Parameters: {"findfile"=>{"search_start"=>""}, "commit"=>"Search", "extension"=>{"selected_ids"=>["1", "2", "3", "4", "5", "6", "7", "8"]}, "authenticity_token"=>"rt1W82KL27jVI20XtQaNYEddseoV9dXEi2LVi3JF2f0="}

ArgumentError (wrong number of arguments (0 for 1)):
  /usr/lib/ruby/1.8/webrick/httpserver.rb:104:in `service'
  /usr/lib/ruby/1.8/webrick/httpserver.rb:65:in `run'
  /usr/lib/ruby/1.8/webrick/server.rb:173:in `start_thread'
  /usr/lib/ruby/1.8/webrick/server.rb:162:in `start'
  /usr/lib/ruby/1.8/webrick/server.rb:162:in `start_thread'
  /usr/lib/ruby/1.8/webrick/server.rb:95:in `start'
  /usr/lib/ruby/1.8/webrick/server.rb:92:in `each'
  /usr/lib/ruby/1.8/webrick/server.rb:92:in `start'
  /usr/lib/ruby/1.8/webrick/server.rb:23:in `start'
  /usr/lib/ruby/1.8/webrick/server.rb:82:in `start'

Rendered rescues/_trace (29.4ms)
Rendered rescues/_request_and_response (0.5ms)
Rendering rescues/layout (internal_server_error)
  [4;36;1mSQL (0.1ms)[0m   [0;1mSET NAMES 'utf8'[0m
  [4;35;1mSQL (0.1ms)[0m   [0mSET SQL_AUTO_IS_NULL=0[0m


Processing FindfileController#search (for 127.0.0.1 at 2010-10-29 14:08:18) [POST]
  Parameters: {"findfile"=>{"search_start"=>""}, "commit"=>"Search", "extension"=>{"selected_ids"=>["1", "2", "3", "4", "5", "6", "7", "8"]}, "authenticity_token"=>"rt1W82KL27jVI20XtQaNYEddseoV9dXEi2LVi3JF2f0="}

ArgumentError (wrong number of arguments (0 for 1)):
  /usr/lib/ruby/1.8/webrick/httpserver.rb:104:in `service'
  /usr/lib/ruby/1.8/webrick/httpserver.rb:65:in `run'
  /usr/lib/ruby/1.8/webrick/server.rb:173:in `start_thread'
  /usr/lib/ruby/1.8/webrick/server.rb:162:in `start'
  /usr/lib/ruby/1.8/webrick/server.rb:162:in `start_thread'
  /usr/lib/ruby/1.8/webrick/server.rb:95:in `start'
  /usr/lib/ruby/1.8/webrick/server.rb:92:in `each'
  /usr/lib/ruby/1.8/webrick/server.rb:92:in `start'
  /usr/lib/ruby/1.8/webrick/server.rb:23:in `start'
  /usr/lib/ruby/1.8/webrick/server.rb:82:in `start'

Rendered rescues/_trace (107.8ms)
Rendered rescues/_request_and_response (0.5ms)
Rendering rescues/layout (internal_server_error)
  [4;36;1mSQL (0.1ms)[0m   [0;1mSET NAMES 'utf8'[0m
  [4;35;1mSQL (0.1ms)[0m   [0mSET SQL_AUTO_IS_NULL=0[0m


Processing FindfileController#search (for 127.0.0.1 at 2010-10-29 14:09:16) [POST]
  Parameters: {"findfile"=>{"search_start"=>""}, "commit"=>"Search", "extension"=>{"selected_ids"=>["1", "2", "3", "4", "5", "6", "7", "8"]}, "authenticity_token"=>"rt1W82KL27jVI20XtQaNYEddseoV9dXEi2LVi3JF2f0="}

ArgumentError (wrong number of arguments (1 for 0)):
  app/controllers/findfile_controller.rb:21:in `params'
  app/controllers/findfile_controller.rb:21:in `search'
  /usr/lib/ruby/1.8/webrick/httpserver.rb:104:in `service'
  /usr/lib/ruby/1.8/webrick/httpserver.rb:65:in `run'
  /usr/lib/ruby/1.8/webrick/server.rb:173:in `start_thread'
  /usr/lib/ruby/1.8/webrick/server.rb:162:in `start'
  /usr/lib/ruby/1.8/webrick/server.rb:162:in `start_thread'
  /usr/lib/ruby/1.8/webrick/server.rb:95:in `start'
  /usr/lib/ruby/1.8/webrick/server.rb:92:in `each'
  /usr/lib/ruby/1.8/webrick/server.rb:92:in `start'
  /usr/lib/ruby/1.8/webrick/server.rb:23:in `start'
  /usr/lib/ruby/1.8/webrick/server.rb:82:in `start'

Rendered rescues/_trace (30.1ms)
Rendered rescues/_request_and_response (0.5ms)
Rendering rescues/layout (internal_server_error)
  [4;36;1mSQL (0.1ms)[0m   [0;1mSET NAMES 'utf8'[0m
  [4;35;1mSQL (0.1ms)[0m   [0mSET SQL_AUTO_IS_NULL=0[0m


Processing FindfileController#search (for 127.0.0.1 at 2010-10-29 14:10:33) [POST]
  Parameters: {"findfile"=>{"search_start"=>""}, "commit"=>"Search", "extension"=>{"selected_ids"=>["1", "2", "3", "4", "5", "6", "7", "8"]}, "authenticity_token"=>"rt1W82KL27jVI20XtQaNYEddseoV9dXEi2LVi3JF2f0="}

ArgumentError (wrong number of arguments (0 for 1)):
  /usr/lib/ruby/1.8/webrick/httpserver.rb:104:in `service'
  /usr/lib/ruby/1.8/webrick/httpserver.rb:65:in `run'
  /usr/lib/ruby/1.8/webrick/server.rb:173:in `start_thread'
  /usr/lib/ruby/1.8/webrick/server.rb:162:in `start'
  /usr/lib/ruby/1.8/webrick/server.rb:162:in `start_thread'
  /usr/lib/ruby/1.8/webrick/server.rb:95:in `start'
  /usr/lib/ruby/1.8/webrick/server.rb:92:in `each'
  /usr/lib/ruby/1.8/webrick/server.rb:92:in `start'
  /usr/lib/ruby/1.8/webrick/server.rb:23:in `start'
  /usr/lib/ruby/1.8/webrick/server.rb:82:in `start'

Rendered rescues/_trace (35.6ms)
Rendered rescues/_request_and_response (0.5ms)
Rendering rescues/layout (internal_server_error)
  [4;36;1mSQL (0.1ms)[0m   [0;1mSET NAMES 'utf8'[0m
  [4;35;1mSQL (0.1ms)[0m   [0mSET SQL_AUTO_IS_NULL=0[0m


Processing FindfileController#search (for 127.0.0.1 at 2010-10-29 14:27:32) [POST]
  Parameters: {"findfile"=>{"search_start"=>""}, "commit"=>"Search", "extension"=>{"selected_ids"=>["1", "2", "3", "4", "5", "6", "7", "8"]}, "authenticity_token"=>"rt1W82KL27jVI20XtQaNYEddseoV9dXEi2LVi3JF2f0="}

ActionController::UnknownAction (No action responded to search. Actions: create, delete, fileseek, and index):
  /usr/lib/ruby/1.8/webrick/httpserver.rb:104:in `service'
  /usr/lib/ruby/1.8/webrick/httpserver.rb:65:in `run'
  /usr/lib/ruby/1.8/webrick/server.rb:173:in `start_thread'
  /usr/lib/ruby/1.8/webrick/server.rb:162:in `start'
  /usr/lib/ruby/1.8/webrick/server.rb:162:in `start_thread'
  /usr/lib/ruby/1.8/webrick/server.rb:95:in `start'
  /usr/lib/ruby/1.8/webrick/server.rb:92:in `each'
  /usr/lib/ruby/1.8/webrick/server.rb:92:in `start'
  /usr/lib/ruby/1.8/webrick/server.rb:23:in `start'
  /usr/lib/ruby/1.8/webrick/server.rb:82:in `start'

Rendering rescues/layout (not_found)
  [4;36;1mSQL (0.1ms)[0m   [0;1mSET NAMES 'utf8'[0m
  [4;35;1mSQL (0.1ms)[0m   [0mSET SQL_AUTO_IS_NULL=0[0m


Processing FindfileController#search (for 127.0.0.1 at 2010-10-29 14:28:35) [POST]
  Parameters: {"findfile"=>{"search_start"=>""}, "commit"=>"Search", "extension"=>{"selected_ids"=>["1", "2", "3", "4", "5", "6", "7", "8"]}, "authenticity_token"=>"rt1W82KL27jVI20XtQaNYEddseoV9dXEi2LVi3JF2f0="}

ActionController::UnknownAction (No action responded to search. Actions: create, delete, fileseek, and index):
  /usr/lib/ruby/1.8/webrick/httpserver.rb:104:in `service'
  /usr/lib/ruby/1.8/webrick/httpserver.rb:65:in `run'
  /usr/lib/ruby/1.8/webrick/server.rb:173:in `start_thread'
  /usr/lib/ruby/1.8/webrick/server.rb:162:in `start'
  /usr/lib/ruby/1.8/webrick/server.rb:162:in `start_thread'
  /usr/lib/ruby/1.8/webrick/server.rb:95:in `start'
  /usr/lib/ruby/1.8/webrick/server.rb:92:in `each'
  /usr/lib/ruby/1.8/webrick/server.rb:92:in `start'
  /usr/lib/ruby/1.8/webrick/server.rb:23:in `start'
  /usr/lib/ruby/1.8/webrick/server.rb:82:in `start'

Rendering rescues/layout (not_found)
  [4;36;1mSQL (0.1ms)[0m   [0;1mSET NAMES 'utf8'[0m
  [4;35;1mSQL (0.1ms)[0m   [0mSET SQL_AUTO_IS_NULL=0[0m


Processing FindfileController#search (for 127.0.0.1 at 2010-10-29 14:30:18) [POST]
  Parameters: {"findfile"=>{"search_start"=>""}, "commit"=>"Search", "extension"=>{"selected_ids"=>["1", "2", "3", "4", "5", "6", "7", "8"]}, "authenticity_token"=>"rt1W82KL27jVI20XtQaNYEddseoV9dXEi2LVi3JF2f0="}

ActionController::UnknownAction (No action responded to search. Actions: create, delete, fileseek, and index):
  /usr/lib/ruby/1.8/webrick/httpserver.rb:104:in `service'
  /usr/lib/ruby/1.8/webrick/httpserver.rb:65:in `run'
  /usr/lib/ruby/1.8/webrick/server.rb:173:in `start_thread'
  /usr/lib/ruby/1.8/webrick/server.rb:162:in `start'
  /usr/lib/ruby/1.8/webrick/server.rb:162:in `start_thread'
  /usr/lib/ruby/1.8/webrick/server.rb:95:in `start'
  /usr/lib/ruby/1.8/webrick/server.rb:92:in `each'
  /usr/lib/ruby/1.8/webrick/server.rb:92:in `start'
  /usr/lib/ruby/1.8/webrick/server.rb:23:in `start'
  /usr/lib/ruby/1.8/webrick/server.rb:82:in `start'

Rendering rescues/layout (not_found)
  [4;36;1mSQL (0.1ms)[0m   [0;1mSET NAMES 'utf8'[0m
  [4;35;1mSQL (0.1ms)[0m   [0mSET SQL_AUTO_IS_NULL=0[0m


Processing FindfileController#index (for 127.0.0.1 at 2010-10-29 14:30:26) [GET]
  [4;36;1mExtension Load (0.2ms)[0m   [0;1mSELECT * FROM `extensions` [0m
  [4;35;1mExtension Columns (0.6ms)[0m   [0mSHOW FIELDS FROM `extensions`[0m
Rendering template within layouts/application
Rendering findfile/index
  [4;36;1mCACHE (0.0ms)[0m   [0;1mSELECT * FROM `extensions` [0m
Completed in 20ms (View: 14, DB: 1) | 200 OK [http://0.0.0.0/findfile]
  [4;35;1mSQL (0.1ms)[0m   [0mSET NAMES 'utf8'[0m
  [4;36;1mSQL (0.1ms)[0m   [0;1mSET SQL_AUTO_IS_NULL=0[0m


Processing FindfileController#fileseek (for 127.0.0.1 at 2010-10-29 14:30:29) [POST]
  Parameters: {"findfile"=>{"search_start"=>""}, "commit"=>"Search files", "authenticity_token"=>"rt1W82KL27jVI20XtQaNYEddseoV9dXEi2LVi3JF2f0="}

ArgumentError (wrong number of arguments (0 for 1)):
  /usr/lib/ruby/1.8/webrick/httpserver.rb:104:in `service'
  /usr/lib/ruby/1.8/webrick/httpserver.rb:65:in `run'
  /usr/lib/ruby/1.8/webrick/server.rb:173:in `start_thread'
  /usr/lib/ruby/1.8/webrick/server.rb:162:in `start'
  /usr/lib/ruby/1.8/webrick/server.rb:162:in `start_thread'
  /usr/lib/ruby/1.8/webrick/server.rb:95:in `start'
  /usr/lib/ruby/1.8/webrick/server.rb:92:in `each'
  /usr/lib/ruby/1.8/webrick/server.rb:92:in `start'
  /usr/lib/ruby/1.8/webrick/server.rb:23:in `start'
  /usr/lib/ruby/1.8/webrick/server.rb:82:in `start'

Rendered rescues/_trace (32.8ms)
Rendered rescues/_request_and_response (1.5ms)
Rendering rescues/layout (internal_server_error)
  [4;35;1mSQL (0.1ms)[0m   [0mSET NAMES 'utf8'[0m
  [4;36;1mSQL (0.1ms)[0m   [0;1mSET SQL_AUTO_IS_NULL=0[0m


Processing FindfileController#fileseek (for 127.0.0.1 at 2010-10-29 14:31:19) [POST]
  Parameters: {"findfile"=>{"search_start"=>""}, "commit"=>"Search files", "authenticity_token"=>"rt1W82KL27jVI20XtQaNYEddseoV9dXEi2LVi3JF2f0="}
Rendering template within layouts/application
Rendering findfile/fileseek
Completed in 21ms (View: 8, DB: 0) | 200 OK [http://0.0.0.0/findfile/fileseek]
  [4;36;1mSQL (0.1ms)[0m   [0;1mSET NAMES 'utf8'[0m
  [4;35;1mSQL (0.1ms)[0m   [0mSET SQL_AUTO_IS_NULL=0[0m


Processing FindfileController#fileseek (for 127.0.0.1 at 2010-10-29 14:32:22) [POST]
  Parameters: {"findfile"=>{"search_start"=>""}, "commit"=>"Search files", "extension"=>{"selected_ids"=>["1", "2", "3", "4", "5", "6", "7", "8"]}, "authenticity_token"=>"rt1W82KL27jVI20XtQaNYEddseoV9dXEi2LVi3JF2f0="}
Rendering template within layouts/application
Rendering findfile/fileseek
Completed in 20ms (View: 12, DB: 0) | 200 OK [http://0.0.0.0/findfile/fileseek]
  [4;36;1mSQL (0.1ms)[0m   [0;1mSET NAMES 'utf8'[0m
  [4;35;1mSQL (0.1ms)[0m   [0mSET SQL_AUTO_IS_NULL=0[0m


Processing FindfileController#fileseek (for 127.0.0.1 at 2010-10-29 14:34:26) [POST]
  Parameters: {"findfile"=>{"search_start"=>"~"}, "commit"=>"Search files", "extension"=>{"selected_ids"=>["1", "2", "3", "4", "5", "6", "7", "8"]}, "authenticity_token"=>"rt1W82KL27jVI20XtQaNYEddseoV9dXEi2LVi3JF2f0="}

ArgumentError (wrong number of arguments (1 for 0)):
  app/controllers/findfile_controller.rb:21:in `params'
  app/controllers/findfile_controller.rb:21:in `fileseek'
  /usr/lib/ruby/1.8/webrick/httpserver.rb:104:in `service'
  /usr/lib/ruby/1.8/webrick/httpserver.rb:65:in `run'
  /usr/lib/ruby/1.8/webrick/server.rb:173:in `start_thread'
  /usr/lib/ruby/1.8/webrick/server.rb:162:in `start'
  /usr/lib/ruby/1.8/webrick/server.rb:162:in `start_thread'
  /usr/lib/ruby/1.8/webrick/server.rb:95:in `start'
  /usr/lib/ruby/1.8/webrick/server.rb:92:in `each'
  /usr/lib/ruby/1.8/webrick/server.rb:92:in `start'
  /usr/lib/ruby/1.8/webrick/server.rb:23:in `start'
  /usr/lib/ruby/1.8/webrick/server.rb:82:in `start'

Rendered rescues/_trace (30.5ms)
Rendered rescues/_request_and_response (1.6ms)
Rendering rescues/layout (internal_server_error)
  [4;36;1mSQL (0.1ms)[0m   [0;1mSET NAMES 'utf8'[0m
  [4;35;1mSQL (0.1ms)[0m   [0mSET SQL_AUTO_IS_NULL=0[0m


Processing FindfileController#fileseek (for 127.0.0.1 at 2010-10-29 14:36:00) [POST]
  Parameters: {"findfile"=>{"search_start"=>"~"}, "commit"=>"Search files", "extension"=>{"selected_ids"=>["1", "2", "3", "4", "5", "6", "7", "8"]}, "authenticity_token"=>"rt1W82KL27jVI20XtQaNYEddseoV9dXEi2LVi3JF2f0="}

NoMethodError (undefined method `Parameters' for #<FindfileController:0xb6d81808>):
  app/controllers/findfile_controller.rb:21:in `fileseek'
  /usr/lib/ruby/1.8/webrick/httpserver.rb:104:in `service'
  /usr/lib/ruby/1.8/webrick/httpserver.rb:65:in `run'
  /usr/lib/ruby/1.8/webrick/server.rb:173:in `start_thread'
  /usr/lib/ruby/1.8/webrick/server.rb:162:in `start'
  /usr/lib/ruby/1.8/webrick/server.rb:162:in `start_thread'
  /usr/lib/ruby/1.8/webrick/server.rb:95:in `start'
  /usr/lib/ruby/1.8/webrick/server.rb:92:in `each'
  /usr/lib/ruby/1.8/webrick/server.rb:92:in `start'
  /usr/lib/ruby/1.8/webrick/server.rb:23:in `start'
  /usr/lib/ruby/1.8/webrick/server.rb:82:in `start'

Rendered rescues/_trace (30.1ms)
Rendered rescues/_request_and_response (0.5ms)
Rendering rescues/layout (internal_server_error)
  [4;36;1mSQL (0.1ms)[0m   [0;1mSET NAMES 'utf8'[0m
  [4;35;1mSQL (0.1ms)[0m   [0mSET SQL_AUTO_IS_NULL=0[0m


Processing FindfileController#fileseek (for 127.0.0.1 at 2010-10-29 14:36:38) [POST]
  Parameters: {"findfile"=>{"search_start"=>"~"}, "commit"=>"Search files", "extension"=>{"selected_ids"=>["1", "2", "3", "4", "5", "6", "7", "8"]}, "authenticity_token"=>"rt1W82KL27jVI20XtQaNYEddseoV9dXEi2LVi3JF2f0="}

NameError (uninitialized constant FindfileController::Parameters):
  app/controllers/findfile_controller.rb:21:in `fileseek'
  /usr/lib/ruby/1.8/webrick/httpserver.rb:104:in `service'
  /usr/lib/ruby/1.8/webrick/httpserver.rb:65:in `run'
  /usr/lib/ruby/1.8/webrick/server.rb:173:in `start_thread'
  /usr/lib/ruby/1.8/webrick/server.rb:162:in `start'
  /usr/lib/ruby/1.8/webrick/server.rb:162:in `start_thread'
  /usr/lib/ruby/1.8/webrick/server.rb:95:in `start'
  /usr/lib/ruby/1.8/webrick/server.rb:92:in `each'
  /usr/lib/ruby/1.8/webrick/server.rb:92:in `start'
  /usr/lib/ruby/1.8/webrick/server.rb:23:in `start'
  /usr/lib/ruby/1.8/webrick/server.rb:82:in `start'

Rendered rescues/_trace (85.5ms)
Rendered rescues/_request_and_response (0.5ms)
Rendering rescues/layout (internal_server_error)
  [4;36;1mSQL (0.1ms)[0m   [0;1mSET NAMES 'utf8'[0m
  [4;35;1mSQL (0.1ms)[0m   [0mSET SQL_AUTO_IS_NULL=0[0m


Processing FindfileController#fileseek (for 127.0.0.1 at 2010-10-29 14:37:22) [POST]
  Parameters: {"findfile"=>{"search_start"=>"~"}, "commit"=>"Search files", "extension"=>{"selected_ids"=>["1", "2", "3", "4", "5", "6", "7", "8"]}, "authenticity_token"=>"rt1W82KL27jVI20XtQaNYEddseoV9dXEi2LVi3JF2f0="}

NoMethodError (undefined method `Parameters' for #<FindfileController:0xb6e82a90>):
  app/controllers/findfile_controller.rb:21:in `fileseek'
  /usr/lib/ruby/1.8/webrick/httpserver.rb:104:in `service'
  /usr/lib/ruby/1.8/webrick/httpserver.rb:65:in `run'
  /usr/lib/ruby/1.8/webrick/server.rb:173:in `start_thread'
  /usr/lib/ruby/1.8/webrick/server.rb:162:in `start'
  /usr/lib/ruby/1.8/webrick/server.rb:162:in `start_thread'
  /usr/lib/ruby/1.8/webrick/server.rb:95:in `start'
  /usr/lib/ruby/1.8/webrick/server.rb:92:in `each'
  /usr/lib/ruby/1.8/webrick/server.rb:92:in `start'
  /usr/lib/ruby/1.8/webrick/server.rb:23:in `start'
  /usr/lib/ruby/1.8/webrick/server.rb:82:in `start'

Rendered rescues/_trace (28.7ms)
Rendered rescues/_request_and_response (0.5ms)
Rendering rescues/layout (internal_server_error)
  [4;36;1mSQL (0.1ms)[0m   [0;1mSET NAMES 'utf8'[0m
  [4;35;1mSQL (0.1ms)[0m   [0mSET SQL_AUTO_IS_NULL=0[0m


Processing FindfileController#fileseek (for 127.0.0.1 at 2010-10-29 14:38:42) [POST]
  Parameters: {"findfile"=>{"search_start"=>"~"}, "commit"=>"Search files", "extension"=>{"selected_ids"=>["1", "2", "3", "4", "5", "6", "7", "8"]}, "authenticity_token"=>"rt1W82KL27jVI20XtQaNYEddseoV9dXEi2LVi3JF2f0="}

NameError (undefined local variable or method `extension' for #<FindfileController:0xb6db01bc>):
  app/controllers/findfile_controller.rb:22:in `fileseek'
  /usr/lib/ruby/1.8/webrick/httpserver.rb:104:in `service'
  /usr/lib/ruby/1.8/webrick/httpserver.rb:65:in `run'
  /usr/lib/ruby/1.8/webrick/server.rb:173:in `start_thread'
  /usr/lib/ruby/1.8/webrick/server.rb:162:in `start'
  /usr/lib/ruby/1.8/webrick/server.rb:162:in `start_thread'
  /usr/lib/ruby/1.8/webrick/server.rb:95:in `start'
  /usr/lib/ruby/1.8/webrick/server.rb:92:in `each'
  /usr/lib/ruby/1.8/webrick/server.rb:92:in `start'
  /usr/lib/ruby/1.8/webrick/server.rb:23:in `start'
  /usr/lib/ruby/1.8/webrick/server.rb:82:in `start'

Rendered rescues/_trace (28.2ms)
Rendered rescues/_request_and_response (0.5ms)
Rendering rescues/layout (internal_server_error)
  [4;36;1mSQL (0.1ms)[0m   [0;1mSET NAMES 'utf8'[0m
  [4;35;1mSQL (0.1ms)[0m   [0mSET SQL_AUTO_IS_NULL=0[0m


Processing FindfileController#index (for 127.0.0.1 at 2010-10-29 14:41:33) [GET]
  [4;36;1mExtension Load (0.2ms)[0m   [0;1mSELECT * FROM `extensions` [0m
  [4;35;1mExtension Columns (0.5ms)[0m   [0mSHOW FIELDS FROM `extensions`[0m
Rendering template within layouts/application
Rendering findfile/index
  [4;36;1mCACHE (0.0ms)[0m   [0;1mSELECT * FROM `extensions` [0m
Completed in 81ms (View: 18, DB: 1) | 200 OK [http://0.0.0.0/findfile]
  [4;35;1mSQL (0.1ms)[0m   [0mSET NAMES 'utf8'[0m
  [4;36;1mSQL (0.1ms)[0m   [0;1mSET SQL_AUTO_IS_NULL=0[0m


Processing FindfileController#fileseek (for 127.0.0.1 at 2010-10-29 14:41:35) [POST]
  Parameters: {"findfile"=>{"search_start"=>"~"}, "commit"=>"Search files", "authenticity_token"=>"rt1W82KL27jVI20XtQaNYEddseoV9dXEi2LVi3JF2f0="}
Rendering template within layouts/application
Rendering findfile/fileseek
Completed in 13ms (View: 5, DB: 0) | 200 OK [http://0.0.0.0/findfile/fileseek]
  [4;35;1mSQL (0.1ms)[0m   [0mSET NAMES 'utf8'[0m
  [4;36;1mSQL (0.1ms)[0m   [0;1mSET SQL_AUTO_IS_NULL=0[0m


Processing FindfileController#fileseek (for 127.0.0.1 at 2010-10-29 14:42:17) [POST]
  Parameters: {"findfile"=>{"search_start"=>"~"}, "commit"=>"Search files", "extension"=>{"selected_ids"=>["1", "2", "3", "4", "5", "6", "7", "8"]}, "authenticity_token"=>"rt1W82KL27jVI20XtQaNYEddseoV9dXEi2LVi3JF2f0="}
Rendering template within layouts/application
Rendering findfile/fileseek
Completed in 10ms (View: 2, DB: 0) | 200 OK [http://0.0.0.0/findfile/fileseek]
  [4;35;1mSQL (0.1ms)[0m   [0mSET NAMES 'utf8'[0m
  [4;36;1mSQL (0.1ms)[0m   [0;1mSET SQL_AUTO_IS_NULL=0[0m


Processing FindfileController#index (for 127.0.0.1 at 2010-10-29 14:49:57) [GET]
  [4;35;1mExtension Load (0.1ms)[0m   [0mSELECT * FROM `extensions` [0m
  [4;36;1mExtension Columns (0.5ms)[0m   [0;1mSHOW FIELDS FROM `extensions`[0m
Rendering template within layouts/application
Rendering findfile/index
  [4;35;1mCACHE (0.0ms)[0m   [0mSELECT * FROM `extensions` [0m
Completed in 16ms (View: 9, DB: 1) | 200 OK [http://0.0.0.0/findfile]
  [4;36;1mSQL (0.1ms)[0m   [0;1mSET NAMES 'utf8'[0m
  [4;35;1mSQL (0.1ms)[0m   [0mSET SQL_AUTO_IS_NULL=0[0m


Processing FindfileController#fileseek (for 127.0.0.1 at 2010-10-29 14:50:11) [POST]
  Parameters: {"findfile"=>{"@searchPoint"=>"~"}, "commit"=>"Search files", "extension"=>{"selected_ids"=>["1", "2", "3", "4", "5", "6", "7", "8"]}, "authenticity_token"=>"rt1W82KL27jVI20XtQaNYEddseoV9dXEi2LVi3JF2f0="}
Rendering template within layouts/application
Rendering findfile/fileseek
Completed in 10ms (View: 2, DB: 0) | 200 OK [http://0.0.0.0/findfile/fileseek]
  [4;36;1mSQL (0.1ms)[0m   [0;1mSET NAMES 'utf8'[0m
  [4;35;1mSQL (0.1ms)[0m   [0mSET SQL_AUTO_IS_NULL=0[0m


Processing FindfileController#index (for 127.0.0.1 at 2010-10-29 14:51:26) [GET]
  [4;36;1mExtension Load (0.1ms)[0m   [0;1mSELECT * FROM `extensions` [0m
  [4;35;1mExtension Columns (0.5ms)[0m   [0mSHOW FIELDS FROM `extensions`[0m
Rendering template within layouts/application
Rendering findfile/index
  [4;36;1mCACHE (0.0ms)[0m   [0;1mSELECT * FROM `extensions` [0m
Completed in 12ms (View: 5, DB: 1) | 200 OK [http://0.0.0.0/findfile]
  [4;35;1mSQL (0.1ms)[0m   [0mSET NAMES 'utf8'[0m
  [4;36;1mSQL (0.1ms)[0m   [0;1mSET SQL_AUTO_IS_NULL=0[0m


Processing FindfileController#fileseek (for 127.0.0.1 at 2010-10-29 14:51:29) [POST]
  Parameters: {"findfile"=>{"@searchPoint"=>"~"}, "commit"=>"Search files", "authenticity_token"=>"rt1W82KL27jVI20XtQaNYEddseoV9dXEi2LVi3JF2f0="}
Rendering template within layouts/application
Rendering findfile/fileseek
Completed in 10ms (View: 2, DB: 0) | 200 OK [http://0.0.0.0/findfile/fileseek]
  [4;35;1mSQL (0.1ms)[0m   [0mSET NAMES 'utf8'[0m
  [4;36;1mSQL (0.1ms)[0m   [0;1mSET SQL_AUTO_IS_NULL=0[0m


Processing FindfileController#index (for 127.0.0.1 at 2010-10-29 14:53:48) [GET]
  [4;35;1mExtension Load (0.1ms)[0m   [0mSELECT * FROM `extensions` [0m
  [4;36;1mExtension Columns (0.5ms)[0m   [0;1mSHOW FIELDS FROM `extensions`[0m
Rendering template within layouts/application
Rendering findfile/index
  [4;35;1mCACHE (0.0ms)[0m   [0mSELECT * FROM `extensions` [0m
Completed in 12ms (View: 5, DB: 1) | 200 OK [http://0.0.0.0/findfile]
  [4;36;1mSQL (0.1ms)[0m   [0;1mSET NAMES 'utf8'[0m
  [4;35;1mSQL (0.1ms)[0m   [0mSET SQL_AUTO_IS_NULL=0[0m


Processing FindfileController#fileseek (for 127.0.0.1 at 2010-10-29 14:53:57) [POST]
  Parameters: {"findfile"=>{"@searchPoint"=>"~"}, "commit"=>"Search files", "extension"=>{"selected_ids"=>["1", "2", "3", "4", "5", "6", "7", "8"]}, "authenticity_token"=>"rt1W82KL27jVI20XtQaNYEddseoV9dXEi2LVi3JF2f0="}
Rendering template within layouts/application
Rendering findfile/fileseek
Completed in 9ms (View: 2, DB: 0) | 200 OK [http://0.0.0.0/findfile/fileseek]
  [4;36;1mSQL (0.1ms)[0m   [0;1mSET NAMES 'utf8'[0m
  [4;35;1mSQL (0.1ms)[0m   [0mSET SQL_AUTO_IS_NULL=0[0m


Processing FindfileController#index (for 127.0.0.1 at 2010-10-29 14:54:58) [GET]
  [4;36;1mExtension Load (0.1ms)[0m   [0;1mSELECT * FROM `extensions` [0m
  [4;35;1mExtension Columns (0.5ms)[0m   [0mSHOW FIELDS FROM `extensions`[0m
Rendering template within layouts/application
Rendering findfile/index
  [4;36;1mCACHE (0.0ms)[0m   [0;1mSELECT * FROM `extensions` [0m
Completed in 12ms (View: 6, DB: 1) | 200 OK [http://0.0.0.0/findfile]
  [4;35;1mSQL (0.1ms)[0m   [0mSET NAMES 'utf8'[0m
  [4;36;1mSQL (0.1ms)[0m   [0;1mSET SQL_AUTO_IS_NULL=0[0m


Processing FindfileController#fileseek (for 127.0.0.1 at 2010-10-29 14:55:13) [POST]
  Parameters: {"findfile"=>{"@searchPoint"=>"/home/peter"}, "commit"=>"Search files", "extension"=>{"selected_ids"=>["1", "2", "3", "4", "5", "6", "7", "8"]}, "authenticity_token"=>"rt1W82KL27jVI20XtQaNYEddseoV9dXEi2LVi3JF2f0="}
Rendering template within layouts/application
Rendering findfile/fileseek
Completed in 13ms (View: 2, DB: 0) | 200 OK [http://0.0.0.0/findfile/fileseek]
  [4;35;1mSQL (0.1ms)[0m   [0mSET NAMES 'utf8'[0m
  [4;36;1mSQL (0.1ms)[0m   [0;1mSET SQL_AUTO_IS_NULL=0[0m


Processing FindfileController#index (for 127.0.0.1 at 2010-10-29 14:58:18) [GET]
  [4;35;1mExtension Load (0.3ms)[0m   [0mSELECT * FROM `extensions` [0m
  [4;36;1mExtension Columns (0.6ms)[0m   [0;1mSHOW FIELDS FROM `extensions`[0m
Rendering template within layouts/application
Rendering findfile/index
  [4;35;1mCACHE (0.0ms)[0m   [0mSELECT * FROM `extensions` [0m
Completed in 17ms (View: 10, DB: 1) | 200 OK [http://0.0.0.0/findfile]
  [4;36;1mSQL (0.1ms)[0m   [0;1mSET NAMES 'utf8'[0m
  [4;35;1mSQL (0.1ms)[0m   [0mSET SQL_AUTO_IS_NULL=0[0m


Processing FindfileController#fileseek (for 127.0.0.1 at 2010-10-29 14:58:25) [POST]
  Parameters: {"findfile"=>{"@searchPoint"=>"/home/peter"}, "commit"=>"Search files", "extension"=>{"selected_ids"=>["1", "2", "3", "4", "5", "6", "7", "8"]}, "authenticity_token"=>"rt1W82KL27jVI20XtQaNYEddseoV9dXEi2LVi3JF2f0="}
Rendering template within layouts/application
Rendering findfile/fileseek
Completed in 14ms (View: 2, DB: 0) | 200 OK [http://0.0.0.0/findfile/fileseek]
  [4;36;1mSQL (0.1ms)[0m   [0;1mSET NAMES 'utf8'[0m
  [4;35;1mSQL (0.1ms)[0m   [0mSET SQL_AUTO_IS_NULL=0[0m


Processing FindfileController#index (for 127.0.0.1 at 2010-10-29 14:59:15) [GET]
  [4;36;1mExtension Load (0.1ms)[0m   [0;1mSELECT * FROM `extensions` [0m
  [4;35;1mExtension Columns (0.5ms)[0m   [0mSHOW FIELDS FROM `extensions`[0m
Rendering template within layouts/application
Rendering findfile/index
  [4;36;1mCACHE (0.0ms)[0m   [0;1mSELECT * FROM `extensions` [0m
Completed in 12ms (View: 5, DB: 1) | 200 OK [http://0.0.0.0/findfile]
  [4;35;1mSQL (0.1ms)[0m   [0mSET NAMES 'utf8'[0m
  [4;36;1mSQL (0.1ms)[0m   [0;1mSET SQL_AUTO_IS_NULL=0[0m


Processing FindfileController#fileseek (for 127.0.0.1 at 2010-10-29 14:59:22) [POST]
  Parameters: {"findfile"=>{"@searchPoint"=>"/home/peter"}, "commit"=>"Search files", "extension"=>{"selected_ids"=>["1", "2", "3", "4", "5", "6", "7", "8"]}, "authenticity_token"=>"rt1W82KL27jVI20XtQaNYEddseoV9dXEi2LVi3JF2f0="}
Rendering template within layouts/application
Rendering findfile/fileseek
Completed in 10ms (View: 2, DB: 0) | 200 OK [http://0.0.0.0/findfile/fileseek]
  [4;36;1mSQL (0.1ms)[0m   [0;1mSET NAMES 'utf8'[0m
  [4;35;1mSQL (0.1ms)[0m   [0mSET SQL_AUTO_IS_NULL=0[0m


Processing FindfileController#index (for 127.0.0.1 at 2010-10-29 15:02:21) [GET]
  [4;36;1mExtension Load (0.1ms)[0m   [0;1mSELECT * FROM `extensions` [0m
  [4;35;1mExtension Columns (0.5ms)[0m   [0mSHOW FIELDS FROM `extensions`[0m
Rendering template within layouts/application
Rendering findfile/index
  [4;36;1mCACHE (0.0ms)[0m   [0;1mSELECT * FROM `extensions` [0m
Completed in 24ms (View: 17, DB: 1) | 200 OK [http://0.0.0.0/findfile]
  [4;35;1mSQL (0.1ms)[0m   [0mSET NAMES 'utf8'[0m
  [4;36;1mSQL (0.1ms)[0m   [0;1mSET SQL_AUTO_IS_NULL=0[0m


Processing FindfileController#fileseek (for 127.0.0.1 at 2010-10-29 15:02:29) [POST]
  Parameters: {"findfile"=>{"@searchPoint"=>"/home/peter"}, "commit"=>"Search files", "extension"=>{"selected_ids"=>["1", "2", "3", "4", "5", "6", "7", "8"]}, "authenticity_token"=>"rt1W82KL27jVI20XtQaNYEddseoV9dXEi2LVi3JF2f0="}
Rendering template within layouts/application
Rendering findfile/fileseek
Completed in 19ms (View: 7, DB: 0) | 200 OK [http://0.0.0.0/findfile/fileseek]
  [4;36;1mSQL (0.1ms)[0m   [0;1mSET NAMES 'utf8'[0m
  [4;35;1mSQL (0.1ms)[0m   [0mSET SQL_AUTO_IS_NULL=0[0m


Processing FindfileController#index (for 127.0.0.1 at 2010-10-29 15:09:37) [GET]
  [4;36;1mExtension Load (0.1ms)[0m   [0;1mSELECT * FROM `extensions` [0m
  [4;35;1mExtension Columns (0.5ms)[0m   [0mSHOW FIELDS FROM `extensions`[0m
Rendering template within layouts/application
Rendering findfile/index
  [4;36;1mCACHE (0.0ms)[0m   [0;1mSELECT * FROM `extensions` [0m

ActionView::TemplateError (You have a nil object when you didn't expect it!
You might have expected an instance of Array.
The error occurred while evaluating nil.any?) on line #11 of app/views/findfile/index.html.erb:
8: <%= text_field :findfile, :@searchPoint, "size" => 20 %>
9: <br> 
10: File extensions to search for
11: <%= swapselect :extension, @extension, :selected, Extension.find(:all).map{ |extension| [extension.name, extension.id] } %>
12: 
13: <%= submit_tag( "Search files" ) %>
14: 

    app/helpers/swapselect_helper.rb:15:in `swapselect'
    app/helpers/swapselect_helper.rb:14:in `each'
    app/helpers/swapselect_helper.rb:14:in `swapselect'
    app/views/findfile/index.html.erb:11
    /usr/lib/ruby/1.8/webrick/httpserver.rb:104:in `service'
    /usr/lib/ruby/1.8/webrick/httpserver.rb:65:in `run'
    /usr/lib/ruby/1.8/webrick/server.rb:173:in `start_thread'
    /usr/lib/ruby/1.8/webrick/server.rb:162:in `start'
    /usr/lib/ruby/1.8/webrick/server.rb:162:in `start_thread'
    /usr/lib/ruby/1.8/webrick/server.rb:95:in `start'
    /usr/lib/ruby/1.8/webrick/server.rb:92:in `each'
    /usr/lib/ruby/1.8/webrick/server.rb:92:in `start'
    /usr/lib/ruby/1.8/webrick/server.rb:23:in `start'
    /usr/lib/ruby/1.8/webrick/server.rb:82:in `start'

Rendered rescues/_trace (41.2ms)
Rendered rescues/_request_and_response (1.6ms)
Rendering rescues/layout (internal_server_error)
  [4;35;1mSQL (0.1ms)[0m   [0mSET NAMES 'utf8'[0m
  [4;36;1mSQL (0.1ms)[0m   [0;1mSET SQL_AUTO_IS_NULL=0[0m


Processing FindfileController#index (for 127.0.0.1 at 2010-10-29 15:12:19) [GET]
  [4;35;1mExtension Load (0.1ms)[0m   [0mSELECT * FROM `extensions` [0m
  [4;36;1mExtension Columns (0.5ms)[0m   [0;1mSHOW FIELDS FROM `extensions`[0m
Rendering template within layouts/application
Rendering findfile/index
  [4;35;1mCACHE (0.0ms)[0m   [0mSELECT * FROM `extensions` [0m
Completed in 13ms (View: 6, DB: 1) | 200 OK [http://0.0.0.0/findfile]
  [4;36;1mSQL (0.1ms)[0m   [0;1mSET NAMES 'utf8'[0m
  [4;35;1mSQL (0.1ms)[0m   [0mSET SQL_AUTO_IS_NULL=0[0m


Processing FindfileController#fileseek (for 127.0.0.1 at 2010-10-29 15:12:38) [POST]
  Parameters: {"findfile"=>{"@searchPoint"=>"/home"}, "commit"=>"Search files", "extension"=>{"selected_ids"=>["1", "2", "3", "4", "5", "6", "7", "8"]}, "authenticity_token"=>"rt1W82KL27jVI20XtQaNYEddseoV9dXEi2LVi3JF2f0="}
Rendering template within layouts/application
Rendering findfile/fileseek
Completed in 14ms (View: 6, DB: 0) | 200 OK [http://0.0.0.0/findfile/fileseek]
  [4;36;1mSQL (0.1ms)[0m   [0;1mSET NAMES 'utf8'[0m
  [4;35;1mSQL (0.1ms)[0m   [0mSET SQL_AUTO_IS_NULL=0[0m


Processing FindfileController#index (for 127.0.0.1 at 2010-10-29 15:14:05) [GET]
  [4;36;1mExtension Load (0.1ms)[0m   [0;1mSELECT * FROM `extensions` [0m
  [4;35;1mExtension Columns (0.6ms)[0m   [0mSHOW FIELDS FROM `extensions`[0m
Rendering template within layouts/application
Rendering findfile/index
  [4;36;1mCACHE (0.0ms)[0m   [0;1mSELECT * FROM `extensions` [0m

ActionView::TemplateError (You have a nil object when you didn't expect it!
You might have expected an instance of Array.
The error occurred while evaluating nil.any?) on line #11 of app/views/findfile/index.html.erb:
8: <%= text_field :findfile, :@searchPoint, "size" => 20 %>
9: <br> 
10: File extensions to search for
11: <%= swapselect :extension, @extension, :selected, Extension.find(:all).map{ |extension| [extension.name, extension.id] } %>
12: 
13: <%= submit_tag( "Search files" ) %>
14: 

    app/helpers/swapselect_helper.rb:15:in `swapselect'
    app/helpers/swapselect_helper.rb:14:in `each'
    app/helpers/swapselect_helper.rb:14:in `swapselect'
    app/views/findfile/index.html.erb:11
    /usr/lib/ruby/1.8/webrick/httpserver.rb:104:in `service'
    /usr/lib/ruby/1.8/webrick/httpserver.rb:65:in `run'
    /usr/lib/ruby/1.8/webrick/server.rb:173:in `start_thread'
    /usr/lib/ruby/1.8/webrick/server.rb:162:in `start'
    /usr/lib/ruby/1.8/webrick/server.rb:162:in `start_thread'
    /usr/lib/ruby/1.8/webrick/server.rb:95:in `start'
    /usr/lib/ruby/1.8/webrick/server.rb:92:in `each'
    /usr/lib/ruby/1.8/webrick/server.rb:92:in `start'
    /usr/lib/ruby/1.8/webrick/server.rb:23:in `start'
    /usr/lib/ruby/1.8/webrick/server.rb:82:in `start'

Rendered rescues/_trace (36.9ms)
Rendered rescues/_request_and_response (0.3ms)
Rendering rescues/layout (internal_server_error)
  [4;35;1mSQL (0.1ms)[0m   [0mSET NAMES 'utf8'[0m
  [4;36;1mSQL (0.1ms)[0m   [0;1mSET SQL_AUTO_IS_NULL=0[0m


Processing FindfileController#index (for 127.0.0.1 at 2010-10-29 15:14:25) [GET]
  [4;35;1mExtension Load (0.1ms)[0m   [0mSELECT * FROM `extensions` [0m
  [4;36;1mExtension Columns (0.6ms)[0m   [0;1mSHOW FIELDS FROM `extensions`[0m
Rendering template within layouts/application
Rendering findfile/index
  [4;35;1mCACHE (0.0ms)[0m   [0mSELECT * FROM `extensions` [0m
Completed in 12ms (View: 5, DB: 1) | 200 OK [http://0.0.0.0/findfile]
  [4;36;1mSQL (0.1ms)[0m   [0;1mSET NAMES 'utf8'[0m
  [4;35;1mSQL (0.1ms)[0m   [0mSET SQL_AUTO_IS_NULL=0[0m


Processing FindfileController#index (for 127.0.0.1 at 2010-10-31 13:06:58) [GET]
  [4;36;1mExtension Load (0.2ms)[0m   [0;1mSELECT * FROM `extensions` [0m
  [4;35;1mExtension Columns (0.7ms)[0m   [0mSHOW FIELDS FROM `extensions`[0m
Rendering template within layouts/application
Rendering findfile/index
  [4;36;1mCACHE (0.0ms)[0m   [0;1mSELECT * FROM `extensions` [0m
Completed in 17ms (View: 8, DB: 1) | 200 OK [http://0.0.0.0/findfile]
  [4;36;1mSQL (0.1ms)[0m   [0;1mSET NAMES 'utf8'[0m
  [4;35;1mSQL (0.1ms)[0m   [0mSET SQL_AUTO_IS_NULL=0[0m
  [4;36;1mSQL (22.3ms)[0m   [0;1mSHOW TABLES[0m
  [4;35;1mSQL (0.1ms)[0m   [0mSELECT version FROM schema_migrations[0m
Migrating to CreateExtensions (20101026160854)
Migrating to CreateRecommendations (20101101143943)
  [4;36;1mSQL (227.5ms)[0m   [0;1mCREATE TABLE `recommendations` (`id` int(11) DEFAULT NULL auto_increment PRIMARY KEY, `from_email` varchar(255), `to_email` varchar(255), `article_id` int(11), `message` text, `created_at` datetime, `updated_at` datetime) ENGINE=InnoDB[0m
  [4;35;1mSQL (54.9ms)[0m   [0mINSERT INTO schema_migrations (version) VALUES ('20101101143943')[0m
  [4;36;1mSQL (0.5ms)[0m   [0;1mSHOW TABLES[0m
  [4;35;1mSQL (0.3ms)[0m   [0mSELECT version FROM schema_migrations[0m
  [4;36;1mSQL (0.2ms)[0m   [0;1mSHOW TABLES[0m
  [4;35;1mSQL (0.4ms)[0m   [0mSHOW FIELDS FROM `extensions`[0m
  [4;36;1mSQL (0.3ms)[0m   [0;1mdescribe `extensions`[0m
  [4;35;1mSQL (0.2ms)[0m   [0mSHOW KEYS FROM `extensions`[0m
  [4;36;1mSQL (0.5ms)[0m   [0;1mSHOW FIELDS FROM `recommendations`[0m
  [4;35;1mSQL (0.4ms)[0m   [0mdescribe `recommendations`[0m
  [4;36;1mSQL (0.2ms)[0m   [0;1mSHOW KEYS FROM `recommendations`[0m
  [4;36;1mSQL (0.1ms)[0m   [0;1mSET NAMES 'utf8'[0m
  [4;35;1mSQL (0.1ms)[0m   [0mSET SQL_AUTO_IS_NULL=0[0m
  [4;36;1mSQL (0.3ms)[0m   [0;1mSHOW TABLES[0m
  [4;35;1mSQL (0.1ms)[0m   [0mSELECT version FROM schema_migrations[0m
  [4;36;1mSQL (0.2ms)[0m   [0;1mSHOW TABLES[0m
  [4;35;1mSQL (0.1ms)[0m   [0mSELECT version FROM schema_migrations[0m
Migrating to CreateRecommendations (20101101143943)
  [4;36;1mSQL (64.2ms)[0m   [0;1mDROP TABLE `recommendations`[0m
  [4;35;1mSQL (55.1ms)[0m   [0mDELETE FROM schema_migrations WHERE version = '20101101143943'[0m
  [4;36;1mSQL (0.3ms)[0m   [0;1mSHOW TABLES[0m
  [4;35;1mSQL (0.2ms)[0m   [0mSELECT version FROM schema_migrations[0m
  [4;36;1mSQL (0.1ms)[0m   [0;1mSHOW TABLES[0m
  [4;35;1mSQL (0.4ms)[0m   [0mSHOW FIELDS FROM `extensions`[0m
  [4;36;1mSQL (0.3ms)[0m   [0;1mdescribe `extensions`[0m
  [4;35;1mSQL (0.2ms)[0m   [0mSHOW KEYS FROM `extensions`[0m
  [4;35;1mSQL (0.1ms)[0m   [0mSET NAMES 'utf8'[0m
  [4;36;1mSQL (0.1ms)[0m   [0;1mSET SQL_AUTO_IS_NULL=0[0m


Processing FindfileController#index (for 127.0.0.1 at 2010-11-01 09:53:28) [GET]
  [4;35;1mExtension Load (0.1ms)[0m   [0mSELECT * FROM `extensions` [0m
  [4;36;1mExtension Columns (0.5ms)[0m   [0;1mSHOW FIELDS FROM `extensions`[0m
Rendering template within layouts/application
Rendering findfile/index
  [4;35;1mCACHE (0.0ms)[0m   [0mSELECT * FROM `extensions` [0m
Completed in 12ms (View: 5, DB: 1) | 200 OK [http://0.0.0.0/findfile]
  [4;36;1mSQL (0.1ms)[0m   [0;1mSET NAMES 'utf8'[0m
  [4;35;1mSQL (0.1ms)[0m   [0mSET SQL_AUTO_IS_NULL=0[0m


Processing FindfileController#fileseek (for 127.0.0.1 at 2010-11-01 09:53:33) [POST]
  Parameters: {"findfile"=>{"@searchPoint"=>"/home"}, "commit"=>"Search files", "authenticity_token"=>"rt1W82KL27jVI20XtQaNYEddseoV9dXEi2LVi3JF2f0="}
Rendering template within layouts/application
Rendering findfile/fileseek
Completed in 9ms (View: 2, DB: 0) | 200 OK [http://0.0.0.0/findfile/fileseek]
  [4;36;1mSQL (0.2ms)[0m   [0;1mSET NAMES 'utf8'[0m
  [4;35;1mSQL (0.1ms)[0m   [0mSET SQL_AUTO_IS_NULL=0[0m


Processing FindfileController#fileseek (for 127.0.0.1 at 2010-11-01 09:53:46) [POST]
  Parameters: {"findfile"=>{"@searchPoint"=>"/home/peter"}, "commit"=>"Search files", "extension"=>{"selected_ids"=>["1", "2", "3", "4", "5", "6", "7", "8"]}, "authenticity_token"=>"rt1W82KL27jVI20XtQaNYEddseoV9dXEi2LVi3JF2f0="}
Rendering template within layouts/application
Rendering findfile/fileseek
Completed in 10ms (View: 2, DB: 0) | 200 OK [http://0.0.0.0/findfile/fileseek]
  [4;36;1mSQL (0.1ms)[0m   [0;1mSET NAMES 'utf8'[0m
  [4;35;1mSQL (0.1ms)[0m   [0mSET SQL_AUTO_IS_NULL=0[0m


Processing FindfileController#index (for 127.0.0.1 at 2010-11-01 09:55:41) [GET]
  [4;36;1mExtension Load (0.1ms)[0m   [0;1mSELECT * FROM `extensions` [0m
  [4;35;1mExtension Columns (0.5ms)[0m   [0mSHOW FIELDS FROM `extensions`[0m
Rendering template within layouts/application
Rendering findfile/index
  [4;36;1mCACHE (0.0ms)[0m   [0;1mSELECT * FROM `extensions` [0m
Completed in 12ms (View: 5, DB: 1) | 200 OK [http://0.0.0.0/findfile]
  [4;35;1mSQL (0.1ms)[0m   [0mSET NAMES 'utf8'[0m
  [4;36;1mSQL (0.1ms)[0m   [0;1mSET SQL_AUTO_IS_NULL=0[0m


Processing FindfileController#fileseek (for 127.0.0.1 at 2010-11-01 09:55:51) [POST]
  Parameters: {"findfile"=>{"@searchPoint"=>"/home/peter"}, "commit"=>"Search files", "extension"=>{"selected_ids"=>["1", "2", "3", "4", "5", "6", "7", "8"]}, "authenticity_token"=>"rt1W82KL27jVI20XtQaNYEddseoV9dXEi2LVi3JF2f0="}
Rendering template within layouts/application
Rendering findfile/fileseek
Completed in 63ms (View: 2, DB: 0) | 200 OK [http://0.0.0.0/findfile/fileseek]
  [4;35;1mSQL (0.1ms)[0m   [0mSET NAMES 'utf8'[0m
  [4;36;1mSQL (0.1ms)[0m   [0;1mSET SQL_AUTO_IS_NULL=0[0m


Processing FindfileController#index (for 127.0.0.1 at 2010-11-01 09:57:58) [GET]
  [4;35;1mExtension Load (0.1ms)[0m   [0mSELECT * FROM `extensions` [0m
  [4;36;1mExtension Columns (0.5ms)[0m   [0;1mSHOW FIELDS FROM `extensions`[0m
Rendering template within layouts/application
Rendering findfile/index
  [4;35;1mCACHE (0.0ms)[0m   [0mSELECT * FROM `extensions` [0m
Completed in 12ms (View: 5, DB: 1) | 200 OK [http://0.0.0.0/findfile]
  [4;36;1mSQL (0.1ms)[0m   [0;1mSET NAMES 'utf8'[0m
  [4;35;1mSQL (0.1ms)[0m   [0mSET SQL_AUTO_IS_NULL=0[0m


Processing FindfileController#fileseek (for 127.0.0.1 at 2010-11-01 09:58:07) [POST]
  Parameters: {"findfile"=>{"@searchPoint"=>"/home/peter"}, "commit"=>"Search files", "extension"=>{"selected_ids"=>["1", "2", "3", "4", "5", "6", "7", "8"]}, "authenticity_token"=>"rt1W82KL27jVI20XtQaNYEddseoV9dXEi2LVi3JF2f0="}
Rendering template within layouts/application
Rendering findfile/fileseek
Completed in 10ms (View: 2, DB: 0) | 200 OK [http://0.0.0.0/findfile/fileseek]
  [4;36;1mSQL (0.1ms)[0m   [0;1mSET NAMES 'utf8'[0m
  [4;35;1mSQL (0.1ms)[0m   [0mSET SQL_AUTO_IS_NULL=0[0m


Processing FindfileController#index (for 127.0.0.1 at 2010-11-01 10:04:05) [GET]
  [4;36;1mExtension Load (0.2ms)[0m   [0;1mSELECT * FROM `extensions` [0m
  [4;35;1mExtension Columns (0.5ms)[0m   [0mSHOW FIELDS FROM `extensions`[0m
Rendering template within layouts/application
Rendering findfile/index
  [4;36;1mCACHE (0.0ms)[0m   [0;1mSELECT * FROM `extensions` [0m
Completed in 12ms (View: 5, DB: 1) | 200 OK [http://0.0.0.0/findfile]
  [4;35;1mSQL (0.1ms)[0m   [0mSET NAMES 'utf8'[0m
  [4;36;1mSQL (0.1ms)[0m   [0;1mSET SQL_AUTO_IS_NULL=0[0m


Processing FindfileController#fileseek (for 127.0.0.1 at 2010-11-01 10:04:11) [POST]
  Parameters: {"findfile"=>{"@searchPoint"=>"/home/peter"}, "commit"=>"Search files", "extension"=>{"selected_ids"=>["1", "2", "3", "4", "5", "6", "7", "8"]}, "authenticity_token"=>"rt1W82KL27jVI20XtQaNYEddseoV9dXEi2LVi3JF2f0="}
Rendering template within layouts/application
Rendering findfile/fileseek
Completed in 10ms (View: 2, DB: 0) | 200 OK [http://0.0.0.0/findfile/fileseek]
  [4;35;1mSQL (0.1ms)[0m   [0mSET NAMES 'utf8'[0m
  [4;36;1mSQL (0.1ms)[0m   [0;1mSET SQL_AUTO_IS_NULL=0[0m


Processing ApplicationController#index (for 127.0.0.1 at 2010-11-01 10:06:37) [GET]

SyntaxError (/home/peter/software development/ruby/findfile/app/controllers/findfile_controller.rb:36: syntax error, unexpected tIDENTIFIER, expecting ')'
  SQL (0.1ms)   SET NAMES 'utf8'
            ^):
  /usr/lib/ruby/1.8/webrick/httpserver.rb:104:in `service'
  /usr/lib/ruby/1.8/webrick/httpserver.rb:65:in `run'
  /usr/lib/ruby/1.8/webrick/server.rb:173:in `start_thread'
  /usr/lib/ruby/1.8/webrick/server.rb:162:in `start'
  /usr/lib/ruby/1.8/webrick/server.rb:162:in `start_thread'
  /usr/lib/ruby/1.8/webrick/server.rb:95:in `start'
  /usr/lib/ruby/1.8/webrick/server.rb:92:in `each'
  /usr/lib/ruby/1.8/webrick/server.rb:92:in `start'
  /usr/lib/ruby/1.8/webrick/server.rb:23:in `start'
  /usr/lib/ruby/1.8/webrick/server.rb:82:in `start'

Rendered rescues/_trace (87.9ms)
Rendered rescues/_request_and_response (0.3ms)
Rendering rescues/layout (internal_server_error)
  [4;35;1mSQL (0.1ms)[0m   [0mSET NAMES 'utf8'[0m
  [4;36;1mSQL (0.1ms)[0m   [0;1mSET SQL_AUTO_IS_NULL=0[0m


Processing FindfileController#index (for 127.0.0.1 at 2010-11-01 10:07:02) [GET]
  [4;35;1mExtension Load (0.2ms)[0m   [0mSELECT * FROM `extensions` [0m
  [4;36;1mExtension Columns (0.5ms)[0m   [0;1mSHOW FIELDS FROM `extensions`[0m
Rendering template within layouts/application
Rendering findfile/index
  [4;35;1mCACHE (0.0ms)[0m   [0mSELECT * FROM `extensions` [0m
Completed in 13ms (View: 6, DB: 1) | 200 OK [http://0.0.0.0/findfile]
  [4;36;1mSQL (0.1ms)[0m   [0;1mSET NAMES 'utf8'[0m
  [4;35;1mSQL (0.1ms)[0m   [0mSET SQL_AUTO_IS_NULL=0[0m


Processing FindfileController#fileseek (for 127.0.0.1 at 2010-11-01 10:07:15) [POST]
  Parameters: {"findfile"=>{"@searchPoint"=>"/home/peter/tmp"}, "commit"=>"Search files", "extension"=>{"selected_ids"=>["1", "2", "3", "4", "5", "6", "7", "8"]}, "authenticity_token"=>"rt1W82KL27jVI20XtQaNYEddseoV9dXEi2LVi3JF2f0="}
Rendering template within layouts/application
Rendering findfile/fileseek
Completed in 10ms (View: 2, DB: 0) | 200 OK [http://0.0.0.0/findfile/fileseek]
  [4;36;1mSQL (0.1ms)[0m   [0;1mSET NAMES 'utf8'[0m
  [4;35;1mSQL (0.1ms)[0m   [0mSET SQL_AUTO_IS_NULL=0[0m


Processing FindfileController#index (for 127.0.0.1 at 2010-11-01 10:08:58) [GET]
  [4;36;1mExtension Load (0.2ms)[0m   [0;1mSELECT * FROM `extensions` [0m
  [4;35;1mExtension Columns (0.5ms)[0m   [0mSHOW FIELDS FROM `extensions`[0m
Rendering template within layouts/application
Rendering findfile/index
  [4;36;1mCACHE (0.0ms)[0m   [0;1mSELECT * FROM `extensions` [0m
Completed in 12ms (View: 6, DB: 1) | 200 OK [http://0.0.0.0/findfile]
  [4;35;1mSQL (0.1ms)[0m   [0mSET NAMES 'utf8'[0m
  [4;36;1mSQL (0.1ms)[0m   [0;1mSET SQL_AUTO_IS_NULL=0[0m


Processing FindfileController#fileseek (for 127.0.0.1 at 2010-11-01 10:09:06) [POST]
  Parameters: {"findfile"=>{"@searchPoint"=>"/home/peter/tmp"}, "commit"=>"Search files", "extension"=>{"selected_ids"=>["1", "2", "3", "4", "5", "6", "7", "8"]}, "authenticity_token"=>"rt1W82KL27jVI20XtQaNYEddseoV9dXEi2LVi3JF2f0="}

NoMethodError (undefined method `selected_ids' for {"selected_ids"=>["1", "2", "3", "4", "5", "6", "7", "8"]}:HashWithIndifferentAccess):
  app/controllers/findfile_controller.rb:25:in `fileseek'
  /usr/lib/ruby/1.8/webrick/httpserver.rb:104:in `service'
  /usr/lib/ruby/1.8/webrick/httpserver.rb:65:in `run'
  /usr/lib/ruby/1.8/webrick/server.rb:173:in `start_thread'
  /usr/lib/ruby/1.8/webrick/server.rb:162:in `start'
  /usr/lib/ruby/1.8/webrick/server.rb:162:in `start_thread'
  /usr/lib/ruby/1.8/webrick/server.rb:95:in `start'
  /usr/lib/ruby/1.8/webrick/server.rb:92:in `each'
  /usr/lib/ruby/1.8/webrick/server.rb:92:in `start'
  /usr/lib/ruby/1.8/webrick/server.rb:23:in `start'
  /usr/lib/ruby/1.8/webrick/server.rb:82:in `start'

Rendered rescues/_trace (94.9ms)
Rendered rescues/_request_and_response (0.5ms)
Rendering rescues/layout (internal_server_error)
  [4;35;1mSQL (0.1ms)[0m   [0mSET NAMES 'utf8'[0m
  [4;36;1mSQL (0.1ms)[0m   [0;1mSET SQL_AUTO_IS_NULL=0[0m


Processing FindfileController#index (for 127.0.0.1 at 2010-11-01 10:09:52) [GET]
  [4;35;1mExtension Load (0.2ms)[0m   [0mSELECT * FROM `extensions` [0m
  [4;36;1mExtension Columns (0.5ms)[0m   [0;1mSHOW FIELDS FROM `extensions`[0m
Rendering template within layouts/application
Rendering findfile/index
  [4;35;1mCACHE (0.0ms)[0m   [0mSELECT * FROM `extensions` [0m
Completed in 12ms (View: 5, DB: 1) | 200 OK [http://0.0.0.0/findfile]
  [4;36;1mSQL (0.1ms)[0m   [0;1mSET NAMES 'utf8'[0m
  [4;35;1mSQL (0.1ms)[0m   [0mSET SQL_AUTO_IS_NULL=0[0m


Processing FindfileController#fileseek (for 127.0.0.1 at 2010-11-01 10:09:57) [POST]
  Parameters: {"findfile"=>{"@searchPoint"=>"/home/peter/tmp"}, "commit"=>"Search files", "extension"=>{"selected_ids"=>["1", "2", "3", "4", "5", "6", "7", "8"]}, "authenticity_token"=>"rt1W82KL27jVI20XtQaNYEddseoV9dXEi2LVi3JF2f0="}

NoMethodError (undefined method `selected_ids' for {"selected_ids"=>["1", "2", "3", "4", "5", "6", "7", "8"]}:HashWithIndifferentAccess):
  app/controllers/findfile_controller.rb:25:in `fileseek'
  /usr/lib/ruby/1.8/webrick/httpserver.rb:104:in `service'
  /usr/lib/ruby/1.8/webrick/httpserver.rb:65:in `run'
  /usr/lib/ruby/1.8/webrick/server.rb:173:in `start_thread'
  /usr/lib/ruby/1.8/webrick/server.rb:162:in `start'
  /usr/lib/ruby/1.8/webrick/server.rb:162:in `start_thread'
  /usr/lib/ruby/1.8/webrick/server.rb:95:in `start'
  /usr/lib/ruby/1.8/webrick/server.rb:92:in `each'
  /usr/lib/ruby/1.8/webrick/server.rb:92:in `start'
  /usr/lib/ruby/1.8/webrick/server.rb:23:in `start'
  /usr/lib/ruby/1.8/webrick/server.rb:82:in `start'

Rendered rescues/_trace (30.2ms)
Rendered rescues/_request_and_response (0.5ms)
Rendering rescues/layout (internal_server_error)
  [4;36;1mSQL (0.1ms)[0m   [0;1mSET NAMES 'utf8'[0m
  [4;35;1mSQL (0.1ms)[0m   [0mSET SQL_AUTO_IS_NULL=0[0m


Processing ApplicationController#index (for 127.0.0.1 at 2010-11-01 10:12:38) [GET]

SyntaxError (/home/peter/software development/ruby/findfile/app/controllers/findfile_controller.rb:25: syntax error, unexpected '['
      puts params[:extension].selected_ids.[0]
                                            ^):
  /usr/lib/ruby/1.8/webrick/httpserver.rb:104:in `service'
  /usr/lib/ruby/1.8/webrick/httpserver.rb:65:in `run'
  /usr/lib/ruby/1.8/webrick/server.rb:173:in `start_thread'
  /usr/lib/ruby/1.8/webrick/server.rb:162:in `start'
  /usr/lib/ruby/1.8/webrick/server.rb:162:in `start_thread'
  /usr/lib/ruby/1.8/webrick/server.rb:95:in `start'
  /usr/lib/ruby/1.8/webrick/server.rb:92:in `each'
  /usr/lib/ruby/1.8/webrick/server.rb:92:in `start'
  /usr/lib/ruby/1.8/webrick/server.rb:23:in `start'
  /usr/lib/ruby/1.8/webrick/server.rb:82:in `start'

Rendered rescues/_trace (27.2ms)
Rendered rescues/_request_and_response (0.3ms)
Rendering rescues/layout (internal_server_error)
  [4;36;1mSQL (0.1ms)[0m   [0;1mSET NAMES 'utf8'[0m
  [4;35;1mSQL (0.1ms)[0m   [0mSET SQL_AUTO_IS_NULL=0[0m


Processing FindfileController#index (for 127.0.0.1 at 2010-11-01 10:13:33) [GET]
  [4;36;1mExtension Load (0.1ms)[0m   [0;1mSELECT * FROM `extensions` [0m
  [4;35;1mExtension Columns (0.6ms)[0m   [0mSHOW FIELDS FROM `extensions`[0m
Rendering template within layouts/application
Rendering findfile/index
  [4;36;1mCACHE (0.0ms)[0m   [0;1mSELECT * FROM `extensions` [0m
Completed in 13ms (View: 6, DB: 1) | 200 OK [http://0.0.0.0/findfile]
  [4;35;1mSQL (0.1ms)[0m   [0mSET NAMES 'utf8'[0m
  [4;36;1mSQL (0.1ms)[0m   [0;1mSET SQL_AUTO_IS_NULL=0[0m


Processing FindfileController#fileseek (for 127.0.0.1 at 2010-11-01 10:13:37) [POST]
  Parameters: {"findfile"=>{"@searchPoint"=>"/home/peter/tmp"}, "commit"=>"Search files", "authenticity_token"=>"rt1W82KL27jVI20XtQaNYEddseoV9dXEi2LVi3JF2f0="}

NoMethodError (undefined method `selected_ids' for nil:NilClass):
  app/controllers/findfile_controller.rb:25:in `fileseek'
  /usr/lib/ruby/1.8/webrick/httpserver.rb:104:in `service'
  /usr/lib/ruby/1.8/webrick/httpserver.rb:65:in `run'
  /usr/lib/ruby/1.8/webrick/server.rb:173:in `start_thread'
  /usr/lib/ruby/1.8/webrick/server.rb:162:in `start'
  /usr/lib/ruby/1.8/webrick/server.rb:162:in `start_thread'
  /usr/lib/ruby/1.8/webrick/server.rb:95:in `start'
  /usr/lib/ruby/1.8/webrick/server.rb:92:in `each'
  /usr/lib/ruby/1.8/webrick/server.rb:92:in `start'
  /usr/lib/ruby/1.8/webrick/server.rb:23:in `start'
  /usr/lib/ruby/1.8/webrick/server.rb:82:in `start'

Rendered rescues/_trace (30.9ms)
Rendered rescues/_request_and_response (0.4ms)
Rendering rescues/layout (internal_server_error)
  [4;35;1mSQL (0.1ms)[0m   [0mSET NAMES 'utf8'[0m
  [4;36;1mSQL (0.1ms)[0m   [0;1mSET SQL_AUTO_IS_NULL=0[0m


Processing FindfileController#index (for 127.0.0.1 at 2010-11-01 10:13:42) [GET]
  [4;35;1mExtension Load (0.1ms)[0m   [0mSELECT * FROM `extensions` [0m
  [4;36;1mExtension Columns (0.6ms)[0m   [0;1mSHOW FIELDS FROM `extensions`[0m
Rendering template within layouts/application
Rendering findfile/index
  [4;35;1mCACHE (0.0ms)[0m   [0mSELECT * FROM `extensions` [0m
Completed in 12ms (View: 5, DB: 1) | 200 OK [http://0.0.0.0/findfile]
  [4;36;1mSQL (0.1ms)[0m   [0;1mSET NAMES 'utf8'[0m
  [4;35;1mSQL (0.1ms)[0m   [0mSET SQL_AUTO_IS_NULL=0[0m


Processing FindfileController#fileseek (for 127.0.0.1 at 2010-11-01 10:13:49) [POST]
  Parameters: {"findfile"=>{"@searchPoint"=>"/home/peter/tmp"}, "commit"=>"Search files", "extension"=>{"selected_ids"=>["1", "2", "3", "4", "5", "6", "7", "8"]}, "authenticity_token"=>"rt1W82KL27jVI20XtQaNYEddseoV9dXEi2LVi3JF2f0="}

NoMethodError (undefined method `selected_ids' for {"selected_ids"=>["1", "2", "3", "4", "5", "6", "7", "8"]}:HashWithIndifferentAccess):
  app/controllers/findfile_controller.rb:25:in `fileseek'
  /usr/lib/ruby/1.8/webrick/httpserver.rb:104:in `service'
  /usr/lib/ruby/1.8/webrick/httpserver.rb:65:in `run'
  /usr/lib/ruby/1.8/webrick/server.rb:173:in `start_thread'
  /usr/lib/ruby/1.8/webrick/server.rb:162:in `start'
  /usr/lib/ruby/1.8/webrick/server.rb:162:in `start_thread'
  /usr/lib/ruby/1.8/webrick/server.rb:95:in `start'
  /usr/lib/ruby/1.8/webrick/server.rb:92:in `each'
  /usr/lib/ruby/1.8/webrick/server.rb:92:in `start'
  /usr/lib/ruby/1.8/webrick/server.rb:23:in `start'
  /usr/lib/ruby/1.8/webrick/server.rb:82:in `start'

Rendered rescues/_trace (86.9ms)
Rendered rescues/_request_and_response (0.5ms)
Rendering rescues/layout (internal_server_error)
  [4;36;1mSQL (0.1ms)[0m   [0;1mSET NAMES 'utf8'[0m
  [4;35;1mSQL (0.1ms)[0m   [0mSET SQL_AUTO_IS_NULL=0[0m


Processing ApplicationController#index (for 127.0.0.1 at 2010-11-01 10:18:07) [GET]

SyntaxError (/home/peter/software development/ruby/findfile/app/controllers/findfile_controller.rb:25: no .<digit> floating literal anymore; put 0 before dot
      puts params[:extension][selected_ids].0
                                            ^
/home/peter/software development/ruby/findfile/app/controllers/findfile_controller.rb:25: syntax error, unexpected tINTEGER
/home/peter/software development/ruby/findfile/app/controllers/findfile_controller.rb:30: syntax error, unexpected tIDENTIFIER, expecting kDO or '{' or '('
...s form is submitted, the value of params[:client] will be {"...
                              ^
/home/peter/software development/ruby/findfile/app/controllers/findfile_controller.rb:30: syntax error, unexpected tIDENTIFIER, expecting $end
... value of params[:client] will be {"name" => ‚ÄúAcme‚Äù, ‚Äú...
                              ^):
  /usr/lib/ruby/1.8/webrick/httpserver.rb:104:in `service'
  /usr/lib/ruby/1.8/webrick/httpserver.rb:65:in `run'
  /usr/lib/ruby/1.8/webrick/server.rb:173:in `start_thread'
  /usr/lib/ruby/1.8/webrick/server.rb:162:in `start'
  /usr/lib/ruby/1.8/webrick/server.rb:162:in `start_thread'
  /usr/lib/ruby/1.8/webrick/server.rb:95:in `start'
  /usr/lib/ruby/1.8/webrick/server.rb:92:in `each'
  /usr/lib/ruby/1.8/webrick/server.rb:92:in `start'
  /usr/lib/ruby/1.8/webrick/server.rb:23:in `start'
  /usr/lib/ruby/1.8/webrick/server.rb:82:in `start'

Rendered rescues/_trace (27.0ms)
Rendered rescues/_request_and_response (0.3ms)
Rendering rescues/layout (internal_server_error)
  [4;36;1mSQL (0.1ms)[0m   [0;1mSET NAMES 'utf8'[0m
  [4;35;1mSQL (0.1ms)[0m   [0mSET SQL_AUTO_IS_NULL=0[0m


Processing ApplicationController#index (for 127.0.0.1 at 2010-11-01 10:18:29) [GET]

SyntaxError (/home/peter/software development/ruby/findfile/app/controllers/findfile_controller.rb:30: syntax error, unexpected tIDENTIFIER, expecting kDO or '{' or '('
...s form is submitted, the value of params[:client] will be {"...
                              ^
/home/peter/software development/ruby/findfile/app/controllers/findfile_controller.rb:30: syntax error, unexpected tIDENTIFIER, expecting $end
... value of params[:client] will be {"name" => ‚ÄúAcme‚Äù, ‚Äú...
                              ^):
  /usr/lib/ruby/1.8/webrick/httpserver.rb:104:in `service'
  /usr/lib/ruby/1.8/webrick/httpserver.rb:65:in `run'
  /usr/lib/ruby/1.8/webrick/server.rb:173:in `start_thread'
  /usr/lib/ruby/1.8/webrick/server.rb:162:in `start'
  /usr/lib/ruby/1.8/webrick/server.rb:162:in `start_thread'
  /usr/lib/ruby/1.8/webrick/server.rb:95:in `start'
  /usr/lib/ruby/1.8/webrick/server.rb:92:in `each'
  /usr/lib/ruby/1.8/webrick/server.rb:92:in `start'
  /usr/lib/ruby/1.8/webrick/server.rb:23:in `start'
  /usr/lib/ruby/1.8/webrick/server.rb:82:in `start'

Rendered rescues/_trace (26.9ms)
Rendered rescues/_request_and_response (0.3ms)
Rendering rescues/layout (internal_server_error)
  [4;36;1mSQL (0.1ms)[0m   [0;1mSET NAMES 'utf8'[0m
  [4;35;1mSQL (0.1ms)[0m   [0mSET SQL_AUTO_IS_NULL=0[0m


Processing FindfileController#index (for 127.0.0.1 at 2010-11-01 10:18:51) [GET]
  [4;36;1mExtension Load (0.1ms)[0m   [0;1mSELECT * FROM `extensions` [0m
  [4;35;1mExtension Columns (0.5ms)[0m   [0mSHOW FIELDS FROM `extensions`[0m
Rendering template within layouts/application
Rendering findfile/index
  [4;36;1mCACHE (0.0ms)[0m   [0;1mSELECT * FROM `extensions` [0m
Completed in 12ms (View: 5, DB: 1) | 200 OK [http://0.0.0.0/findfile]
  [4;35;1mSQL (0.1ms)[0m   [0mSET NAMES 'utf8'[0m
  [4;36;1mSQL (0.1ms)[0m   [0;1mSET SQL_AUTO_IS_NULL=0[0m


Processing FindfileController#fileseek (for 127.0.0.1 at 2010-11-01 10:18:58) [POST]
  Parameters: {"findfile"=>{"@searchPoint"=>"/home/peter/tmp"}, "commit"=>"Search files", "extension"=>{"selected_ids"=>["1", "2", "3", "4", "5", "6", "7", "8"]}, "authenticity_token"=>"rt1W82KL27jVI20XtQaNYEddseoV9dXEi2LVi3JF2f0="}

NameError (undefined local variable or method `selected_ids' for #<FindfileController:0xb7008658>):
  app/controllers/findfile_controller.rb:25:in `fileseek'
  /usr/lib/ruby/1.8/webrick/httpserver.rb:104:in `service'
  /usr/lib/ruby/1.8/webrick/httpserver.rb:65:in `run'
  /usr/lib/ruby/1.8/webrick/server.rb:173:in `start_thread'
  /usr/lib/ruby/1.8/webrick/server.rb:162:in `start'
  /usr/lib/ruby/1.8/webrick/server.rb:162:in `start_thread'
  /usr/lib/ruby/1.8/webrick/server.rb:95:in `start'
  /usr/lib/ruby/1.8/webrick/server.rb:92:in `each'
  /usr/lib/ruby/1.8/webrick/server.rb:92:in `start'
  /usr/lib/ruby/1.8/webrick/server.rb:23:in `start'
  /usr/lib/ruby/1.8/webrick/server.rb:82:in `start'

Rendered rescues/_trace (30.3ms)
Rendered rescues/_request_and_response (0.5ms)
Rendering rescues/layout (internal_server_error)
  [4;35;1mSQL (0.1ms)[0m   [0mSET NAMES 'utf8'[0m
  [4;36;1mSQL (0.1ms)[0m   [0;1mSET SQL_AUTO_IS_NULL=0[0m


Processing FindfileController#fileseek (for 127.0.0.1 at 2010-11-01 10:20:12) [POST]
  Parameters: {"findfile"=>{"@searchPoint"=>"/home/peter/tmp"}, "commit"=>"Search files", "extension"=>{"selected_ids"=>["1", "2", "3", "4", "5", "6", "7", "8"]}, "authenticity_token"=>"rt1W82KL27jVI20XtQaNYEddseoV9dXEi2LVi3JF2f0="}
Rendering template within layouts/application
Rendering findfile/fileseek
Completed in 9ms (View: 2, DB: 0) | 200 OK [http://0.0.0.0/findfile/fileseek]
  [4;35;1mSQL (0.1ms)[0m   [0mSET NAMES 'utf8'[0m
  [4;36;1mSQL (0.1ms)[0m   [0;1mSET SQL_AUTO_IS_NULL=0[0m


Processing ApplicationController#index (for 127.0.0.1 at 2010-11-01 10:28:42) [GET]

SyntaxError (/home/peter/software development/ruby/findfile/app/controllers/findfile_controller.rb:25: no .<digit> floating literal anymore; put 0 before dot
      puts params[:extension][:selected_ids].0
                                             ^
/home/peter/software development/ruby/findfile/app/controllers/findfile_controller.rb:25: syntax error, unexpected tINTEGER):
  /usr/lib/ruby/1.8/webrick/httpserver.rb:104:in `service'
  /usr/lib/ruby/1.8/webrick/httpserver.rb:65:in `run'
  /usr/lib/ruby/1.8/webrick/server.rb:173:in `start_thread'
  /usr/lib/ruby/1.8/webrick/server.rb:162:in `start'
  /usr/lib/ruby/1.8/webrick/server.rb:162:in `start_thread'
  /usr/lib/ruby/1.8/webrick/server.rb:95:in `start'
  /usr/lib/ruby/1.8/webrick/server.rb:92:in `each'
  /usr/lib/ruby/1.8/webrick/server.rb:92:in `start'
  /usr/lib/ruby/1.8/webrick/server.rb:23:in `start'
  /usr/lib/ruby/1.8/webrick/server.rb:82:in `start'

Rendered rescues/_trace (26.9ms)
Rendered rescues/_request_and_response (0.3ms)
Rendering rescues/layout (internal_server_error)
  [4;35;1mSQL (0.1ms)[0m   [0mSET NAMES 'utf8'[0m
  [4;36;1mSQL (0.1ms)[0m   [0;1mSET SQL_AUTO_IS_NULL=0[0m


Processing FindfileController#index (for 127.0.0.1 at 2010-11-01 10:29:23) [GET]
  [4;35;1mExtension Load (0.1ms)[0m   [0mSELECT * FROM `extensions` [0m
  [4;36;1mExtension Columns (0.5ms)[0m   [0;1mSHOW FIELDS FROM `extensions`[0m
Rendering template within layouts/application
Rendering findfile/index
  [4;35;1mCACHE (0.0ms)[0m   [0mSELECT * FROM `extensions` [0m
Completed in 12ms (View: 5, DB: 1) | 200 OK [http://0.0.0.0/findfile]
  [4;36;1mSQL (0.1ms)[0m   [0;1mSET NAMES 'utf8'[0m
  [4;35;1mSQL (0.1ms)[0m   [0mSET SQL_AUTO_IS_NULL=0[0m


Processing FindfileController#fileseek (for 127.0.0.1 at 2010-11-01 10:29:29) [POST]
  Parameters: {"findfile"=>{"@searchPoint"=>"/home/peter/tmp"}, "commit"=>"Search files", "extension"=>{"selected_ids"=>["1", "2", "3", "4", "5", "6", "7", "8"]}, "authenticity_token"=>"rt1W82KL27jVI20XtQaNYEddseoV9dXEi2LVi3JF2f0="}
Rendering template within layouts/application
Rendering findfile/fileseek
Completed in 10ms (View: 2, DB: 0) | 200 OK [http://0.0.0.0/findfile/fileseek]
  [4;36;1mSQL (0.1ms)[0m   [0;1mSET NAMES 'utf8'[0m
  [4;35;1mSQL (0.1ms)[0m   [0mSET SQL_AUTO_IS_NULL=0[0m


Processing FindfileController#index (for 127.0.0.1 at 2010-11-01 10:30:47) [GET]
  [4;36;1mExtension Load (0.1ms)[0m   [0;1mSELECT * FROM `extensions` [0m
  [4;35;1mExtension Columns (0.5ms)[0m   [0mSHOW FIELDS FROM `extensions`[0m
Rendering template within layouts/application
Rendering findfile/index
  [4;36;1mCACHE (0.0ms)[0m   [0;1mSELECT * FROM `extensions` [0m
Completed in 12ms (View: 5, DB: 1) | 200 OK [http://0.0.0.0/findfile]
  [4;35;1mSQL (0.1ms)[0m   [0mSET NAMES 'utf8'[0m
  [4;36;1mSQL (0.1ms)[0m   [0;1mSET SQL_AUTO_IS_NULL=0[0m


Processing FindfileController#fileseek (for 127.0.0.1 at 2010-11-01 10:30:55) [POST]
  Parameters: {"findfile"=>{"@searchPoint"=>"/home/peter/tmp"}, "commit"=>"Search files", "extension"=>{"selected_ids"=>["1", "2", "3", "4", "5", "6", "7", "8"]}, "authenticity_token"=>"rt1W82KL27jVI20XtQaNYEddseoV9dXEi2LVi3JF2f0="}
Rendering template within layouts/application
Rendering findfile/fileseek
Completed in 9ms (View: 2, DB: 0) | 200 OK [http://0.0.0.0/findfile/fileseek]
  [4;35;1mSQL (0.1ms)[0m   [0mSET NAMES 'utf8'[0m
  [4;36;1mSQL (0.1ms)[0m   [0;1mSET SQL_AUTO_IS_NULL=0[0m


Processing FindfileController#index (for 127.0.0.1 at 2010-11-01 10:31:29) [GET]
  [4;35;1mExtension Load (0.1ms)[0m   [0mSELECT * FROM `extensions` [0m
  [4;36;1mExtension Columns (0.5ms)[0m   [0;1mSHOW FIELDS FROM `extensions`[0m
Rendering template within layouts/application
Rendering findfile/index
  [4;35;1mCACHE (0.0ms)[0m   [0mSELECT * FROM `extensions` [0m
Completed in 12ms (View: 5, DB: 1) | 200 OK [http://0.0.0.0/findfile]
  [4;36;1mSQL (0.1ms)[0m   [0;1mSET NAMES 'utf8'[0m
  [4;35;1mSQL (0.1ms)[0m   [0mSET SQL_AUTO_IS_NULL=0[0m


Processing FindfileController#fileseek (for 127.0.0.1 at 2010-11-01 10:31:34) [POST]
  Parameters: {"findfile"=>{"@searchPoint"=>"/home/peter/tmp"}, "commit"=>"Search files", "extension"=>{"selected_ids"=>["1", "2", "3", "4", "5", "6", "7", "8"]}, "authenticity_token"=>"rt1W82KL27jVI20XtQaNYEddseoV9dXEi2LVi3JF2f0="}
Rendering template within layouts/application
Rendering findfile/fileseek
Completed in 9ms (View: 2, DB: 0) | 200 OK [http://0.0.0.0/findfile/fileseek]
  [4;36;1mSQL (0.2ms)[0m   [0;1mSET NAMES 'utf8'[0m
  [4;35;1mSQL (0.1ms)[0m   [0mSET SQL_AUTO_IS_NULL=0[0m


Processing FindfileController#index (for 127.0.0.1 at 2010-11-01 10:32:14) [GET]
  [4;36;1mExtension Load (0.1ms)[0m   [0;1mSELECT * FROM `extensions` [0m
  [4;35;1mExtension Columns (0.5ms)[0m   [0mSHOW FIELDS FROM `extensions`[0m
Rendering template within layouts/application
Rendering findfile/index
  [4;36;1mCACHE (0.0ms)[0m   [0;1mSELECT * FROM `extensions` [0m
Completed in 12ms (View: 5, DB: 1) | 200 OK [http://0.0.0.0/findfile]
  [4;35;1mSQL (0.2ms)[0m   [0mSET NAMES 'utf8'[0m
  [4;36;1mSQL (0.1ms)[0m   [0;1mSET SQL_AUTO_IS_NULL=0[0m


Processing FindfileController#fileseek (for 127.0.0.1 at 2010-11-01 10:32:20) [POST]
  Parameters: {"findfile"=>{"@searchPoint"=>"/home/peter/tmp"}, "commit"=>"Search files", "extension"=>{"selected_ids"=>["1", "2", "3", "4", "5", "6", "7", "8"]}, "authenticity_token"=>"rt1W82KL27jVI20XtQaNYEddseoV9dXEi2LVi3JF2f0="}
Rendering template within layouts/application
Rendering findfile/fileseek
Completed in 10ms (View: 2, DB: 0) | 200 OK [http://0.0.0.0/findfile/fileseek]
  [4;35;1mSQL (0.1ms)[0m   [0mSET NAMES 'utf8'[0m
  [4;36;1mSQL (0.1ms)[0m   [0;1mSET SQL_AUTO_IS_NULL=0[0m


Processing FindfileController#index (for 127.0.0.1 at 2010-11-01 10:36:54) [GET]
  [4;35;1mExtension Load (0.1ms)[0m   [0mSELECT * FROM `extensions` [0m
  [4;36;1mExtension Columns (0.6ms)[0m   [0;1mSHOW FIELDS FROM `extensions`[0m
Rendering template within layouts/application
Rendering findfile/index
  [4;35;1mCACHE (0.0ms)[0m   [0mSELECT * FROM `extensions` [0m
Completed in 12ms (View: 5, DB: 1) | 200 OK [http://0.0.0.0/findfile]
  [4;36;1mSQL (0.1ms)[0m   [0;1mSET NAMES 'utf8'[0m
  [4;35;1mSQL (0.1ms)[0m   [0mSET SQL_AUTO_IS_NULL=0[0m


Processing FindfileController#fileseek (for 127.0.0.1 at 2010-11-01 10:37:01) [POST]
  Parameters: {"findfile"=>{"@searchPoint"=>"/home/peter/tmp"}, "commit"=>"Search files", "extension"=>{"selected_ids"=>["1", "2", "3", "4", "5", "6", "7", "8"]}, "authenticity_token"=>"rt1W82KL27jVI20XtQaNYEddseoV9dXEi2LVi3JF2f0="}
Rendering template within layouts/application
Rendering findfile/fileseek
Completed in 4ms (View: 2, DB: 0) | 200 OK [http://0.0.0.0/findfile/fileseek]
  [4;36;1mSQL (0.1ms)[0m   [0;1mSET NAMES 'utf8'[0m
  [4;35;1mSQL (0.2ms)[0m   [0mSET SQL_AUTO_IS_NULL=0[0m


Processing FindfileController#fileseek (for 127.0.0.1 at 2010-11-01 14:46:51) [POST]
  Parameters: {"findfile"=>{"@searchPoint"=>"/home/peter/tmp"}, "commit"=>"Search files", "extension"=>{"selected_ids"=>["1", "2", "3", "4", "5", "6", "7", "8"]}, "authenticity_token"=>"rt1W82KL27jVI20XtQaNYEddseoV9dXEi2LVi3JF2f0="}

NoMethodError (undefined method `fileseek' for Findfile:Class):
  app/controllers/findfile_controller.rb:23:in `fileseek'
  /usr/lib/ruby/1.8/webrick/httpserver.rb:104:in `service'
  /usr/lib/ruby/1.8/webrick/httpserver.rb:65:in `run'
  /usr/lib/ruby/1.8/webrick/server.rb:173:in `start_thread'
  /usr/lib/ruby/1.8/webrick/server.rb:162:in `start'
  /usr/lib/ruby/1.8/webrick/server.rb:162:in `start_thread'
  /usr/lib/ruby/1.8/webrick/server.rb:95:in `start'
  /usr/lib/ruby/1.8/webrick/server.rb:92:in `each'
  /usr/lib/ruby/1.8/webrick/server.rb:92:in `start'
  /usr/lib/ruby/1.8/webrick/server.rb:23:in `start'
  /usr/lib/ruby/1.8/webrick/server.rb:82:in `start'

Rendered rescues/_trace (92.6ms)
Rendered rescues/_request_and_response (0.5ms)
Rendering rescues/layout (internal_server_error)
  [4;36;1mSQL (0.1ms)[0m   [0;1mSET NAMES 'utf8'[0m
  [4;35;1mSQL (0.1ms)[0m   [0mSET SQL_AUTO_IS_NULL=0[0m


Processing FindfileController#fileseek (for 127.0.0.1 at 2010-11-01 14:47:47) [POST]
  Parameters: {"findfile"=>{"@searchPoint"=>"/home/peter/tmp"}, "commit"=>"Search files", "extension"=>{"selected_ids"=>["1", "2", "3", "4", "5", "6", "7", "8"]}, "authenticity_token"=>"rt1W82KL27jVI20XtQaNYEddseoV9dXEi2LVi3JF2f0="}

NoMethodError (undefined method `findfiles' for Findfile:Class):
  app/controllers/findfile_controller.rb:23:in `fileseek'
  /usr/lib/ruby/1.8/webrick/httpserver.rb:104:in `service'
  /usr/lib/ruby/1.8/webrick/httpserver.rb:65:in `run'
  /usr/lib/ruby/1.8/webrick/server.rb:173:in `start_thread'
  /usr/lib/ruby/1.8/webrick/server.rb:162:in `start'
  /usr/lib/ruby/1.8/webrick/server.rb:162:in `start_thread'
  /usr/lib/ruby/1.8/webrick/server.rb:95:in `start'
  /usr/lib/ruby/1.8/webrick/server.rb:92:in `each'
  /usr/lib/ruby/1.8/webrick/server.rb:92:in `start'
  /usr/lib/ruby/1.8/webrick/server.rb:23:in `start'
  /usr/lib/ruby/1.8/webrick/server.rb:82:in `start'

Rendered rescues/_trace (31.0ms)
Rendered rescues/_request_and_response (0.5ms)
Rendering rescues/layout (internal_server_error)
  [4;36;1mSQL (0.1ms)[0m   [0;1mSET NAMES 'utf8'[0m
  [4;35;1mSQL (0.1ms)[0m   [0mSET SQL_AUTO_IS_NULL=0[0m


Processing FindfileController#index (for 127.0.0.1 at 2010-11-01 14:47:51) [GET]
  [4;36;1mExtension Load (0.1ms)[0m   [0;1mSELECT * FROM `extensions` [0m
  [4;35;1mExtension Columns (0.7ms)[0m   [0mSHOW FIELDS FROM `extensions`[0m
Rendering template within layouts/application
Rendering findfile/index
  [4;36;1mCACHE (0.0ms)[0m   [0;1mSELECT * FROM `extensions` [0m
Completed in 19ms (View: 8, DB: 1) | 200 OK [http://0.0.0.0/findfile]
  [4;35;1mSQL (0.1ms)[0m   [0mSET NAMES 'utf8'[0m
  [4;36;1mSQL (0.1ms)[0m   [0;1mSET SQL_AUTO_IS_NULL=0[0m


Processing FindfileController#fileseek (for 127.0.0.1 at 2010-11-01 14:47:56) [POST]
  Parameters: {"findfile"=>{"@searchPoint"=>"/home/peter/tmp"}, "commit"=>"Search files", "extension"=>{"selected_ids"=>["1", "2", "3", "4", "5", "6", "7", "8"]}, "authenticity_token"=>"rt1W82KL27jVI20XtQaNYEddseoV9dXEi2LVi3JF2f0="}

NoMethodError (undefined method `findfiles' for Findfile:Class):
  app/controllers/findfile_controller.rb:23:in `fileseek'
  /usr/lib/ruby/1.8/webrick/httpserver.rb:104:in `service'
  /usr/lib/ruby/1.8/webrick/httpserver.rb:65:in `run'
  /usr/lib/ruby/1.8/webrick/server.rb:173:in `start_thread'
  /usr/lib/ruby/1.8/webrick/server.rb:162:in `start'
  /usr/lib/ruby/1.8/webrick/server.rb:162:in `start_thread'
  /usr/lib/ruby/1.8/webrick/server.rb:95:in `start'
  /usr/lib/ruby/1.8/webrick/server.rb:92:in `each'
  /usr/lib/ruby/1.8/webrick/server.rb:92:in `start'
  /usr/lib/ruby/1.8/webrick/server.rb:23:in `start'
  /usr/lib/ruby/1.8/webrick/server.rb:82:in `start'

Rendered rescues/_trace (30.2ms)
Rendered rescues/_request_and_response (0.7ms)
Rendering rescues/layout (internal_server_error)
  [4;36;1mSQL (0.1ms)[0m   [0;1mSET NAMES 'utf8'[0m
  [4;35;1mSQL (0.0ms)[0m   [0mSET SQL_AUTO_IS_NULL=0[0m


Processing FindfileController#index (for 127.0.0.1 at 2010-11-01 14:51:08) [GET]
  [4;36;1mExtension Load (0.1ms)[0m   [0;1mSELECT * FROM `extensions` [0m
  [4;35;1mExtension Columns (0.5ms)[0m   [0mSHOW FIELDS FROM `extensions`[0m
Rendering template within layouts/application
Rendering findfile/index
  [4;36;1mCACHE (0.0ms)[0m   [0;1mSELECT * FROM `extensions` [0m
Completed in 139ms (View: 132, DB: 1) | 200 OK [http://0.0.0.0/findfile]
  [4;35;1mSQL (0.1ms)[0m   [0mSET NAMES 'utf8'[0m
  [4;36;1mSQL (0.2ms)[0m   [0;1mSET SQL_AUTO_IS_NULL=0[0m


Processing FindfileController#fileseek (for 127.0.0.1 at 2010-11-01 14:51:18) [POST]
  Parameters: {"findfile"=>{"@searchPoint"=>"/home/peter/tmp"}, "commit"=>"Search files", "extension"=>{"selected_ids"=>["1", "2", "3", "4", "5", "6", "7", "8"]}, "authenticity_token"=>"rt1W82KL27jVI20XtQaNYEddseoV9dXEi2LVi3JF2f0="}

NoMethodError (undefined method `findfiles' for Findfile:Class):
  app/controllers/findfile_controller.rb:23:in `fileseek'
  /usr/lib/ruby/1.8/webrick/httpserver.rb:104:in `service'
  /usr/lib/ruby/1.8/webrick/httpserver.rb:65:in `run'
  /usr/lib/ruby/1.8/webrick/server.rb:173:in `start_thread'
  /usr/lib/ruby/1.8/webrick/server.rb:162:in `start'
  /usr/lib/ruby/1.8/webrick/server.rb:162:in `start_thread'
  /usr/lib/ruby/1.8/webrick/server.rb:95:in `start'
  /usr/lib/ruby/1.8/webrick/server.rb:92:in `each'
  /usr/lib/ruby/1.8/webrick/server.rb:92:in `start'
  /usr/lib/ruby/1.8/webrick/server.rb:23:in `start'
  /usr/lib/ruby/1.8/webrick/server.rb:82:in `start'

Rendered rescues/_trace (33.5ms)
Rendered rescues/_request_and_response (1.6ms)
Rendering rescues/layout (internal_server_error)
  [4;35;1mSQL (0.1ms)[0m   [0mSET NAMES 'utf8'[0m
  [4;36;1mSQL (0.1ms)[0m   [0;1mSET SQL_AUTO_IS_NULL=0[0m


Processing FindfileController#index (for 127.0.0.1 at 2010-11-01 14:55:20) [GET]
  [4;35;1mExtension Load (0.1ms)[0m   [0mSELECT * FROM `extensions` [0m
  [4;36;1mExtension Columns (0.5ms)[0m   [0;1mSHOW FIELDS FROM `extensions`[0m
Rendering template within layouts/application
Rendering findfile/index
  [4;35;1mCACHE (0.0ms)[0m   [0mSELECT * FROM `extensions` [0m
Completed in 66ms (View: 5, DB: 1) | 200 OK [http://0.0.0.0/findfile]
  [4;36;1mSQL (0.1ms)[0m   [0;1mSET NAMES 'utf8'[0m
  [4;35;1mSQL (0.1ms)[0m   [0mSET SQL_AUTO_IS_NULL=0[0m


Processing FindfileController#fileseek (for 127.0.0.1 at 2010-11-01 14:55:27) [POST]
  Parameters: {"findfile"=>{"@searchPoint"=>"/home/peter/tmp"}, "commit"=>"Search files", "extension"=>{"selected_ids"=>["1", "2", "3", "4", "5", "6", "7", "8"]}, "authenticity_token"=>"rt1W82KL27jVI20XtQaNYEddseoV9dXEi2LVi3JF2f0="}
Rendering template within layouts/application
Rendering findfile/fileseek
Completed in 3746ms (View: 12, DB: 0) | 200 OK [http://0.0.0.0/findfile/fileseek]
  [4;36;1mSQL (0.1ms)[0m   [0;1mSET NAMES 'utf8'[0m
  [4;35;1mSQL (0.0ms)[0m   [0mSET SQL_AUTO_IS_NULL=0[0m


Processing FindfileController#index (for 127.0.0.1 at 2010-11-01 14:57:33) [GET]
  [4;36;1mExtension Load (0.2ms)[0m   [0;1mSELECT * FROM `extensions` [0m
  [4;35;1mExtension Columns (0.5ms)[0m   [0mSHOW FIELDS FROM `extensions`[0m
Rendering template within layouts/application
Rendering findfile/index
  [4;36;1mCACHE (0.0ms)[0m   [0;1mSELECT * FROM `extensions` [0m
Completed in 24ms (View: 17, DB: 1) | 200 OK [http://0.0.0.0/findfile]
  [4;35;1mSQL (0.1ms)[0m   [0mSET NAMES 'utf8'[0m
  [4;36;1mSQL (0.1ms)[0m   [0;1mSET SQL_AUTO_IS_NULL=0[0m


Processing FindfileController#fileseek (for 127.0.0.1 at 2010-11-01 14:57:40) [POST]
  Parameters: {"findfile"=>{"@searchPoint"=>"/home/peter/tmp"}, "commit"=>"Search files", "extension"=>{"selected_ids"=>["1", "2", "3", "4", "5", "6", "7", "8"]}, "authenticity_token"=>"rt1W82KL27jVI20XtQaNYEddseoV9dXEi2LVi3JF2f0="}
Rendering template within layouts/application
Rendering findfile/fileseek
Completed in 3915ms (View: 10, DB: 0) | 200 OK [http://0.0.0.0/findfile/fileseek]
  [4;35;1mSQL (0.1ms)[0m   [0mSET NAMES 'utf8'[0m
  [4;36;1mSQL (0.1ms)[0m   [0;1mSET SQL_AUTO_IS_NULL=0[0m


Processing FindfileController#index (for 127.0.0.1 at 2010-11-01 15:00:13) [GET]
  [4;35;1mExtension Load (0.1ms)[0m   [0mSELECT * FROM `extensions` [0m
  [4;36;1mExtension Columns (0.5ms)[0m   [0;1mSHOW FIELDS FROM `extensions`[0m
Rendering template within layouts/application
Rendering findfile/index
  [4;35;1mCACHE (0.0ms)[0m   [0mSELECT * FROM `extensions` [0m
Completed in 12ms (View: 6, DB: 1) | 200 OK [http://0.0.0.0/findfile]
  [4;36;1mSQL (0.1ms)[0m   [0;1mSET NAMES 'utf8'[0m
  [4;35;1mSQL (0.1ms)[0m   [0mSET SQL_AUTO_IS_NULL=0[0m


Processing FindfileController#fileseek (for 127.0.0.1 at 2010-11-01 15:00:21) [POST]
  Parameters: {"findfile"=>{"@searchPoint"=>"/home/peter/tmp"}, "commit"=>"Search files", "extension"=>{"selected_ids"=>["1", "2", "3", "4", "5", "6", "7", "8"]}, "authenticity_token"=>"rt1W82KL27jVI20XtQaNYEddseoV9dXEi2LVi3JF2f0="}
Rendering template within layouts/application
Rendering findfile/fileseek
Completed in 12ms (View: 2, DB: 0) | 200 OK [http://0.0.0.0/findfile/fileseek]
  [4;36;1mSQL (0.1ms)[0m   [0;1mSET NAMES 'utf8'[0m
  [4;35;1mSQL (0.1ms)[0m   [0mSET SQL_AUTO_IS_NULL=0[0m


Processing FindfileController#index (for 127.0.0.1 at 2010-11-01 15:02:58) [GET]
  [4;36;1mExtension Load (0.2ms)[0m   [0;1mSELECT * FROM `extensions` [0m
  [4;35;1mExtension Columns (0.5ms)[0m   [0mSHOW FIELDS FROM `extensions`[0m
Rendering template within layouts/application
Rendering findfile/index
  [4;36;1mCACHE (0.0ms)[0m   [0;1mSELECT * FROM `extensions` [0m
Completed in 12ms (View: 5, DB: 1) | 200 OK [http://0.0.0.0/findfile]
  [4;35;1mSQL (0.1ms)[0m   [0mSET NAMES 'utf8'[0m
  [4;36;1mSQL (0.1ms)[0m   [0;1mSET SQL_AUTO_IS_NULL=0[0m


Processing FindfileController#fileseek (for 127.0.0.1 at 2010-11-01 15:03:07) [POST]
  Parameters: {"findfile"=>{"@searchPoint"=>"/home/peter/tmp"}, "commit"=>"Search files", "extension"=>{"selected_ids"=>["1", "2", "3", "4", "5", "6", "7", "8"]}, "authenticity_token"=>"rt1W82KL27jVI20XtQaNYEddseoV9dXEi2LVi3JF2f0="}
Rendering template within layouts/application
Rendering findfile/fileseek
Completed in 72ms (View: 2, DB: 0) | 200 OK [http://0.0.0.0/findfile/fileseek]
  [4;35;1mSQL (0.1ms)[0m   [0mSET NAMES 'utf8'[0m
  [4;36;1mSQL (0.7ms)[0m   [0;1mSET SQL_AUTO_IS_NULL=0[0m


Processing FindfileController#index (for 127.0.0.1 at 2010-11-01 15:10:58) [GET]
  [4;35;1mExtension Load (0.2ms)[0m   [0mSELECT * FROM `extensions` [0m
  [4;36;1mExtension Columns (0.5ms)[0m   [0;1mSHOW FIELDS FROM `extensions`[0m
Rendering template within layouts/application
Rendering findfile/index
  [4;35;1mCACHE (0.0ms)[0m   [0mSELECT * FROM `extensions` [0m
Completed in 12ms (View: 5, DB: 2) | 200 OK [http://0.0.0.0/findfile]
  [4;36;1mSQL (0.1ms)[0m   [0;1mSET NAMES 'utf8'[0m
  [4;35;1mSQL (0.1ms)[0m   [0mSET SQL_AUTO_IS_NULL=0[0m


Processing FindfileController#fileseek (for 127.0.0.1 at 2010-11-01 15:11:06) [POST]
  Parameters: {"findfile"=>{"@searchPoint"=>"/home/peter/tmp"}, "commit"=>"Search files", "extension"=>{"selected_ids"=>["1", "2", "3", "4", "5", "6", "7", "8"]}, "authenticity_token"=>"rt1W82KL27jVI20XtQaNYEddseoV9dXEi2LVi3JF2f0="}
Rendering template within layouts/application
Rendering findfile/fileseek
Completed in 10ms (View: 2, DB: 0) | 200 OK [http://0.0.0.0/findfile/fileseek]
  [4;36;1mSQL (0.1ms)[0m   [0;1mSET NAMES 'utf8'[0m
  [4;35;1mSQL (0.1ms)[0m   [0mSET SQL_AUTO_IS_NULL=0[0m


Processing FindfileController#index (for 127.0.0.1 at 2010-11-01 15:13:12) [GET]
  [4;36;1mExtension Load (0.2ms)[0m   [0;1mSELECT * FROM `extensions` [0m
  [4;35;1mExtension Columns (0.5ms)[0m   [0mSHOW FIELDS FROM `extensions`[0m
Rendering template within layouts/application
Rendering findfile/index
  [4;36;1mCACHE (0.0ms)[0m   [0;1mSELECT * FROM `extensions` [0m
Completed in 12ms (View: 5, DB: 1) | 200 OK [http://0.0.0.0/findfile]
  [4;35;1mSQL (0.2ms)[0m   [0mSET NAMES 'utf8'[0m
  [4;36;1mSQL (0.1ms)[0m   [0;1mSET SQL_AUTO_IS_NULL=0[0m


Processing FindfileController#fileseek (for 127.0.0.1 at 2010-11-01 15:13:18) [POST]
  Parameters: {"findfile"=>{"@searchPoint"=>"/home/peter/tmp"}, "commit"=>"Search files", "extension"=>{"selected_ids"=>["1", "2", "3", "4", "5", "6", "7", "8"]}, "authenticity_token"=>"rt1W82KL27jVI20XtQaNYEddseoV9dXEi2LVi3JF2f0="}
Rendering template within layouts/application
Rendering findfile/fileseek
Completed in 11ms (View: 2, DB: 0) | 200 OK [http://0.0.0.0/findfile/fileseek]
  [4;35;1mSQL (0.1ms)[0m   [0mSET NAMES 'utf8'[0m
  [4;36;1mSQL (0.1ms)[0m   [0;1mSET SQL_AUTO_IS_NULL=0[0m


Processing FindfileController#index (for 127.0.0.1 at 2010-11-01 15:13:47) [GET]
  [4;35;1mExtension Load (0.2ms)[0m   [0mSELECT * FROM `extensions` [0m
  [4;36;1mExtension Columns (0.5ms)[0m   [0;1mSHOW FIELDS FROM `extensions`[0m
Rendering template within layouts/application
Rendering findfile/index
  [4;35;1mCACHE (0.0ms)[0m   [0mSELECT * FROM `extensions` [0m
Completed in 12ms (View: 5, DB: 1) | 200 OK [http://0.0.0.0/findfile]
  [4;36;1mSQL (0.1ms)[0m   [0;1mSET NAMES 'utf8'[0m
  [4;35;1mSQL (0.1ms)[0m   [0mSET SQL_AUTO_IS_NULL=0[0m


Processing FindfileController#fileseek (for 127.0.0.1 at 2010-11-01 15:14:03) [POST]
  Parameters: {"findfile"=>{"@searchPoint"=>"/home/peter"}, "commit"=>"Search files", "extension"=>{"selected_ids"=>["1", "2", "3", "4", "5", "6", "7", "8"]}, "authenticity_token"=>"rt1W82KL27jVI20XtQaNYEddseoV9dXEi2LVi3JF2f0="}
Rendering template within layouts/application
Rendering findfile/fileseek
Completed in 3865ms (View: 6, DB: 0) | 200 OK [http://0.0.0.0/findfile/fileseek]
  [4;36;1mSQL (0.1ms)[0m   [0;1mSET NAMES 'utf8'[0m
  [4;35;1mSQL (0.1ms)[0m   [0mSET SQL_AUTO_IS_NULL=0[0m


Processing FindfileController#index (for 127.0.0.1 at 2010-11-01 15:19:51) [GET]
  [4;36;1mExtension Load (0.1ms)[0m   [0;1mSELECT * FROM `extensions` [0m
  [4;35;1mExtension Columns (0.5ms)[0m   [0mSHOW FIELDS FROM `extensions`[0m
Rendering template within layouts/application
Rendering findfile/index
  [4;36;1mCACHE (0.0ms)[0m   [0;1mSELECT * FROM `extensions` [0m
Completed in 14ms (View: 6, DB: 1) | 200 OK [http://0.0.0.0/findfile]
  [4;35;1mSQL (0.1ms)[0m   [0mSET NAMES 'utf8'[0m
  [4;36;1mSQL (0.1ms)[0m   [0;1mSET SQL_AUTO_IS_NULL=0[0m


Processing FindfileController#fileseek (for 127.0.0.1 at 2010-11-01 15:19:57) [POST]
  Parameters: {"findfile"=>{"@searchPoint"=>"/home/peter"}, "commit"=>"Search files", "extension"=>{"selected_ids"=>["1", "2", "3", "4", "5", "6", "7", "8"]}, "authenticity_token"=>"rt1W82KL27jVI20XtQaNYEddseoV9dXEi2LVi3JF2f0="}
Rendering template within layouts/application
Rendering findfile/fileseek
ERROR: compiling _run_erb_app47views47findfile47fileseek46html46erb RAISED compile error
/home/peter/software development/ruby/findfile/app/views/findfile/fileseek.html.erb:5: syntax error, unexpected kEND, expecting ')'
;  end ; @output_buffer.concat " \n"
      ^
/home/peter/software development/ruby/findfile/app/views/findfile/fileseek.html.erb:7: syntax error, unexpected kENSURE, expecting ')'
/home/peter/software development/ruby/findfile/app/views/findfile/fileseek.html.erb:9: syntax error, unexpected kEND, expecting ')'
Function body:           def _run_erb_app47views47findfile47fileseek46html46erb(local_assigns)
            old_output_buffer = output_buffer;;@output_buffer = '';  __in_erb_template=true ; @output_buffer.concat "<h1>Hi!!</h1>\n"
;  @files.each_key do |file| ; @output_buffer.concat " \n<tr> \n  <td>"

; @output_buffer.concat(( #{dpath} ).to_s); @output_buffer.concat "</td> \n</tr> "
;  end ; @output_buffer.concat " \n"
; @output_buffer
          ensure
            self.output_buffer = old_output_buffer
          end
Backtrace: /home/peter/software development/ruby/findfile/app/views/findfile/fileseek.html.erb:9:in `compile!'
/usr/lib/ruby/gems/1.8/gems/actionpack-2.3.8/lib/action_view/renderable.rb:61:in `compile'
/usr/lib/ruby/gems/1.8/gems/actionpack-2.3.8/lib/action_view/renderable.rb:28:in `render'
/usr/lib/ruby/gems/1.8/gems/actionpack-2.3.8/lib/action_view/template.rb:205:in `render_template'
/usr/lib/ruby/gems/1.8/gems/actionpack-2.3.8/lib/action_view/base.rb:265:in `render'
/usr/lib/ruby/gems/1.8/gems/actionpack-2.3.8/lib/action_view/base.rb:348:in `_render_with_layout'
/usr/lib/ruby/gems/1.8/gems/actionpack-2.3.8/lib/action_view/base.rb:262:in `render'
/usr/lib/ruby/gems/1.8/gems/actionpack-2.3.8/lib/action_controller/base.rb:1250:in `render_for_file'
/usr/lib/ruby/gems/1.8/gems/actionpack-2.3.8/lib/action_controller/base.rb:936:in `render_without_benchmark'
/usr/lib/ruby/gems/1.8/gems/actionpack-2.3.8/lib/action_controller/benchmarking.rb:51:in `render'
/usr/lib/ruby/gems/1.8/gems/activesupport-2.3.8/lib/active_support/core_ext/benchmark.rb:17:in `ms'
/usr/lib/ruby/1.8/benchmark.rb:308:in `realtime'
/usr/lib/ruby/gems/1.8/gems/activesupport-2.3.8/lib/active_support/core_ext/benchmark.rb:17:in `ms'
/usr/lib/ruby/gems/1.8/gems/actionpack-2.3.8/lib/action_controller/benchmarking.rb:51:in `render'
/usr/lib/ruby/gems/1.8/gems/actionpack-2.3.8/lib/action_controller/base.rb:1326:in `default_render'
/usr/lib/ruby/gems/1.8/gems/actionpack-2.3.8/lib/action_controller/base.rb:1332:in `perform_action_without_filters'
/usr/lib/ruby/gems/1.8/gems/actionpack-2.3.8/lib/action_controller/filters.rb:617:in `call_filters'
/usr/lib/ruby/gems/1.8/gems/actionpack-2.3.8/lib/action_controller/filters.rb:610:in `perform_action_without_benchmark'
/usr/lib/ruby/gems/1.8/gems/actionpack-2.3.8/lib/action_controller/benchmarking.rb:68:in `perform_action_without_rescue'
/usr/lib/ruby/gems/1.8/gems/activesupport-2.3.8/lib/active_support/core_ext/benchmark.rb:17:in `ms'
/usr/lib/ruby/1.8/benchmark.rb:308:in `realtime'
/usr/lib/ruby/gems/1.8/gems/activesupport-2.3.8/lib/active_support/core_ext/benchmark.rb:17:in `ms'
/usr/lib/ruby/gems/1.8/gems/actionpack-2.3.8/lib/action_controller/benchmarking.rb:68:in `perform_action_without_rescue'
/usr/lib/ruby/gems/1.8/gems/actionpack-2.3.8/lib/action_controller/rescue.rb:160:in `perform_action_without_flash'
/usr/lib/ruby/gems/1.8/gems/actionpack-2.3.8/lib/action_controller/flash.rb:151:in `perform_action'
/usr/lib/ruby/gems/1.8/gems/actionpack-2.3.8/lib/action_controller/base.rb:532:in `send'
/usr/lib/ruby/gems/1.8/gems/actionpack-2.3.8/lib/action_controller/base.rb:532:in `process_without_filters'
/usr/lib/ruby/gems/1.8/gems/actionpack-2.3.8/lib/action_controller/filters.rb:606:in `process'
/usr/lib/ruby/gems/1.8/gems/actionpack-2.3.8/lib/action_controller/base.rb:391:in `process'
/usr/lib/ruby/gems/1.8/gems/actionpack-2.3.8/lib/action_controller/base.rb:386:in `call'
/usr/lib/ruby/gems/1.8/gems/actionpack-2.3.8/lib/action_controller/routing/route_set.rb:438:in `call'
/usr/lib/ruby/gems/1.8/gems/actionpack-2.3.8/lib/action_controller/dispatcher.rb:87:in `dispatch'
/usr/lib/ruby/gems/1.8/gems/actionpack-2.3.8/lib/action_controller/dispatcher.rb:121:in `_call'
/usr/lib/ruby/gems/1.8/gems/actionpack-2.3.8/lib/action_controller/dispatcher.rb:130
/usr/lib/ruby/gems/1.8/gems/activerecord-2.3.8/lib/active_record/query_cache.rb:29:in `call'
/usr/lib/ruby/gems/1.8/gems/activerecord-2.3.8/lib/active_record/query_cache.rb:29:in `call'
/usr/lib/ruby/gems/1.8/gems/activerecord-2.3.8/lib/active_record/connection_adapters/abstract/query_cache.rb:34:in `cache'
/usr/lib/ruby/gems/1.8/gems/activerecord-2.3.8/lib/active_record/query_cache.rb:9:in `cache'
/usr/lib/ruby/gems/1.8/gems/activerecord-2.3.8/lib/active_record/query_cache.rb:28:in `call'
/usr/lib/ruby/gems/1.8/gems/activerecord-2.3.8/lib/active_record/connection_adapters/abstract/connection_pool.rb:361:in `call'
/usr/lib/ruby/gems/1.8/gems/actionpack-2.3.8/lib/action_controller/string_coercion.rb:25:in `call'
/usr/lib/ruby/gems/1.8/gems/rack-1.1.0/lib/rack/head.rb:9:in `call'
/usr/lib/ruby/gems/1.8/gems/rack-1.1.0/lib/rack/methodoverride.rb:24:in `call'
/usr/lib/ruby/gems/1.8/gems/actionpack-2.3.8/lib/action_controller/params_parser.rb:15:in `call'
/usr/lib/ruby/gems/1.8/gems/actionpack-2.3.8/lib/action_controller/session/cookie_store.rb:99:in `call'
/usr/lib/ruby/gems/1.8/gems/actionpack-2.3.8/lib/action_controller/failsafe.rb:26:in `call'
/usr/lib/ruby/gems/1.8/gems/rack-1.1.0/lib/rack/lock.rb:11:in `call'
/usr/lib/ruby/gems/1.8/gems/rack-1.1.0/lib/rack/lock.rb:11:in `synchronize'
/usr/lib/ruby/gems/1.8/gems/rack-1.1.0/lib/rack/lock.rb:11:in `call'
/usr/lib/ruby/gems/1.8/gems/actionpack-2.3.8/lib/action_controller/dispatcher.rb:114:in `call'
/usr/lib/ruby/gems/1.8/gems/actionpack-2.3.8/lib/action_controller/reloader.rb:34:in `run'
/usr/lib/ruby/gems/1.8/gems/actionpack-2.3.8/lib/action_controller/dispatcher.rb:108:in `call'
/usr/lib/ruby/gems/1.8/gems/rails-2.3.8/lib/rails/rack/static.rb:31:in `call'
/usr/lib/ruby/gems/1.8/gems/rack-1.1.0/lib/rack/urlmap.rb:47:in `call'
/usr/lib/ruby/gems/1.8/gems/rack-1.1.0/lib/rack/urlmap.rb:41:in `each'
/usr/lib/ruby/gems/1.8/gems/rack-1.1.0/lib/rack/urlmap.rb:41:in `call'
/usr/lib/ruby/gems/1.8/gems/rails-2.3.8/lib/rails/rack/log_tailer.rb:17:in `call'
/usr/lib/ruby/gems/1.8/gems/rack-1.1.0/lib/rack/content_length.rb:13:in `call'
/usr/lib/ruby/gems/1.8/gems/rack-1.1.0/lib/rack/handler/webrick.rb:48:in `service'
/usr/lib/ruby/1.8/webrick/httpserver.rb:104:in `service'
/usr/lib/ruby/1.8/webrick/httpserver.rb:65:in `run'
/usr/lib/ruby/1.8/webrick/server.rb:173:in `start_thread'
/usr/lib/ruby/1.8/webrick/server.rb:162:in `start'
/usr/lib/ruby/1.8/webrick/server.rb:162:in `start_thread'
/usr/lib/ruby/1.8/webrick/server.rb:95:in `start'
/usr/lib/ruby/1.8/webrick/server.rb:92:in `each'
/usr/lib/ruby/1.8/webrick/server.rb:92:in `start'
/usr/lib/ruby/1.8/webrick/server.rb:23:in `start'
/usr/lib/ruby/1.8/webrick/server.rb:82:in `start'
/usr/lib/ruby/gems/1.8/gems/rack-1.1.0/lib/rack/handler/webrick.rb:14:in `run'
/usr/lib/ruby/gems/1.8/gems/rails-2.3.8/lib/commands/server.rb:111
/usr/local/lib/site_ruby/1.8/rubygems/custom_require.rb:31:in `gem_original_require'
/usr/local/lib/site_ruby/1.8/rubygems/custom_require.rb:31:in `require'
script/server:3

ActionView::TemplateError (compile error
/home/peter/software development/ruby/findfile/app/views/findfile/fileseek.html.erb:5: syntax error, unexpected kEND, expecting ')'
;  end ; @output_buffer.concat " \n"
      ^
/home/peter/software development/ruby/findfile/app/views/findfile/fileseek.html.erb:7: syntax error, unexpected kENSURE, expecting ')'
/home/peter/software development/ruby/findfile/app/views/findfile/fileseek.html.erb:9: syntax error, unexpected kEND, expecting ')') on line #5 of app/views/findfile/fileseek.html.erb:
2: <% @files.each_key do |file| %> 
3: <tr> 
4:   <td><%= #{dpath} %></td> 
5: </tr> <% end %> 

    app/views/findfile/fileseek.html.erb:9:in `compile!'
    /usr/lib/ruby/1.8/webrick/httpserver.rb:104:in `service'
    /usr/lib/ruby/1.8/webrick/httpserver.rb:65:in `run'
    /usr/lib/ruby/1.8/webrick/server.rb:173:in `start_thread'
    /usr/lib/ruby/1.8/webrick/server.rb:162:in `start'
    /usr/lib/ruby/1.8/webrick/server.rb:162:in `start_thread'
    /usr/lib/ruby/1.8/webrick/server.rb:95:in `start'
    /usr/lib/ruby/1.8/webrick/server.rb:92:in `each'
    /usr/lib/ruby/1.8/webrick/server.rb:92:in `start'
    /usr/lib/ruby/1.8/webrick/server.rb:23:in `start'
    /usr/lib/ruby/1.8/webrick/server.rb:82:in `start'

Rendered rescues/_trace (100.8ms)
Rendered rescues/_request_and_response (2.2ms)
Rendering rescues/layout (internal_server_error)
  [4;35;1mSQL (0.1ms)[0m   [0mSET NAMES 'utf8'[0m
  [4;36;1mSQL (0.1ms)[0m   [0;1mSET SQL_AUTO_IS_NULL=0[0m


Processing FindfileController#fileseek (for 127.0.0.1 at 2010-11-01 15:21:21) [POST]
  Parameters: {"findfile"=>{"@searchPoint"=>"/home/peter"}, "commit"=>"Search files", "extension"=>{"selected_ids"=>["1", "2", "3", "4", "5", "6", "7", "8"]}, "authenticity_token"=>"rt1W82KL27jVI20XtQaNYEddseoV9dXEi2LVi3JF2f0="}
Rendering template within layouts/application
Rendering findfile/fileseek
ERROR: compiling _run_erb_app47views47findfile47fileseek46html46erb RAISED compile error
/home/peter/software development/ruby/findfile/app/views/findfile/fileseek.html.erb:5: syntax error, unexpected kEND, expecting ')'
;  end ; @output_buffer.concat " \n"
      ^
/home/peter/software development/ruby/findfile/app/views/findfile/fileseek.html.erb:7: syntax error, unexpected kENSURE, expecting ')'
/home/peter/software development/ruby/findfile/app/views/findfile/fileseek.html.erb:9: syntax error, unexpected kEND, expecting ')'
Function body:           def _run_erb_app47views47findfile47fileseek46html46erb(local_assigns)
            old_output_buffer = output_buffer;;@output_buffer = '';  __in_erb_template=true ; @output_buffer.concat "<h1>Hi!!</h1>\n"
;  @files.each_key do |file| ; @output_buffer.concat " \n<tr> \n  <td>"

; @output_buffer.concat(( #{file} ).to_s); @output_buffer.concat "</td> \n</tr> "
;  end ; @output_buffer.concat " \n"
; @output_buffer
          ensure
            self.output_buffer = old_output_buffer
          end
Backtrace: /home/peter/software development/ruby/findfile/app/views/findfile/fileseek.html.erb:9:in `compile!'
/usr/lib/ruby/gems/1.8/gems/actionpack-2.3.8/lib/action_view/renderable.rb:61:in `compile'
/usr/lib/ruby/gems/1.8/gems/actionpack-2.3.8/lib/action_view/renderable.rb:28:in `render'
/usr/lib/ruby/gems/1.8/gems/actionpack-2.3.8/lib/action_view/template.rb:205:in `render_template'
/usr/lib/ruby/gems/1.8/gems/actionpack-2.3.8/lib/action_view/base.rb:265:in `render'
/usr/lib/ruby/gems/1.8/gems/actionpack-2.3.8/lib/action_view/base.rb:348:in `_render_with_layout'
/usr/lib/ruby/gems/1.8/gems/actionpack-2.3.8/lib/action_view/base.rb:262:in `render'
/usr/lib/ruby/gems/1.8/gems/actionpack-2.3.8/lib/action_controller/base.rb:1250:in `render_for_file'
/usr/lib/ruby/gems/1.8/gems/actionpack-2.3.8/lib/action_controller/base.rb:936:in `render_without_benchmark'
/usr/lib/ruby/gems/1.8/gems/actionpack-2.3.8/lib/action_controller/benchmarking.rb:51:in `render'
/usr/lib/ruby/gems/1.8/gems/activesupport-2.3.8/lib/active_support/core_ext/benchmark.rb:17:in `ms'
/usr/lib/ruby/1.8/benchmark.rb:308:in `realtime'
/usr/lib/ruby/gems/1.8/gems/activesupport-2.3.8/lib/active_support/core_ext/benchmark.rb:17:in `ms'
/usr/lib/ruby/gems/1.8/gems/actionpack-2.3.8/lib/action_controller/benchmarking.rb:51:in `render'
/usr/lib/ruby/gems/1.8/gems/actionpack-2.3.8/lib/action_controller/base.rb:1326:in `default_render'
/usr/lib/ruby/gems/1.8/gems/actionpack-2.3.8/lib/action_controller/base.rb:1332:in `perform_action_without_filters'
/usr/lib/ruby/gems/1.8/gems/actionpack-2.3.8/lib/action_controller/filters.rb:617:in `call_filters'
/usr/lib/ruby/gems/1.8/gems/actionpack-2.3.8/lib/action_controller/filters.rb:610:in `perform_action_without_benchmark'
/usr/lib/ruby/gems/1.8/gems/actionpack-2.3.8/lib/action_controller/benchmarking.rb:68:in `perform_action_without_rescue'
/usr/lib/ruby/gems/1.8/gems/activesupport-2.3.8/lib/active_support/core_ext/benchmark.rb:17:in `ms'
/usr/lib/ruby/1.8/benchmark.rb:308:in `realtime'
/usr/lib/ruby/gems/1.8/gems/activesupport-2.3.8/lib/active_support/core_ext/benchmark.rb:17:in `ms'
/usr/lib/ruby/gems/1.8/gems/actionpack-2.3.8/lib/action_controller/benchmarking.rb:68:in `perform_action_without_rescue'
/usr/lib/ruby/gems/1.8/gems/actionpack-2.3.8/lib/action_controller/rescue.rb:160:in `perform_action_without_flash'
/usr/lib/ruby/gems/1.8/gems/actionpack-2.3.8/lib/action_controller/flash.rb:151:in `perform_action'
/usr/lib/ruby/gems/1.8/gems/actionpack-2.3.8/lib/action_controller/base.rb:532:in `send'
/usr/lib/ruby/gems/1.8/gems/actionpack-2.3.8/lib/action_controller/base.rb:532:in `process_without_filters'
/usr/lib/ruby/gems/1.8/gems/actionpack-2.3.8/lib/action_controller/filters.rb:606:in `process'
/usr/lib/ruby/gems/1.8/gems/actionpack-2.3.8/lib/action_controller/base.rb:391:in `process'
/usr/lib/ruby/gems/1.8/gems/actionpack-2.3.8/lib/action_controller/base.rb:386:in `call'
/usr/lib/ruby/gems/1.8/gems/actionpack-2.3.8/lib/action_controller/routing/route_set.rb:438:in `call'
/usr/lib/ruby/gems/1.8/gems/actionpack-2.3.8/lib/action_controller/dispatcher.rb:87:in `dispatch'
/usr/lib/ruby/gems/1.8/gems/actionpack-2.3.8/lib/action_controller/dispatcher.rb:121:in `_call'
/usr/lib/ruby/gems/1.8/gems/actionpack-2.3.8/lib/action_controller/dispatcher.rb:130
/usr/lib/ruby/gems/1.8/gems/activerecord-2.3.8/lib/active_record/query_cache.rb:29:in `call'
/usr/lib/ruby/gems/1.8/gems/activerecord-2.3.8/lib/active_record/query_cache.rb:29:in `call'
/usr/lib/ruby/gems/1.8/gems/activerecord-2.3.8/lib/active_record/connection_adapters/abstract/query_cache.rb:34:in `cache'
/usr/lib/ruby/gems/1.8/gems/activerecord-2.3.8/lib/active_record/query_cache.rb:9:in `cache'
/usr/lib/ruby/gems/1.8/gems/activerecord-2.3.8/lib/active_record/query_cache.rb:28:in `call'
/usr/lib/ruby/gems/1.8/gems/activerecord-2.3.8/lib/active_record/connection_adapters/abstract/connection_pool.rb:361:in `call'
/usr/lib/ruby/gems/1.8/gems/actionpack-2.3.8/lib/action_controller/string_coercion.rb:25:in `call'
/usr/lib/ruby/gems/1.8/gems/rack-1.1.0/lib/rack/head.rb:9:in `call'
/usr/lib/ruby/gems/1.8/gems/rack-1.1.0/lib/rack/methodoverride.rb:24:in `call'
/usr/lib/ruby/gems/1.8/gems/actionpack-2.3.8/lib/action_controller/params_parser.rb:15:in `call'
/usr/lib/ruby/gems/1.8/gems/actionpack-2.3.8/lib/action_controller/session/cookie_store.rb:99:in `call'
/usr/lib/ruby/gems/1.8/gems/actionpack-2.3.8/lib/action_controller/failsafe.rb:26:in `call'
/usr/lib/ruby/gems/1.8/gems/rack-1.1.0/lib/rack/lock.rb:11:in `call'
/usr/lib/ruby/gems/1.8/gems/rack-1.1.0/lib/rack/lock.rb:11:in `synchronize'
/usr/lib/ruby/gems/1.8/gems/rack-1.1.0/lib/rack/lock.rb:11:in `call'
/usr/lib/ruby/gems/1.8/gems/actionpack-2.3.8/lib/action_controller/dispatcher.rb:114:in `call'
/usr/lib/ruby/gems/1.8/gems/actionpack-2.3.8/lib/action_controller/reloader.rb:34:in `run'
/usr/lib/ruby/gems/1.8/gems/actionpack-2.3.8/lib/action_controller/dispatcher.rb:108:in `call'
/usr/lib/ruby/gems/1.8/gems/rails-2.3.8/lib/rails/rack/static.rb:31:in `call'
/usr/lib/ruby/gems/1.8/gems/rack-1.1.0/lib/rack/urlmap.rb:47:in `call'
/usr/lib/ruby/gems/1.8/gems/rack-1.1.0/lib/rack/urlmap.rb:41:in `each'
/usr/lib/ruby/gems/1.8/gems/rack-1.1.0/lib/rack/urlmap.rb:41:in `call'
/usr/lib/ruby/gems/1.8/gems/rails-2.3.8/lib/rails/rack/log_tailer.rb:17:in `call'
/usr/lib/ruby/gems/1.8/gems/rack-1.1.0/lib/rack/content_length.rb:13:in `call'
/usr/lib/ruby/gems/1.8/gems/rack-1.1.0/lib/rack/handler/webrick.rb:48:in `service'
/usr/lib/ruby/1.8/webrick/httpserver.rb:104:in `service'
/usr/lib/ruby/1.8/webrick/httpserver.rb:65:in `run'
/usr/lib/ruby/1.8/webrick/server.rb:173:in `start_thread'
/usr/lib/ruby/1.8/webrick/server.rb:162:in `start'
/usr/lib/ruby/1.8/webrick/server.rb:162:in `start_thread'
/usr/lib/ruby/1.8/webrick/server.rb:95:in `start'
/usr/lib/ruby/1.8/webrick/server.rb:92:in `each'
/usr/lib/ruby/1.8/webrick/server.rb:92:in `start'
/usr/lib/ruby/1.8/webrick/server.rb:23:in `start'
/usr/lib/ruby/1.8/webrick/server.rb:82:in `start'
/usr/lib/ruby/gems/1.8/gems/rack-1.1.0/lib/rack/handler/webrick.rb:14:in `run'
/usr/lib/ruby/gems/1.8/gems/rails-2.3.8/lib/commands/server.rb:111
/usr/local/lib/site_ruby/1.8/rubygems/custom_require.rb:31:in `gem_original_require'
/usr/local/lib/site_ruby/1.8/rubygems/custom_require.rb:31:in `require'
script/server:3

ActionView::TemplateError (compile error
/home/peter/software development/ruby/findfile/app/views/findfile/fileseek.html.erb:5: syntax error, unexpected kEND, expecting ')'
;  end ; @output_buffer.concat " \n"
      ^
/home/peter/software development/ruby/findfile/app/views/findfile/fileseek.html.erb:7: syntax error, unexpected kENSURE, expecting ')'
/home/peter/software development/ruby/findfile/app/views/findfile/fileseek.html.erb:9: syntax error, unexpected kEND, expecting ')') on line #5 of app/views/findfile/fileseek.html.erb:
2: <% @files.each_key do |file| %> 
3: <tr> 
4:   <td><%= #{file} %></td> 
5: </tr> <% end %> 

    app/views/findfile/fileseek.html.erb:9:in `compile!'
    /usr/lib/ruby/1.8/webrick/httpserver.rb:104:in `service'
    /usr/lib/ruby/1.8/webrick/httpserver.rb:65:in `run'
    /usr/lib/ruby/1.8/webrick/server.rb:173:in `start_thread'
    /usr/lib/ruby/1.8/webrick/server.rb:162:in `start'
    /usr/lib/ruby/1.8/webrick/server.rb:162:in `start_thread'
    /usr/lib/ruby/1.8/webrick/server.rb:95:in `start'
    /usr/lib/ruby/1.8/webrick/server.rb:92:in `each'
    /usr/lib/ruby/1.8/webrick/server.rb:92:in `start'
    /usr/lib/ruby/1.8/webrick/server.rb:23:in `start'
    /usr/lib/ruby/1.8/webrick/server.rb:82:in `start'

Rendered rescues/_trace (109.3ms)
Rendered rescues/_request_and_response (0.5ms)
Rendering rescues/layout (internal_server_error)
  [4;35;1mSQL (0.1ms)[0m   [0mSET NAMES 'utf8'[0m
  [4;36;1mSQL (0.1ms)[0m   [0;1mSET SQL_AUTO_IS_NULL=0[0m


Processing FindfileController#fileseek (for 127.0.0.1 at 2010-11-01 15:22:42) [POST]
  Parameters: {"findfile"=>{"@searchPoint"=>"/home/peter"}, "commit"=>"Search files", "extension"=>{"selected_ids"=>["1", "2", "3", "4", "5", "6", "7", "8"]}, "authenticity_token"=>"rt1W82KL27jVI20XtQaNYEddseoV9dXEi2LVi3JF2f0="}
Rendering template within layouts/application
Rendering findfile/fileseek
ERROR: compiling _run_erb_app47views47findfile47fileseek46html46erb RAISED compile error
/home/peter/software development/ruby/findfile/app/views/findfile/fileseek.html.erb:6: syntax error, unexpected kEND, expecting ')'
;  end ; @output_buffer.concat " \n</table> \n"
      ^
/home/peter/software development/ruby/findfile/app/views/findfile/fileseek.html.erb:9: syntax error, unexpected kENSURE, expecting ')'
/home/peter/software development/ruby/findfile/app/views/findfile/fileseek.html.erb:11: syntax error, unexpected kEND, expecting ')'
Function body:           def _run_erb_app47views47findfile47fileseek46html46erb(local_assigns)
            old_output_buffer = output_buffer;;@output_buffer = '';  __in_erb_template=true ; @output_buffer.concat "<h1>Hi!!</h1>\n<table> \n"

;  @files.each_key do |file| ; @output_buffer.concat " \n<tr> \n  <td>"

; @output_buffer.concat(( #{file} ).to_s); @output_buffer.concat "</td> \n</tr> "
;  end ; @output_buffer.concat " \n</table> \n"

; @output_buffer
          ensure
            self.output_buffer = old_output_buffer
          end
Backtrace: /home/peter/software development/ruby/findfile/app/views/findfile/fileseek.html.erb:11:in `compile!'
/usr/lib/ruby/gems/1.8/gems/actionpack-2.3.8/lib/action_view/renderable.rb:61:in `compile'
/usr/lib/ruby/gems/1.8/gems/actionpack-2.3.8/lib/action_view/renderable.rb:28:in `render'
/usr/lib/ruby/gems/1.8/gems/actionpack-2.3.8/lib/action_view/template.rb:205:in `render_template'
/usr/lib/ruby/gems/1.8/gems/actionpack-2.3.8/lib/action_view/base.rb:265:in `render'
/usr/lib/ruby/gems/1.8/gems/actionpack-2.3.8/lib/action_view/base.rb:348:in `_render_with_layout'
/usr/lib/ruby/gems/1.8/gems/actionpack-2.3.8/lib/action_view/base.rb:262:in `render'
/usr/lib/ruby/gems/1.8/gems/actionpack-2.3.8/lib/action_controller/base.rb:1250:in `render_for_file'
/usr/lib/ruby/gems/1.8/gems/actionpack-2.3.8/lib/action_controller/base.rb:936:in `render_without_benchmark'
/usr/lib/ruby/gems/1.8/gems/actionpack-2.3.8/lib/action_controller/benchmarking.rb:51:in `render'
/usr/lib/ruby/gems/1.8/gems/activesupport-2.3.8/lib/active_support/core_ext/benchmark.rb:17:in `ms'
/usr/lib/ruby/1.8/benchmark.rb:308:in `realtime'
/usr/lib/ruby/gems/1.8/gems/activesupport-2.3.8/lib/active_support/core_ext/benchmark.rb:17:in `ms'
/usr/lib/ruby/gems/1.8/gems/actionpack-2.3.8/lib/action_controller/benchmarking.rb:51:in `render'
/usr/lib/ruby/gems/1.8/gems/actionpack-2.3.8/lib/action_controller/base.rb:1326:in `default_render'
/usr/lib/ruby/gems/1.8/gems/actionpack-2.3.8/lib/action_controller/base.rb:1332:in `perform_action_without_filters'
/usr/lib/ruby/gems/1.8/gems/actionpack-2.3.8/lib/action_controller/filters.rb:617:in `call_filters'
/usr/lib/ruby/gems/1.8/gems/actionpack-2.3.8/lib/action_controller/filters.rb:610:in `perform_action_without_benchmark'
/usr/lib/ruby/gems/1.8/gems/actionpack-2.3.8/lib/action_controller/benchmarking.rb:68:in `perform_action_without_rescue'
/usr/lib/ruby/gems/1.8/gems/activesupport-2.3.8/lib/active_support/core_ext/benchmark.rb:17:in `ms'
/usr/lib/ruby/1.8/benchmark.rb:308:in `realtime'
/usr/lib/ruby/gems/1.8/gems/activesupport-2.3.8/lib/active_support/core_ext/benchmark.rb:17:in `ms'
/usr/lib/ruby/gems/1.8/gems/actionpack-2.3.8/lib/action_controller/benchmarking.rb:68:in `perform_action_without_rescue'
/usr/lib/ruby/gems/1.8/gems/actionpack-2.3.8/lib/action_controller/rescue.rb:160:in `perform_action_without_flash'
/usr/lib/ruby/gems/1.8/gems/actionpack-2.3.8/lib/action_controller/flash.rb:151:in `perform_action'
/usr/lib/ruby/gems/1.8/gems/actionpack-2.3.8/lib/action_controller/base.rb:532:in `send'
/usr/lib/ruby/gems/1.8/gems/actionpack-2.3.8/lib/action_controller/base.rb:532:in `process_without_filters'
/usr/lib/ruby/gems/1.8/gems/actionpack-2.3.8/lib/action_controller/filters.rb:606:in `process'
/usr/lib/ruby/gems/1.8/gems/actionpack-2.3.8/lib/action_controller/base.rb:391:in `process'
/usr/lib/ruby/gems/1.8/gems/actionpack-2.3.8/lib/action_controller/base.rb:386:in `call'
/usr/lib/ruby/gems/1.8/gems/actionpack-2.3.8/lib/action_controller/routing/route_set.rb:438:in `call'
/usr/lib/ruby/gems/1.8/gems/actionpack-2.3.8/lib/action_controller/dispatcher.rb:87:in `dispatch'
/usr/lib/ruby/gems/1.8/gems/actionpack-2.3.8/lib/action_controller/dispatcher.rb:121:in `_call'
/usr/lib/ruby/gems/1.8/gems/actionpack-2.3.8/lib/action_controller/dispatcher.rb:130
/usr/lib/ruby/gems/1.8/gems/activerecord-2.3.8/lib/active_record/query_cache.rb:29:in `call'
/usr/lib/ruby/gems/1.8/gems/activerecord-2.3.8/lib/active_record/query_cache.rb:29:in `call'
/usr/lib/ruby/gems/1.8/gems/activerecord-2.3.8/lib/active_record/connection_adapters/abstract/query_cache.rb:34:in `cache'
/usr/lib/ruby/gems/1.8/gems/activerecord-2.3.8/lib/active_record/query_cache.rb:9:in `cache'
/usr/lib/ruby/gems/1.8/gems/activerecord-2.3.8/lib/active_record/query_cache.rb:28:in `call'
/usr/lib/ruby/gems/1.8/gems/activerecord-2.3.8/lib/active_record/connection_adapters/abstract/connection_pool.rb:361:in `call'
/usr/lib/ruby/gems/1.8/gems/actionpack-2.3.8/lib/action_controller/string_coercion.rb:25:in `call'
/usr/lib/ruby/gems/1.8/gems/rack-1.1.0/lib/rack/head.rb:9:in `call'
/usr/lib/ruby/gems/1.8/gems/rack-1.1.0/lib/rack/methodoverride.rb:24:in `call'
/usr/lib/ruby/gems/1.8/gems/actionpack-2.3.8/lib/action_controller/params_parser.rb:15:in `call'
/usr/lib/ruby/gems/1.8/gems/actionpack-2.3.8/lib/action_controller/session/cookie_store.rb:99:in `call'
/usr/lib/ruby/gems/1.8/gems/actionpack-2.3.8/lib/action_controller/failsafe.rb:26:in `call'
/usr/lib/ruby/gems/1.8/gems/rack-1.1.0/lib/rack/lock.rb:11:in `call'
/usr/lib/ruby/gems/1.8/gems/rack-1.1.0/lib/rack/lock.rb:11:in `synchronize'
/usr/lib/ruby/gems/1.8/gems/rack-1.1.0/lib/rack/lock.rb:11:in `call'
/usr/lib/ruby/gems/1.8/gems/actionpack-2.3.8/lib/action_controller/dispatcher.rb:114:in `call'
/usr/lib/ruby/gems/1.8/gems/actionpack-2.3.8/lib/action_controller/reloader.rb:34:in `run'
/usr/lib/ruby/gems/1.8/gems/actionpack-2.3.8/lib/action_controller/dispatcher.rb:108:in `call'
/usr/lib/ruby/gems/1.8/gems/rails-2.3.8/lib/rails/rack/static.rb:31:in `call'
/usr/lib/ruby/gems/1.8/gems/rack-1.1.0/lib/rack/urlmap.rb:47:in `call'
/usr/lib/ruby/gems/1.8/gems/rack-1.1.0/lib/rack/urlmap.rb:41:in `each'
/usr/lib/ruby/gems/1.8/gems/rack-1.1.0/lib/rack/urlmap.rb:41:in `call'
/usr/lib/ruby/gems/1.8/gems/rails-2.3.8/lib/rails/rack/log_tailer.rb:17:in `call'
/usr/lib/ruby/gems/1.8/gems/rack-1.1.0/lib/rack/content_length.rb:13:in `call'
/usr/lib/ruby/gems/1.8/gems/rack-1.1.0/lib/rack/handler/webrick.rb:48:in `service'
/usr/lib/ruby/1.8/webrick/httpserver.rb:104:in `service'
/usr/lib/ruby/1.8/webrick/httpserver.rb:65:in `run'
/usr/lib/ruby/1.8/webrick/server.rb:173:in `start_thread'
/usr/lib/ruby/1.8/webrick/server.rb:162:in `start'
/usr/lib/ruby/1.8/webrick/server.rb:162:in `start_thread'
/usr/lib/ruby/1.8/webrick/server.rb:95:in `start'
/usr/lib/ruby/1.8/webrick/server.rb:92:in `each'
/usr/lib/ruby/1.8/webrick/server.rb:92:in `start'
/usr/lib/ruby/1.8/webrick/server.rb:23:in `start'
/usr/lib/ruby/1.8/webrick/server.rb:82:in `start'
/usr/lib/ruby/gems/1.8/gems/rack-1.1.0/lib/rack/handler/webrick.rb:14:in `run'
/usr/lib/ruby/gems/1.8/gems/rails-2.3.8/lib/commands/server.rb:111
/usr/local/lib/site_ruby/1.8/rubygems/custom_require.rb:31:in `gem_original_require'
/usr/local/lib/site_ruby/1.8/rubygems/custom_require.rb:31:in `require'
script/server:3

ActionView::TemplateError (compile error
/home/peter/software development/ruby/findfile/app/views/findfile/fileseek.html.erb:6: syntax error, unexpected kEND, expecting ')'
;  end ; @output_buffer.concat " \n</table> \n"
      ^
/home/peter/software development/ruby/findfile/app/views/findfile/fileseek.html.erb:9: syntax error, unexpected kENSURE, expecting ')'
/home/peter/software development/ruby/findfile/app/views/findfile/fileseek.html.erb:11: syntax error, unexpected kEND, expecting ')') on line #6 of app/views/findfile/fileseek.html.erb:
3: <% @files.each_key do |file| %> 
4: <tr> 
5:   <td><%= #{file} %></td> 
6: </tr> <% end %> 
7: </table> 

    app/views/findfile/fileseek.html.erb:11:in `compile!'
    /usr/lib/ruby/1.8/webrick/httpserver.rb:104:in `service'
    /usr/lib/ruby/1.8/webrick/httpserver.rb:65:in `run'
    /usr/lib/ruby/1.8/webrick/server.rb:173:in `start_thread'
    /usr/lib/ruby/1.8/webrick/server.rb:162:in `start'
    /usr/lib/ruby/1.8/webrick/server.rb:162:in `start_thread'
    /usr/lib/ruby/1.8/webrick/server.rb:95:in `start'
    /usr/lib/ruby/1.8/webrick/server.rb:92:in `each'
    /usr/lib/ruby/1.8/webrick/server.rb:92:in `start'
    /usr/lib/ruby/1.8/webrick/server.rb:23:in `start'
    /usr/lib/ruby/1.8/webrick/server.rb:82:in `start'

Rendered rescues/_trace (105.4ms)
Rendered rescues/_request_and_response (0.5ms)
Rendering rescues/layout (internal_server_error)
  [4;35;1mSQL (0.1ms)[0m   [0mSET NAMES 'utf8'[0m
  [4;36;1mSQL (0.1ms)[0m   [0;1mSET SQL_AUTO_IS_NULL=0[0m


Processing FindfileController#index (for 127.0.0.1 at 2010-11-01 15:23:04) [GET]
  [4;35;1mExtension Load (0.1ms)[0m   [0mSELECT * FROM `extensions` [0m
  [4;36;1mExtension Columns (0.9ms)[0m   [0;1mSHOW FIELDS FROM `extensions`[0m
Rendering template within layouts/application
Rendering findfile/index
  [4;35;1mCACHE (0.0ms)[0m   [0mSELECT * FROM `extensions` [0m
Completed in 13ms (View: 5, DB: 1) | 200 OK [http://0.0.0.0/findfile]
  [4;36;1mSQL (0.2ms)[0m   [0;1mSET NAMES 'utf8'[0m
  [4;35;1mSQL (0.2ms)[0m   [0mSET SQL_AUTO_IS_NULL=0[0m


Processing FindfileController#fileseek (for 127.0.0.1 at 2010-11-01 15:23:17) [POST]
  Parameters: {"findfile"=>{"@searchPoint"=>"/home/peter/tmp"}, "commit"=>"Search files", "extension"=>{"selected_ids"=>["1", "2", "3", "4", "5", "6", "7", "8"]}, "authenticity_token"=>"rt1W82KL27jVI20XtQaNYEddseoV9dXEi2LVi3JF2f0="}
Rendering template within layouts/application
Rendering findfile/fileseek
ERROR: compiling _run_erb_app47views47findfile47fileseek46html46erb RAISED compile error
/home/peter/software development/ruby/findfile/app/views/findfile/fileseek.html.erb:6: syntax error, unexpected kEND, expecting ')'
;  end ; @output_buffer.concat " \n</table> \n"
      ^
/home/peter/software development/ruby/findfile/app/views/findfile/fileseek.html.erb:9: syntax error, unexpected kENSURE, expecting ')'
/home/peter/software development/ruby/findfile/app/views/findfile/fileseek.html.erb:11: syntax error, unexpected kEND, expecting ')'
Function body:           def _run_erb_app47views47findfile47fileseek46html46erb(local_assigns)
            old_output_buffer = output_buffer;;@output_buffer = '';  __in_erb_template=true ; @output_buffer.concat "<h1>Hi!!</h1>\n<table> \n"

;  @files.each_key do |file| ; @output_buffer.concat " \n<tr> \n  <td>"

; @output_buffer.concat(( #{file} ).to_s); @output_buffer.concat "</td> \n</tr> "
;  end ; @output_buffer.concat " \n</table> \n"

; @output_buffer
          ensure
            self.output_buffer = old_output_buffer
          end
Backtrace: /home/peter/software development/ruby/findfile/app/views/findfile/fileseek.html.erb:11:in `compile!'
/usr/lib/ruby/gems/1.8/gems/actionpack-2.3.8/lib/action_view/renderable.rb:61:in `compile'
/usr/lib/ruby/gems/1.8/gems/actionpack-2.3.8/lib/action_view/renderable.rb:28:in `render'
/usr/lib/ruby/gems/1.8/gems/actionpack-2.3.8/lib/action_view/template.rb:205:in `render_template'
/usr/lib/ruby/gems/1.8/gems/actionpack-2.3.8/lib/action_view/base.rb:265:in `render'
/usr/lib/ruby/gems/1.8/gems/actionpack-2.3.8/lib/action_view/base.rb:348:in `_render_with_layout'
/usr/lib/ruby/gems/1.8/gems/actionpack-2.3.8/lib/action_view/base.rb:262:in `render'
/usr/lib/ruby/gems/1.8/gems/actionpack-2.3.8/lib/action_controller/base.rb:1250:in `render_for_file'
/usr/lib/ruby/gems/1.8/gems/actionpack-2.3.8/lib/action_controller/base.rb:936:in `render_without_benchmark'
/usr/lib/ruby/gems/1.8/gems/actionpack-2.3.8/lib/action_controller/benchmarking.rb:51:in `render'
/usr/lib/ruby/gems/1.8/gems/activesupport-2.3.8/lib/active_support/core_ext/benchmark.rb:17:in `ms'
/usr/lib/ruby/1.8/benchmark.rb:308:in `realtime'
/usr/lib/ruby/gems/1.8/gems/activesupport-2.3.8/lib/active_support/core_ext/benchmark.rb:17:in `ms'
/usr/lib/ruby/gems/1.8/gems/actionpack-2.3.8/lib/action_controller/benchmarking.rb:51:in `render'
/usr/lib/ruby/gems/1.8/gems/actionpack-2.3.8/lib/action_controller/base.rb:1326:in `default_render'
/usr/lib/ruby/gems/1.8/gems/actionpack-2.3.8/lib/action_controller/base.rb:1332:in `perform_action_without_filters'
/usr/lib/ruby/gems/1.8/gems/actionpack-2.3.8/lib/action_controller/filters.rb:617:in `call_filters'
/usr/lib/ruby/gems/1.8/gems/actionpack-2.3.8/lib/action_controller/filters.rb:610:in `perform_action_without_benchmark'
/usr/lib/ruby/gems/1.8/gems/actionpack-2.3.8/lib/action_controller/benchmarking.rb:68:in `perform_action_without_rescue'
/usr/lib/ruby/gems/1.8/gems/activesupport-2.3.8/lib/active_support/core_ext/benchmark.rb:17:in `ms'
/usr/lib/ruby/1.8/benchmark.rb:308:in `realtime'
/usr/lib/ruby/gems/1.8/gems/activesupport-2.3.8/lib/active_support/core_ext/benchmark.rb:17:in `ms'
/usr/lib/ruby/gems/1.8/gems/actionpack-2.3.8/lib/action_controller/benchmarking.rb:68:in `perform_action_without_rescue'
/usr/lib/ruby/gems/1.8/gems/actionpack-2.3.8/lib/action_controller/rescue.rb:160:in `perform_action_without_flash'
/usr/lib/ruby/gems/1.8/gems/actionpack-2.3.8/lib/action_controller/flash.rb:151:in `perform_action'
/usr/lib/ruby/gems/1.8/gems/actionpack-2.3.8/lib/action_controller/base.rb:532:in `send'
/usr/lib/ruby/gems/1.8/gems/actionpack-2.3.8/lib/action_controller/base.rb:532:in `process_without_filters'
/usr/lib/ruby/gems/1.8/gems/actionpack-2.3.8/lib/action_controller/filters.rb:606:in `process'
/usr/lib/ruby/gems/1.8/gems/actionpack-2.3.8/lib/action_controller/base.rb:391:in `process'
/usr/lib/ruby/gems/1.8/gems/actionpack-2.3.8/lib/action_controller/base.rb:386:in `call'
/usr/lib/ruby/gems/1.8/gems/actionpack-2.3.8/lib/action_controller/routing/route_set.rb:438:in `call'
/usr/lib/ruby/gems/1.8/gems/actionpack-2.3.8/lib/action_controller/dispatcher.rb:87:in `dispatch'
/usr/lib/ruby/gems/1.8/gems/actionpack-2.3.8/lib/action_controller/dispatcher.rb:121:in `_call'
/usr/lib/ruby/gems/1.8/gems/actionpack-2.3.8/lib/action_controller/dispatcher.rb:130
/usr/lib/ruby/gems/1.8/gems/activerecord-2.3.8/lib/active_record/query_cache.rb:29:in `call'
/usr/lib/ruby/gems/1.8/gems/activerecord-2.3.8/lib/active_record/query_cache.rb:29:in `call'
/usr/lib/ruby/gems/1.8/gems/activerecord-2.3.8/lib/active_record/connection_adapters/abstract/query_cache.rb:34:in `cache'
/usr/lib/ruby/gems/1.8/gems/activerecord-2.3.8/lib/active_record/query_cache.rb:9:in `cache'
/usr/lib/ruby/gems/1.8/gems/activerecord-2.3.8/lib/active_record/query_cache.rb:28:in `call'
/usr/lib/ruby/gems/1.8/gems/activerecord-2.3.8/lib/active_record/connection_adapters/abstract/connection_pool.rb:361:in `call'
/usr/lib/ruby/gems/1.8/gems/actionpack-2.3.8/lib/action_controller/string_coercion.rb:25:in `call'
/usr/lib/ruby/gems/1.8/gems/rack-1.1.0/lib/rack/head.rb:9:in `call'
/usr/lib/ruby/gems/1.8/gems/rack-1.1.0/lib/rack/methodoverride.rb:24:in `call'
/usr/lib/ruby/gems/1.8/gems/actionpack-2.3.8/lib/action_controller/params_parser.rb:15:in `call'
/usr/lib/ruby/gems/1.8/gems/actionpack-2.3.8/lib/action_controller/session/cookie_store.rb:99:in `call'
/usr/lib/ruby/gems/1.8/gems/actionpack-2.3.8/lib/action_controller/failsafe.rb:26:in `call'
/usr/lib/ruby/gems/1.8/gems/rack-1.1.0/lib/rack/lock.rb:11:in `call'
/usr/lib/ruby/gems/1.8/gems/rack-1.1.0/lib/rack/lock.rb:11:in `synchronize'
/usr/lib/ruby/gems/1.8/gems/rack-1.1.0/lib/rack/lock.rb:11:in `call'
/usr/lib/ruby/gems/1.8/gems/actionpack-2.3.8/lib/action_controller/dispatcher.rb:114:in `call'
/usr/lib/ruby/gems/1.8/gems/actionpack-2.3.8/lib/action_controller/reloader.rb:34:in `run'
/usr/lib/ruby/gems/1.8/gems/actionpack-2.3.8/lib/action_controller/dispatcher.rb:108:in `call'
/usr/lib/ruby/gems/1.8/gems/rails-2.3.8/lib/rails/rack/static.rb:31:in `call'
/usr/lib/ruby/gems/1.8/gems/rack-1.1.0/lib/rack/urlmap.rb:47:in `call'
/usr/lib/ruby/gems/1.8/gems/rack-1.1.0/lib/rack/urlmap.rb:41:in `each'
/usr/lib/ruby/gems/1.8/gems/rack-1.1.0/lib/rack/urlmap.rb:41:in `call'
/usr/lib/ruby/gems/1.8/gems/rails-2.3.8/lib/rails/rack/log_tailer.rb:17:in `call'
/usr/lib/ruby/gems/1.8/gems/rack-1.1.0/lib/rack/content_length.rb:13:in `call'
/usr/lib/ruby/gems/1.8/gems/rack-1.1.0/lib/rack/handler/webrick.rb:48:in `service'
/usr/lib/ruby/1.8/webrick/httpserver.rb:104:in `service'
/usr/lib/ruby/1.8/webrick/httpserver.rb:65:in `run'
/usr/lib/ruby/1.8/webrick/server.rb:173:in `start_thread'
/usr/lib/ruby/1.8/webrick/server.rb:162:in `start'
/usr/lib/ruby/1.8/webrick/server.rb:162:in `start_thread'
/usr/lib/ruby/1.8/webrick/server.rb:95:in `start'
/usr/lib/ruby/1.8/webrick/server.rb:92:in `each'
/usr/lib/ruby/1.8/webrick/server.rb:92:in `start'
/usr/lib/ruby/1.8/webrick/server.rb:23:in `start'
/usr/lib/ruby/1.8/webrick/server.rb:82:in `start'
/usr/lib/ruby/gems/1.8/gems/rack-1.1.0/lib/rack/handler/webrick.rb:14:in `run'
/usr/lib/ruby/gems/1.8/gems/rails-2.3.8/lib/commands/server.rb:111
/usr/local/lib/site_ruby/1.8/rubygems/custom_require.rb:31:in `gem_original_require'
/usr/local/lib/site_ruby/1.8/rubygems/custom_require.rb:31:in `require'
script/server:3

ActionView::TemplateError (compile error
/home/peter/software development/ruby/findfile/app/views/findfile/fileseek.html.erb:6: syntax error, unexpected kEND, expecting ')'
;  end ; @output_buffer.concat " \n</table> \n"
      ^
/home/peter/software development/ruby/findfile/app/views/findfile/fileseek.html.erb:9: syntax error, unexpected kENSURE, expecting ')'
/home/peter/software development/ruby/findfile/app/views/findfile/fileseek.html.erb:11: syntax error, unexpected kEND, expecting ')') on line #6 of app/views/findfile/fileseek.html.erb:
3: <% @files.each_key do |file| %> 
4: <tr> 
5:   <td><%= #{file} %></td> 
6: </tr> <% end %> 
7: </table> 

    app/views/findfile/fileseek.html.erb:11:in `compile!'
    /usr/lib/ruby/1.8/webrick/httpserver.rb:104:in `service'
    /usr/lib/ruby/1.8/webrick/httpserver.rb:65:in `run'
    /usr/lib/ruby/1.8/webrick/server.rb:173:in `start_thread'
    /usr/lib/ruby/1.8/webrick/server.rb:162:in `start'
    /usr/lib/ruby/1.8/webrick/server.rb:162:in `start_thread'
    /usr/lib/ruby/1.8/webrick/server.rb:95:in `start'
    /usr/lib/ruby/1.8/webrick/server.rb:92:in `each'
    /usr/lib/ruby/1.8/webrick/server.rb:92:in `start'
    /usr/lib/ruby/1.8/webrick/server.rb:23:in `start'
    /usr/lib/ruby/1.8/webrick/server.rb:82:in `start'

Rendered rescues/_trace (40.2ms)
Rendered rescues/_request_and_response (0.5ms)
Rendering rescues/layout (internal_server_error)
  [4;36;1mSQL (0.1ms)[0m   [0;1mSET NAMES 'utf8'[0m
  [4;35;1mSQL (0.1ms)[0m   [0mSET SQL_AUTO_IS_NULL=0[0m


Processing FindfileController#fileseek (for 127.0.0.1 at 2010-11-01 15:24:26) [POST]
  Parameters: {"findfile"=>{"@searchPoint"=>"/home/peter/tmp"}, "commit"=>"Search files", "extension"=>{"selected_ids"=>["1", "2", "3", "4", "5", "6", "7", "8"]}, "authenticity_token"=>"rt1W82KL27jVI20XtQaNYEddseoV9dXEi2LVi3JF2f0="}
Rendering template within layouts/application
Rendering findfile/fileseek
Completed in 20ms (View: 7, DB: 0) | 200 OK [http://0.0.0.0/findfile/fileseek]
  [4;36;1mSQL (0.1ms)[0m   [0;1mSET NAMES 'utf8'[0m
  [4;35;1mSQL (0.1ms)[0m   [0mSET SQL_AUTO_IS_NULL=0[0m


Processing FindfileController#fileseek (for 127.0.0.1 at 2010-11-01 15:24:40) [POST]
  Parameters: {"findfile"=>{"@searchPoint"=>"/home/peter"}, "commit"=>"Search files", "extension"=>{"selected_ids"=>["1", "2", "3", "4", "5", "6", "7", "8"]}, "authenticity_token"=>"rt1W82KL27jVI20XtQaNYEddseoV9dXEi2LVi3JF2f0="}
Rendering template within layouts/application
Rendering findfile/fileseek
Completed in 3771ms (View: 13, DB: 0) | 200 OK [http://0.0.0.0/findfile/fileseek]
  [4;36;1mSQL (0.2ms)[0m   [0;1mSET NAMES 'utf8'[0m
  [4;35;1mSQL (0.1ms)[0m   [0mSET SQL_AUTO_IS_NULL=0[0m


Processing FindfileController#fileseek (for 127.0.0.1 at 2010-11-01 15:34:58) [POST]
  Parameters: {"findfile"=>{"@searchPoint"=>"/home/peter"}, "commit"=>"Search files", "extension"=>{"selected_ids"=>["1", "2", "3", "4", "5", "6", "7", "8"]}, "authenticity_token"=>"rt1W82KL27jVI20XtQaNYEddseoV9dXEi2LVi3JF2f0="}
Rendering template within layouts/application
Rendering findfile/fileseek
Completed in 3870ms (View: 23, DB: 0) | 200 OK [http://0.0.0.0/findfile/fileseek]
  [4;36;1mSQL (0.1ms)[0m   [0;1mSET NAMES 'utf8'[0m
  [4;35;1mSQL (0.1ms)[0m   [0mSET SQL_AUTO_IS_NULL=0[0m


Processing FindfileController#index (for 127.0.0.1 at 2010-11-01 15:37:50) [GET]
  [4;36;1mExtension Load (0.1ms)[0m   [0;1mSELECT * FROM `extensions` [0m
  [4;35;1mExtension Columns (0.6ms)[0m   [0mSHOW FIELDS FROM `extensions`[0m
Rendering template within layouts/application
Rendering findfile/index
  [4;36;1mCACHE (0.0ms)[0m   [0;1mSELECT * FROM `extensions` [0m
Completed in 17ms (View: 9, DB: 1) | 200 OK [http://0.0.0.0/findfile]
  [4;35;1mSQL (0.1ms)[0m   [0mSET NAMES 'utf8'[0m
  [4;36;1mSQL (0.1ms)[0m   [0;1mSET SQL_AUTO_IS_NULL=0[0m


Processing FindfileController#fileseek (for 127.0.0.1 at 2010-11-01 15:37:57) [POST]
  Parameters: {"findfile"=>{"@searchPoint"=>"/home/peter"}, "commit"=>"Search files", "extension"=>{"selected_ids"=>["1", "2", "3", "4", "5", "6", "7", "8"]}, "authenticity_token"=>"rt1W82KL27jVI20XtQaNYEddseoV9dXEi2LVi3JF2f0="}
Rendering template within layouts/application
Rendering findfile/fileseek
Completed in 3279ms (View: 18, DB: 0) | 200 OK [http://0.0.0.0/findfile/fileseek]
